[I 2023-04-16 21:18:45,238] Trial 118 finished with value: 0.6203278169720734 and parameters: {'svc_c': 55064571.38154737, 'ngram_range_max': 3, 'max_df': 0.7771436675004549, 'min_df': 0.007191746510016483, 'dual': False, 'max_iter': 3286}. Best is trial 79 with value: 0.6340700859031053.
D:\vkr_folder\venv\lib\site-packages\sklearn\svm\_base.py:1244: ConvergenceWarning: Liblinear failed to converge, increase the number of iterations.
  warnings.warn(
D:\vkr_folder\venv\lib\site-packages\sklearn\svm\_base.py:1244: ConvergenceWarning: Liblinear failed to converge, increase the number of iterations.
  warnings.warn(
D:\vkr_folder\venv\lib\site-packages\sklearn\svm\_base.py:1244: ConvergenceWarning: Liblinear failed to converge, increase the number of iterations.
  warnings.warn(
D:\vkr_folder\venv\lib\site-packages\sklearn\svm\_base.py:1244: ConvergenceWarning: Liblinear failed to converge, increase the number of iterations.
  warnings.warn(
D:\vkr_folder\venv\lib\site-packages\sklearn\svm\_base.py:1244: ConvergenceWarning: Liblinear failed to converge, increase the number of iterations.
  warnings.warn(
[I 2023-04-16 21:18:55,803] Trial 119 finished with value: 0.5276308966285732 and parameters: {'svc_c': 9846495467.901178, 'ngram_range_max': 2, 'max_df': 0.850088568708167, 'min_df': 0.008911517275957584, 'dual': True, 'max_iter': 4824}. Best is trial 79 with value: 0.6340700859031053.
[I 2023-04-16 21:18:57,450] Trial 120 finished with value: 0.6075938850349522 and parameters: {'svc_c': 157912755.85518137, 'ngram_range_max': 2, 'max_df': 0.8003023123242236, 'min_df': 0.013207803454822722, 'dual': False, 'max_iter': 3443}. Best is trial 79 with value: 0.6340700859031053.
[I 2023-04-16 21:18:59,644] Trial 121 finished with value: 0.6227561655582019 and parameters: {'svc_c': 1099641478.2572556, 'ngram_range_max': 2, 'max_df': 0.8263649013879082, 'min_df': 0.006715073850781959, 'dual': False, 'max_iter': 4431}. Best is trial 79 with value: 0.6340700859031053.
[I 2023-04-16 21:19:01,921] Trial 122 finished with value: 0.6289172328281503 and parameters: {'svc_c': 3480989712.460661, 'ngram_range_max': 2, 'max_df': 0.8259646196761061, 'min_df': 0.005583322452037925, 'dual': False, 'max_iter': 4155}. Best is trial 79 with value: 0.6340700859031053.
[I 2023-04-16 21:19:04,765] Trial 123 finished with value: 0.6328856026339316 and parameters: {'svc_c': 1010594756.1221824, 'ngram_range_max': 2, 'max_df': 0.8173378486284497, 'min_df': 0.005159376238487083, 'dual': False, 'max_iter': 4718}. Best is trial 79 with value: 0.6340700859031053.
[I 2023-04-16 21:19:06,695] Trial 124 finished with value: 0.6210390156719487 and parameters: {'svc_c': 466962265.1322059, 'ngram_range_max': 2, 'max_df': 0.8143406654466763, 'min_df': 0.008709657954697733, 'dual': False, 'max_iter': 4696}. Best is trial 79 with value: 0.6340700859031053.
[I 2023-04-16 21:19:08,577] Trial 125 finished with value: 0.6158269910616423 and parameters: {'svc_c': 48263097.99733287, 'ngram_range_max': 2, 'max_df': 0.8054434768928747, 'min_df': 0.011721797441942622, 'dual': False, 'max_iter': 4987}. Best is trial 79 with value: 0.6340700859031053.
[I 2023-04-16 21:19:10,771] Trial 126 finished with value: 0.6214534093891351 and parameters: {'svc_c': 2788054455.282438, 'ngram_range_max': 2, 'max_df': 0.7906747666869686, 'min_df': 0.007034195405496345, 'dual': False, 'max_iter': 3849}. Best is trial 79 with value: 0.6340700859031053.
[I 2023-04-16 21:19:12,516] Trial 127 finished with value: 0.6192031192328366 and parameters: {'svc_c': 3425528.620195383, 'ngram_range_max': 2, 'max_df': 0.8174393199639773, 'min_df': 0.010457412578770309, 'dual': False, 'max_iter': 4554}. Best is trial 79 with value: 0.6340700859031053.
[I 2023-04-16 21:19:14,541] Trial 128 finished with value: 0.6226976431028409 and parameters: {'svc_c': 127445520.97171624, 'ngram_range_max': 2, 'max_df': 0.7824463219266968, 'min_df': 0.009162789276387199, 'dual': False, 'max_iter': 4244}. Best is trial 79 with value: 0.6340700859031053.
[I 2023-04-16 21:19:17,322] Trial 129 finished with value: 0.6317009614804358 and parameters: {'svc_c': 15861441.036170019, 'ngram_range_max': 2, 'max_df': 0.8096264754819189, 'min_df': 0.005122741270990101, 'dual': False, 'max_iter': 4017}. Best is trial 79 with value: 0.6340700859031053.
[I 2023-04-16 21:19:18,928] Trial 130 finished with value: 0.5957473507010765 and parameters: {'svc_c': 973714400.1751108, 'ngram_range_max': 2, 'max_df': 0.770650731591501, 'min_df': 0.01767688874941841, 'dual': False, 'max_iter': 3545}. Best is trial 79 with value: 0.6340700859031053.
[I 2023-04-16 21:19:21,700] Trial 131 finished with value: 0.6340108617396466 and parameters: {'svc_c': 1176711595.2991679, 'ngram_range_max': 2, 'max_df': 0.8309704161154728, 'min_df': 0.005248212308409857, 'dual': False, 'max_iter': 4418}. Best is trial 79 with value: 0.6340700859031053.
[I 2023-04-16 21:19:23,733] Trial 132 finished with value: 0.6204465459822299 and parameters: {'svc_c': 282471003.8782489, 'ngram_range_max': 2, 'max_df': 0.8345290492754686, 'min_df': 0.007673316536399217, 'dual': False, 'max_iter': 4760}. Best is trial 79 with value: 0.6340700859031053.
[I 2023-04-16 21:19:25,865] Trial 133 finished with value: 0.6216310292514038 and parameters: {'svc_c': 1873946741.504662, 'ngram_range_max': 2, 'max_df': 0.8385382835483582, 'min_df': 0.006931875611229492, 'dual': False, 'max_iter': 4312}. Best is trial 79 with value: 0.6340700859031053.
[I 2023-04-16 21:19:28,978] Trial 134 finished with value: 0.6320566397725342 and parameters: {'svc_c': 609993.2963721863, 'ngram_range_max': 2, 'max_df': 0.8184432208463864, 'min_df': 0.0050324108627350485, 'dual': False, 'max_iter': 4120}. Best is trial 79 with value: 0.6340700859031053.
[I 2023-04-16 21:19:30,708] Trial 135 finished with value: 0.6180777724136093 and parameters: {'svc_c': 3728059695.009729, 'ngram_range_max': 2, 'max_df': 0.8008051540229209, 'min_df': 0.010702118264545882, 'dual': False, 'max_iter': 3701}. Best is trial 79 with value: 0.6340700859031053.
[I 2023-04-16 21:19:32,690] Trial 136 finished with value: 0.6218090701385313 and parameters: {'svc_c': 38087889.56634644, 'ngram_range_max': 2, 'max_df': 0.8444705642268266, 'min_df': 0.008546274924525718, 'dual': False, 'max_iter': 3942}. Best is trial 79 with value: 0.6340700859031053.
[I 2023-04-16 21:19:34,376] Trial 137 finished with value: 0.6089558127393702 and parameters: {'svc_c': 830316935.9567895, 'ngram_range_max': 2, 'max_df': 0.8298617303229776, 'min_df': 0.01379007614800867, 'dual': False, 'max_iter': 4542}. Best is trial 79 with value: 0.6340700859031053.
[I 2023-04-16 21:19:36,628] Trial 138 finished with value: 0.5727063091978495 and parameters: {'svc_c': 7598578.237481101, 'ngram_range_max': 3, 'max_df': 0.7926161593225942, 'min_df': 0.03270772385081348, 'dual': False, 'max_iter': 4206}. Best is trial 79 with value: 0.6340700859031053.
D:\vkr_folder\venv\lib\site-packages\sklearn\svm\_base.py:1244: ConvergenceWarning: Liblinear failed to converge, increase the number of iterations.
  warnings.warn(
D:\vkr_folder\venv\lib\site-packages\sklearn\svm\_base.py:1244: ConvergenceWarning: Liblinear failed to converge, increase the number of iterations.
  warnings.warn(
D:\vkr_folder\venv\lib\site-packages\sklearn\svm\_base.py:1244: ConvergenceWarning: Liblinear failed to converge, increase the number of iterations.
  warnings.warn(
D:\vkr_folder\venv\lib\site-packages\sklearn\svm\_base.py:1244: ConvergenceWarning: Liblinear failed to converge, increase the number of iterations.
  warnings.warn(
D:\vkr_folder\venv\lib\site-packages\sklearn\svm\_base.py:1244: ConvergenceWarning: Liblinear failed to converge, increase the number of iterations.
  warnings.warn(
[I 2023-04-16 21:19:45,894] Trial 139 finished with value: 0.5535777639931121 and parameters: {'svc_c': 9722144242.594324, 'ngram_range_max': 2, 'max_df': 0.8096659378455578, 'min_df': 0.007440277103074454, 'dual': True, 'max_iter': 3780}. Best is trial 79 with value: 0.6340700859031053.
[I 2023-04-16 21:19:48,715] Trial 140 finished with value: 0.6320566397725342 and parameters: {'svc_c': 206866963.64784327, 'ngram_range_max': 2, 'max_df': 0.8207015720056063, 'min_df': 0.005022728960017828, 'dual': False, 'max_iter': 4377}. Best is trial 79 with value: 0.6340700859031053.
[I 2023-04-16 21:19:50,837] Trial 141 finished with value: 0.6240000133324539 and parameters: {'svc_c': 1165871504.613854, 'ngram_range_max': 2, 'max_df': 0.8219162203929621, 'min_df': 0.006682062302383743, 'dual': False, 'max_iter': 4469}. Best is trial 79 with value: 0.6340700859031053.
[I 2023-04-16 21:19:52,782] Trial 142 finished with value: 0.6226976431028409 and parameters: {'svc_c': 507072839.5070604, 'ngram_range_max': 2, 'max_df': 0.8242350540819261, 'min_df': 0.009148524977360694, 'dual': False, 'max_iter': 4058}. Best is trial 79 with value: 0.6340700859031053.
[I 2023-04-16 21:19:54,590] Trial 143 finished with value: 0.6164193028670389 and parameters: {'svc_c': 80478321.2665953, 'ngram_range_max': 2, 'max_df': 0.8278677478446227, 'min_df': 0.011431046385616924, 'dual': False, 'max_iter': 4671}. Best is trial 79 with value: 0.6340700859031053.
[I 2023-04-16 21:19:57,308] Trial 144 finished with value: 0.6317009614804358 and parameters: {'svc_c': 2221061562.586554, 'ngram_range_max': 2, 'max_df': 0.797227736609062, 'min_df': 0.005151850859840703, 'dual': False, 'max_iter': 4894}. Best is trial 79 with value: 0.6340700859031053.
[I 2023-04-16 21:19:59,303] Trial 145 finished with value: 0.6204468091227666 and parameters: {'svc_c': 1767337.064855995, 'ngram_range_max': 2, 'max_df': 0.7625168186336397, 'min_df': 0.0086694113490304, 'dual': False, 'max_iter': 4423}. Best is trial 79 with value: 0.6340700859031053.
[I 2023-04-16 21:20:01,433] Trial 146 finished with value: 0.6208608870713089 and parameters: {'svc_c': 90577.29213876558, 'ngram_range_max': 2, 'max_df': 0.777733909671834, 'min_df': 0.007081821901795074, 'dual': False, 'max_iter': 4272}. Best is trial 79 with value: 0.6340700859031053.
[I 2023-04-16 21:20:03,200] Trial 147 finished with value: 0.6204470898060058 and parameters: {'svc_c': 311530245.33873016, 'ngram_range_max': 2, 'max_df': 0.8320841295256192, 'min_df': 0.010115234972535615, 'dual': False, 'max_iter': 3904}. Best is trial 79 with value: 0.6340700859031053.
[I 2023-04-16 21:20:06,675] Trial 148 finished with value: 0.630871665307692 and parameters: {'svc_c': 1036345855.0905671, 'ngram_range_max': 2, 'max_df': 0.7878640403758627, 'min_df': 0.00503977288801227, 'dual': False, 'max_iter': 3610}. Best is trial 79 with value: 0.6340700859031053.
[I 2023-04-16 21:20:07,987] Trial 149 finished with value: 0.5341458703776732 and parameters: {'svc_c': 4293485261.118222, 'ngram_range_max': 2, 'max_df': 0.8062130565148716, 'min_df': 0.051736949677434314, 'dual': False, 'max_iter': 4135}. Best is trial 79 with value: 0.6340700859031053.
[I 2023-04-16 21:20:09,651] Trial 150 finished with value: 0.611207137915113 and parameters: {'svc_c': 18921395.655092355, 'ngram_range_max': 2, 'max_df': 0.8143129614072797, 'min_df': 0.012721179004788379, 'dual': False, 'max_iter': 4633}. Best is trial 79 with value: 0.6340700859031053.
[I 2023-04-16 21:20:10,994] Trial 151 finished with value: 0.6283250789070756 and parameters: {'svc_c': 5601389.296681105, 'ngram_range_max': 1, 'max_df': 0.818089326264629, 'min_df': 0.005278220300780161, 'dual': False, 'max_iter': 4093}. Best is trial 79 with value: 0.6340700859031053.
[I 2023-04-16 21:20:14,692] Trial 152 finished with value: 0.6322343824337201 and parameters: {'svc_c': 898280.2493202083, 'ngram_range_max': 3, 'max_df': 0.8417498294068014, 'min_df': 0.005014465559640001, 'dual': False, 'max_iter': 3972}. Best is trial 79 with value: 0.6340700859031053.
[I 2023-04-16 21:20:17,573] Trial 153 finished with value: 0.6195578326763006 and parameters: {'svc_c': 1493333.7119835145, 'ngram_range_max': 3, 'max_df': 0.850617787841745, 'min_df': 0.007278941714913452, 'dual': False, 'max_iter': 4347}. Best is trial 79 with value: 0.6340700859031053.
[I 2023-04-16 21:20:20,286] Trial 154 finished with value: 0.6213352066600518 and parameters: {'svc_c': 378327.44583624473, 'ngram_range_max': 3, 'max_df': 0.836180353916036, 'min_df': 0.008364266242728244, 'dual': False, 'max_iter': 3946}. Best is trial 79 with value: 0.6340700859031053.
[I 2023-04-16 21:20:23,248] Trial 155 finished with value: 0.6216901481586479 and parameters: {'svc_c': 97214655.03135513, 'ngram_range_max': 3, 'max_df': 0.8431319273075876, 'min_df': 0.006875588041887239, 'dual': False, 'max_iter': 3786}. Best is trial 79 with value: 0.6340700859031053.
[I 2023-04-16 21:20:25,310] Trial 156 finished with value: 0.5109282264889193 and parameters: {'svc_c': 36954467.990096726, 'ngram_range_max': 3, 'max_df': 0.8420659226540514, 'min_df': 0.06623603492158235, 'dual': False, 'max_iter': 4484}. Best is trial 79 with value: 0.6340700859031053.
[I 2023-04-16 21:20:27,478] Trial 157 finished with value: 0.5743649190860391 and parameters: {'svc_c': 477199756.1481173, 'ngram_range_max': 3, 'max_df': 0.8292347057946569, 'min_df': 0.03816279306284789, 'dual': False, 'max_iter': 4213}. Best is trial 79 with value: 0.6340700859031053.
[I 2023-04-16 21:20:30,044] Trial 158 finished with value: 0.6204470898060058 and parameters: {'svc_c': 8649737.580031777, 'ngram_range_max': 3, 'max_df': 0.861655219825126, 'min_df': 0.010086747515227484, 'dual': False, 'max_iter': 4021}. Best is trial 79 with value: 0.6340700859031053.
[I 2023-04-16 21:20:32,894] Trial 159 finished with value: 0.6224008205774496 and parameters: {'svc_c': 155706864.32389864, 'ngram_range_max': 3, 'max_df': 0.8102364470477472, 'min_df': 0.006734266416815778, 'dual': False, 'max_iter': 3836}. Best is trial 79 with value: 0.6340700859031053.
[I 2023-04-16 21:20:34,594] Trial 160 finished with value: 0.6164193028670389 and parameters: {'svc_c': 1541362164.7262695, 'ngram_range_max': 2, 'max_df': 0.7823292546642335, 'min_df': 0.011394144465484746, 'dual': False, 'max_iter': 4792}. Best is trial 79 with value: 0.6340700859031053.
[I 2023-04-16 21:20:37,568] Trial 161 finished with value: 0.6328856026339316 and parameters: {'svc_c': 317876.2709663574, 'ngram_range_max': 2, 'max_df': 0.8156676477584479, 'min_df': 0.005201718636229899, 'dual': False, 'max_iter': 4160}. Best is trial 79 with value: 0.6340700859031053.
[I 2023-04-16 21:20:39,555] Trial 162 finished with value: 0.6210392086416756 and parameters: {'svc_c': 833616.976589714, 'ngram_range_max': 2, 'max_df': 0.8253499913024762, 'min_df': 0.008348140987335656, 'dual': False, 'max_iter': 4230}. Best is trial 79 with value: 0.6340700859031053.
[I 2023-04-16 21:20:43,074] Trial 163 finished with value: 0.6308124236015309 and parameters: {'svc_c': 3016862.1562863556, 'ngram_range_max': 2, 'max_df': 0.7964667032919638, 'min_df': 0.005092875870388137, 'dual': False, 'max_iter': 3681}. Best is trial 79 with value: 0.6340700859031053.
[I 2023-04-16 21:20:45,354] Trial 164 finished with value: 0.6205055420905569 and parameters: {'svc_c': 4969.230773066403, 'ngram_range_max': 2, 'max_df': 0.8057973508590122, 'min_df': 0.007178500243429347, 'dual': False, 'max_iter': 4022}. Best is trial 79 with value: 0.6340700859031053.
[I 2023-04-16 21:20:47,021] Trial 165 finished with value: 0.5779178426124874 and parameters: {'svc_c': 463112.6605504731, 'ngram_range_max': 2, 'max_df': 0.8370691843874254, 'min_df': 0.022903013213307944, 'dual': False, 'max_iter': 4361}. Best is trial 79 with value: 0.6340700859031053.
[I 2023-04-16 21:20:48,940] Trial 166 finished with value: 0.6226976431028409 and parameters: {'svc_c': 178425.08955224283, 'ngram_range_max': 2, 'max_df': 0.8167151948350366, 'min_df': 0.00916809635892745, 'dual': False, 'max_iter': 3423}. Best is trial 79 with value: 0.6340700859031053.
D:\vkr_folder\venv\lib\site-packages\sklearn\svm\_base.py:1244: ConvergenceWarning: Liblinear failed to converge, increase the number of iterations.
  warnings.warn(
D:\vkr_folder\venv\lib\site-packages\sklearn\svm\_base.py:1244: ConvergenceWarning: Liblinear failed to converge, increase the number of iterations.
  warnings.warn(
D:\vkr_folder\venv\lib\site-packages\sklearn\svm\_base.py:1244: ConvergenceWarning: Liblinear failed to converge, increase the number of iterations.
  warnings.warn(
D:\vkr_folder\venv\lib\site-packages\sklearn\svm\_base.py:1244: ConvergenceWarning: Liblinear failed to converge, increase the number of iterations.
  warnings.warn(
D:\vkr_folder\venv\lib\site-packages\sklearn\svm\_base.py:1244: ConvergenceWarning: Liblinear failed to converge, increase the number of iterations.
  warnings.warn(
[I 2023-04-16 21:20:54,262] Trial 167 finished with value: 0.51756059600279 and parameters: {'svc_c': 20059797.071220204, 'ngram_range_max': 2, 'max_df': 0.8006892791664553, 'min_df': 0.02459127602491666, 'dual': True, 'max_iter': 4147}. Best is trial 79 with value: 0.6340700859031053.
[I 2023-04-16 21:20:56,388] Trial 168 finished with value: 0.62169023587216 and parameters: {'svc_c': 67317.50962633251, 'ngram_range_max': 2, 'max_df': 0.7709801350300995, 'min_df': 0.006543596995809669, 'dual': False, 'max_iter': 3859}. Best is trial 79 with value: 0.6340700859031053.
[I 2023-04-16 21:20:58,923] Trial 169 finished with value: 0.6213947992202619 and parameters: {'svc_c': 9658620555.525776, 'ngram_range_max': 3, 'max_df': 0.7884650613149405, 'min_df': 0.009954154680435685, 'dual': False, 'max_iter': 4540}. Best is trial 79 with value: 0.6340700859031053.
[I 2023-04-16 21:21:02,594] Trial 170 finished with value: 0.6308124236015309 and parameters: {'svc_c': 3082499.1465604273, 'ngram_range_max': 2, 'max_df': 0.8124583187078425, 'min_df': 0.005058033583217108, 'dual': False, 'max_iter': 4277}. Best is trial 79 with value: 0.6340700859031053.
[I 2023-04-16 21:21:05,374] Trial 171 finished with value: 0.6317009614804358 and parameters: {'svc_c': 1184564.6169126069, 'ngram_range_max': 2, 'max_df': 0.8211553447159883, 'min_df': 0.005110701476974084, 'dual': False, 'max_iter': 4054}. Best is trial 79 with value: 0.6340700859031053.
[I 2023-04-16 21:21:07,306] Trial 172 finished with value: 0.6209203919180067 and parameters: {'svc_c': 9989805.747974938, 'ngram_range_max': 2, 'max_df': 0.8322058304155723, 'min_df': 0.008194896120529397, 'dual': False, 'max_iter': 3961}. Best is trial 79 with value: 0.6340700859031053.
[I 2023-04-16 21:21:10,045] Trial 173 finished with value: 0.6308124236015309 and parameters: {'svc_c': 740882.2229449127, 'ngram_range_max': 2, 'max_df': 0.8171860094062482, 'min_df': 0.00507619236569744, 'dual': False, 'max_iter': 4139}. Best is trial 79 with value: 0.6340700859031053.
[I 2023-04-16 21:21:12,027] Trial 174 finished with value: 0.6222233059713955 and parameters: {'svc_c': 295016.041477408, 'ngram_range_max': 2, 'max_df': 0.8248418099436049, 'min_df': 0.006907333003987851, 'dual': False, 'max_iter': 4463}. Best is trial 79 with value: 0.6340700859031053.
[I 2023-04-16 21:21:13,997] Trial 175 finished with value: 0.6215125984671888 and parameters: {'svc_c': 3255373521.2357097, 'ngram_range_max': 2, 'max_df': 0.8043953171342857, 'min_df': 0.008978996153384183, 'dual': False, 'max_iter': 3192}. Best is trial 79 with value: 0.6340700859031053.
[I 2023-04-16 21:21:16,090] Trial 176 finished with value: 0.6225193917032841 and parameters: {'svc_c': 779599804.7037966, 'ngram_range_max': 2, 'max_df': 0.8117208854837823, 'min_df': 0.006588571449645469, 'dual': False, 'max_iter': 3013}. Best is trial 79 with value: 0.6340700859031053.
[I 2023-04-16 21:21:17,656] Trial 177 finished with value: 0.5949769102950402 and parameters: {'svc_c': 23570.095200487878, 'ngram_range_max': 2, 'max_df': 0.8295929916968658, 'min_df': 0.019788695353908238, 'dual': False, 'max_iter': 3726}. Best is trial 79 with value: 0.6340700859031053.
[I 2023-04-16 21:21:19,321] Trial 178 finished with value: 0.6158862678532083 and parameters: {'svc_c': 252795254.2723738, 'ngram_range_max': 2, 'max_df': 0.7661755480419887, 'min_df': 0.011824342124787359, 'dual': False, 'max_iter': 4652}. Best is trial 79 with value: 0.6340700859031053.
[I 2023-04-16 21:21:20,407] Trial 179 finished with value: 0.6205650469372547 and parameters: {'svc_c': 4921306.4283854, 'ngram_range_max': 1, 'max_df': 0.7941000429772027, 'min_df': 0.008499726005850142, 'dual': False, 'max_iter': 4140}. Best is trial 79 with value: 0.6340700859031053.
[I 2023-04-16 21:21:23,109] Trial 180 finished with value: 0.6317009614804358 and parameters: {'svc_c': 1676865751.217878, 'ngram_range_max': 2, 'max_df': 0.8172173564932628, 'min_df': 0.005137601828823144, 'dual': False, 'max_iter': 4333}. Best is trial 79 with value: 0.6340700859031053.
[I 2023-04-16 21:21:25,827] Trial 181 finished with value: 0.6317009614804358 and parameters: {'svc_c': 136912147.44175377, 'ngram_range_max': 2, 'max_df': 0.8227082237651818, 'min_df': 0.005109245694884068, 'dual': False, 'max_iter': 4383}. Best is trial 79 with value: 0.6340700859031053.
[I 2023-04-16 21:21:28,552] Trial 182 finished with value: 0.6320566397725342 and parameters: {'svc_c': 638177845.6266828, 'ngram_range_max': 2, 'max_df': 0.820937126827895, 'min_df': 0.005009999259125111, 'dual': False, 'max_iter': 4229}. Best is trial 79 with value: 0.6340700859031053.
[I 2023-04-16 21:21:30,591] Trial 183 finished with value: 0.6214534093891351 and parameters: {'svc_c': 31043851.7615941, 'ngram_range_max': 2, 'max_df': 0.8090777549907698, 'min_df': 0.0070001546188265575, 'dual': False, 'max_iter': 3915}. Best is trial 79 with value: 0.6340700859031053.
[I 2023-04-16 21:21:33,007] Trial 184 finished with value: 0.6209203743753043 and parameters: {'svc_c': 288885646.78188616, 'ngram_range_max': 2, 'max_df': 0.8373249992241719, 'min_df': 0.007761603306157329, 'dual': False, 'max_iter': 4435}. Best is trial 79 with value: 0.6340700859031053.
