[I 2023-04-16 21:31:11,268] Trial 461 finished with value: 0.6219273079530192 and parameters: {'svc_c': 46.11011838767877, 'ngram_range_max': 2, 'max_df': 0.8578732711265116, 'min_df': 0.006838965311496307, 'dual': False, 'max_iter': 1691}. Best is trial 426 with value: 0.6404673130333858.
[I 2023-04-16 21:31:12,401] Trial 462 finished with value: 0.49552820726211744 and parameters: {'svc_c': 0.12711742796306885, 'ngram_range_max': 2, 'max_df': 0.8435923703953264, 'min_df': 0.08135625159264497, 'dual': False, 'max_iter': 4036}. Best is trial 426 with value: 0.6404673130333858.
[I 2023-04-16 21:31:14,062] Trial 463 finished with value: 0.6222242006492203 and parameters: {'svc_c': 3857.0209985804086, 'ngram_range_max': 2, 'max_df': 0.8303682193534634, 'min_df': 0.00976965104029284, 'dual': False, 'max_iter': 4380}. Best is trial 426 with value: 0.6404673130333858.
[I 2023-04-16 21:31:16,051] Trial 464 finished with value: 0.5931406805445816 and parameters: {'svc_c': 4887517.923738519, 'ngram_range_max': 3, 'max_df': 0.7993125546018063, 'min_df': 0.021697508501198042, 'dual': False, 'max_iter': 4164}. Best is trial 426 with value: 0.6404673130333858.
[I 2023-04-16 21:31:17,325] Trial 465 finished with value: 0.5737719231152472 and parameters: {'svc_c': 4.320627929872515, 'ngram_range_max': 2, 'max_df': 0.786344411081399, 'min_df': 0.03967341256924674, 'dual': False, 'max_iter': 1526}. Best is trial 426 with value: 0.6404673130333858.
[I 2023-04-16 21:31:19,664] Trial 466 finished with value: 0.6320566397725342 and parameters: {'svc_c': 30847023.715904895, 'ngram_range_max': 2, 'max_df': 0.7363871193514433, 'min_df': 0.005005245564295284, 'dual': False, 'max_iter': 1921}. Best is trial 426 with value: 0.6404673130333858.
[I 2023-04-16 21:31:20,939] Trial 467 finished with value: 0.5341458703776732 and parameters: {'svc_c': 11.724860067646391, 'ngram_range_max': 2, 'max_df': 0.8682827561330815, 'min_df': 0.05236033816192393, 'dual': False, 'max_iter': 1787}. Best is trial 426 with value: 0.6404673130333858.
[I 2023-04-16 21:31:22,060] Trial 468 finished with value: 0.5123493608140937 and parameters: {'svc_c': 237.91835210201768, 'ngram_range_max': 2, 'max_df': 0.7783277940792107, 'min_df': 0.06988172547896988, 'dual': False, 'max_iter': 1486}. Best is trial 426 with value: 0.6404673130333858.
[I 2023-04-16 21:31:23,021] Trial 469 finished with value: 0.6219273781238289 and parameters: {'svc_c': 1183527410.7925873, 'ngram_range_max': 1, 'max_df': 0.8111067615424443, 'min_df': 0.008028458509244666, 'dual': False, 'max_iter': 2795}. Best is trial 426 with value: 0.6404673130333858.
[I 2023-04-16 21:31:25,255] Trial 470 finished with value: 0.626903383215423 and parameters: {'svc_c': 0.007476084647359122, 'ngram_range_max': 3, 'max_df': 0.81758612345823, 'min_df': 0.006822324644635409, 'dual': False, 'max_iter': 4880}. Best is trial 426 with value: 0.6404673130333858.
[I 2023-04-16 21:31:26,475] Trial 471 finished with value: 0.5400105010616844 and parameters: {'svc_c': 545784.6460380559, 'ngram_range_max': 2, 'max_df': 0.8046771565706081, 'min_df': 0.04882773924989562, 'dual': False, 'max_iter': 1667}. Best is trial 426 with value: 0.6404673130333858.
D:\vkr_folder\venv\lib\site-packages\sklearn\svm\_base.py:1244: ConvergenceWarning: Liblinear failed to converge, increase the number of iterations.
  warnings.warn(
D:\vkr_folder\venv\lib\site-packages\sklearn\svm\_base.py:1244: ConvergenceWarning: Liblinear failed to converge, increase the number of iterations.
  warnings.warn(
D:\vkr_folder\venv\lib\site-packages\sklearn\svm\_base.py:1244: ConvergenceWarning: Liblinear failed to converge, increase the number of iterations.
  warnings.warn(
D:\vkr_folder\venv\lib\site-packages\sklearn\svm\_base.py:1244: ConvergenceWarning: Liblinear failed to converge, increase the number of iterations.
  warnings.warn(
D:\vkr_folder\venv\lib\site-packages\sklearn\svm\_base.py:1244: ConvergenceWarning: Liblinear failed to converge, increase the number of iterations.
  warnings.warn(
[I 2023-04-16 21:31:32,185] Trial 472 finished with value: 0.5328425002140209 and parameters: {'svc_c': 3997595945.3632493, 'ngram_range_max': 2, 'max_df': 0.7480920385105421, 'min_df': 0.011397020501633184, 'dual': True, 'max_iter': 3137}. Best is trial 426 with value: 0.6404673130333858.
[I 2023-04-16 21:31:33,447] Trial 473 finished with value: 0.49552820726211744 and parameters: {'svc_c': 3292206.434300593, 'ngram_range_max': 2, 'max_df': 0.7905645744438661, 'min_df': 0.09115195098623782, 'dual': False, 'max_iter': 1619}. Best is trial 426 with value: 0.6404673130333858.
[I 2023-04-16 21:31:35,340] Trial 474 finished with value: 0.6222233059713955 and parameters: {'svc_c': 28215.22597343397, 'ngram_range_max': 2, 'max_df': 0.8324096625109608, 'min_df': 0.006886963136284011, 'dual': False, 'max_iter': 3897}. Best is trial 426 with value: 0.6404673130333858.
[I 2023-04-16 21:31:36,604] Trial 475 finished with value: 0.5735943383383832 and parameters: {'svc_c': 243662717.9234363, 'ngram_range_max': 2, 'max_df': 0.8392441492309395, 'min_df': 0.03211410928310743, 'dual': False, 'max_iter': 3610}. Best is trial 426 with value: 0.6404673130333858.
[I 2023-04-16 21:31:38,368] Trial 476 finished with value: 0.6219864444029657 and parameters: {'svc_c': 177103.00227258494, 'ngram_range_max': 2, 'max_df': 0.7650079958928482, 'min_df': 0.008885534275749826, 'dual': False, 'max_iter': 2170}. Best is trial 426 with value: 0.6404673130333858.
[I 2023-04-16 21:31:40,724] Trial 477 finished with value: 0.6241185493728835 and parameters: {'svc_c': 0.919989869411769, 'ngram_range_max': 3, 'max_df': 0.8488267029990554, 'min_df': 0.00661711483317552, 'dual': False, 'max_iter': 4286}. Best is trial 426 with value: 0.6404673130333858.
[I 2023-04-16 21:31:42,063] Trial 478 finished with value: 0.5734167009334121 and parameters: {'svc_c': 0.2438054600662259, 'ngram_range_max': 2, 'max_df': 0.7977727178364634, 'min_df': 0.030279784725808005, 'dual': False, 'max_iter': 2112}. Best is trial 426 with value: 0.6404673130333858.
[I 2023-04-16 21:31:43,546] Trial 479 finished with value: 0.5770896691727001 and parameters: {'svc_c': 2.8344473728598477e-07, 'ngram_range_max': 2, 'max_df': 0.7724332845744448, 'min_df': 0.0096909995769968, 'dual': False, 'max_iter': 3306}. Best is trial 426 with value: 0.6404673130333858.
[I 2023-04-16 21:31:45,920] Trial 480 finished with value: 0.6274953441667708 and parameters: {'svc_c': 0.0015092327101333433, 'ngram_range_max': 3, 'max_df': 0.8107034413299038, 'min_df': 0.005003510152554328, 'dual': False, 'max_iter': 2917}. Best is trial 426 with value: 0.6404673130333858.
[I 2023-04-16 21:31:47,655] Trial 481 finished with value: 0.6219867952570146 and parameters: {'svc_c': 2.3979838286306236, 'ngram_range_max': 2, 'max_df': 0.8252220852744148, 'min_df': 0.007990097159830158, 'dual': False, 'max_iter': 3806}. Best is trial 426 with value: 0.6404673130333858.
[I 2023-04-16 21:31:48,777] Trial 482 finished with value: 0.49552820726211744 and parameters: {'svc_c': 1528896.6987035465, 'ngram_range_max': 2, 'max_df': 0.8171590997118805, 'min_df': 0.09514106487585053, 'dual': False, 'max_iter': 4559}. Best is trial 426 with value: 0.6404673130333858.
[I 2023-04-16 21:31:50,583] Trial 483 finished with value: 0.6227561655582019 and parameters: {'svc_c': 9088167.950367218, 'ngram_range_max': 2, 'max_df': 0.8281246566713912, 'min_df': 0.006710759462217902, 'dual': False, 'max_iter': 2017}. Best is trial 426 with value: 0.6404673130333858.
[I 2023-04-16 21:31:51,711] Trial 484 finished with value: 0.5268609123328005 and parameters: {'svc_c': 90387540.31272486, 'ngram_range_max': 2, 'max_df': 0.7838298605677556, 'min_df': 0.05904063551837358, 'dual': False, 'max_iter': 4109}. Best is trial 426 with value: 0.6404673130333858.
[I 2023-04-16 21:31:53,823] Trial 485 finished with value: 0.6082449473508414 and parameters: {'svc_c': 0.05839721524423992, 'ngram_range_max': 3, 'max_df': 0.7992335571603589, 'min_df': 0.014807601134007175, 'dual': False, 'max_iter': 2602}. Best is trial 426 with value: 0.6404673130333858.
[I 2023-04-16 21:31:56,913] Trial 486 finished with value: 0.6308124236015309 and parameters: {'svc_c': 2300435231.9300413, 'ngram_range_max': 2, 'max_df': 0.8068439362054657, 'min_df': 0.00504307344647988, 'dual': False, 'max_iter': 4008}. Best is trial 426 with value: 0.6404673130333858.
[I 2023-04-16 21:31:58,068] Trial 487 finished with value: 0.5723509993025022 and parameters: {'svc_c': 415816560.1984709, 'ngram_range_max': 2, 'max_df': 0.8358490835419922, 'min_df': 0.03391336426335008, 'dual': False, 'max_iter': 4414}. Best is trial 426 with value: 0.6404673130333858.
[I 2023-04-16 21:31:59,698] Trial 488 finished with value: 0.618077842584419 and parameters: {'svc_c': 6884.175063731219, 'ngram_range_max': 2, 'max_df': 0.7933673102790513, 'min_df': 0.010994735998761562, 'dual': False, 'max_iter': 4720}. Best is trial 426 with value: 0.6404673130333858.
[I 2023-04-16 21:32:01,080] Trial 489 finished with value: 0.5757266889061354 and parameters: {'svc_c': 416.5308192171491, 'ngram_range_max': 2, 'max_df': 0.8190667771951311, 'min_df': 0.02759726457746533, 'dual': False, 'max_iter': 4221}. Best is trial 426 with value: 0.6404673130333858.
[I 2023-04-16 21:32:02,866] Trial 490 finished with value: 0.621276017581998 and parameters: {'svc_c': 8781152551.548473, 'ngram_range_max': 2, 'max_df': 0.8122346407632522, 'min_df': 0.00850097606562257, 'dual': False, 'max_iter': 3731}. Best is trial 426 with value: 0.6404673130333858.
[I 2023-04-16 21:32:05,365] Trial 491 finished with value: 0.6220455983956146 and parameters: {'svc_c': 42147.90911074429, 'ngram_range_max': 3, 'max_df': 0.7802250989895966, 'min_df': 0.0065516263602882, 'dual': False, 'max_iter': 1350}. Best is trial 426 with value: 0.6404673130333858.
[I 2023-04-16 21:32:07,192] Trial 492 finished with value: 0.6213351364892421 and parameters: {'svc_c': 2503.5718461328443, 'ngram_range_max': 2, 'max_df': 0.8026675128348426, 'min_df': 0.008468460286674919, 'dual': False, 'max_iter': 1817}. Best is trial 426 with value: 0.6404673130333858.
[I 2023-04-16 21:32:08,478] Trial 493 finished with value: 0.5431501536039027 and parameters: {'svc_c': 127.98981635972096, 'ngram_range_max': 2, 'max_df': 0.8626181980317462, 'min_df': 0.04510897227421179, 'dual': False, 'max_iter': 1740}. Best is trial 426 with value: 0.6404673130333858.
D:\vkr_folder\venv\lib\site-packages\sklearn\svm\_base.py:1244: ConvergenceWarning: Liblinear failed to converge, increase the number of iterations.
  warnings.warn(
D:\vkr_folder\venv\lib\site-packages\sklearn\svm\_base.py:1244: ConvergenceWarning: Liblinear failed to converge, increase the number of iterations.
  warnings.warn(
D:\vkr_folder\venv\lib\site-packages\sklearn\svm\_base.py:1244: ConvergenceWarning: Liblinear failed to converge, increase the number of iterations.
  warnings.warn(
D:\vkr_folder\venv\lib\site-packages\sklearn\svm\_base.py:1244: ConvergenceWarning: Liblinear failed to converge, increase the number of iterations.
  warnings.warn(
D:\vkr_folder\venv\lib\site-packages\sklearn\svm\_base.py:1244: ConvergenceWarning: Liblinear failed to converge, increase the number of iterations.
  warnings.warn(
[I 2023-04-16 21:32:17,669] Trial 494 finished with value: 0.549250803806626 and parameters: {'svc_c': 747646325.3291514, 'ngram_range_max': 2, 'max_df': 0.845957362961355, 'min_df': 0.005033187626818429, 'dual': True, 'max_iter': 3982}. Best is trial 426 with value: 0.6404673130333858.
[I 2023-04-16 21:32:18,907] Trial 495 finished with value: 0.5371671973918913 and parameters: {'svc_c': 21025012.58505529, 'ngram_range_max': 2, 'max_df': 0.8227220989924414, 'min_df': 0.04983380985055463, 'dual': False, 'max_iter': 1969}. Best is trial 426 with value: 0.6404673130333858.
[I 2023-04-16 21:32:20,393] Trial 496 finished with value: 0.5956880739095105 and parameters: {'svc_c': 0.014809508434314646, 'ngram_range_max': 2, 'max_df': 0.7597056123742233, 'min_df': 0.018125524905854035, 'dual': False, 'max_iter': 4300}. Best is trial 426 with value: 0.6404673130333858.
[I 2023-04-16 21:32:22,881] Trial 497 finished with value: 0.6213347680924908 and parameters: {'svc_c': 308894.96430498356, 'ngram_range_max': 3, 'max_df': 0.8288400833515447, 'min_df': 0.006761582246498473, 'dual': False, 'max_iter': 4154}. Best is trial 426 with value: 0.6404673130333858.
[I 2023-04-16 21:32:25,412] Trial 498 finished with value: 0.6320566397725342 and parameters: {'svc_c': 65093.00919539092, 'ngram_range_max': 2, 'max_df': 0.8808622235227818, 'min_df': 0.0050066840423672295, 'dual': False, 'max_iter': 4586}. Best is trial 426 with value: 0.6404673130333858.
[I 2023-04-16 21:32:27,190] Trial 499 finished with value: 0.6222834423553815 and parameters: {'svc_c': 32.05566937276409, 'ngram_range_max': 2, 'max_df': 0.788093004595177, 'min_df': 0.00971724097721973, 'dual': False, 'max_iter': 2702}. Best is trial 426 with value: 0.6404673130333858.
[I 2023-04-16 21:32:28,366] Trial 500 finished with value: 0.5109282264889193 and parameters: {'svc_c': 2127583.5332585266, 'ngram_range_max': 2, 'max_df': 0.9119316357262623, 'min_df': 0.06565231621499583, 'dual': False, 'max_iter': 1584}. Best is trial 426 with value: 0.6404673130333858.
[I 2023-04-16 21:32:30,668] Trial 501 finished with value: 0.6127470889639561 and parameters: {'svc_c': 1685208088.6060698, 'ngram_range_max': 3, 'max_df': 0.8150203985130622, 'min_df': 0.012549317915064102, 'dual': False, 'max_iter': 1861}. Best is trial 426 with value: 0.6404673130333858.
[I 2023-04-16 21:32:32,190] Trial 502 finished with value: 0.575667166516735 and parameters: {'svc_c': 1564.724626801883, 'ngram_range_max': 2, 'max_df': 0.7007287037240256, 'min_df': 0.02525187391217667, 'dual': False, 'max_iter': 4464}. Best is trial 426 with value: 0.6404673130333858.
[I 2023-04-16 21:32:33,480] Trial 503 finished with value: 0.5109282264889193 and parameters: {'svc_c': 0.3205235536490105, 'ngram_range_max': 2, 'max_df': 0.855144922547298, 'min_df': 0.0624733097886133, 'dual': False, 'max_iter': 4843}. Best is trial 426 with value: 0.6404673130333858.
[I 2023-04-16 21:32:35,753] Trial 504 finished with value: 0.632234259634803 and parameters: {'svc_c': 6.926811411218566, 'ngram_range_max': 2, 'max_df': 0.7735113991247503, 'min_df': 0.005005226983762316, 'dual': False, 'max_iter': 3530}. Best is trial 426 with value: 0.6404673130333858.
[I 2023-04-16 21:32:37,562] Trial 505 finished with value: 0.6216906393543163 and parameters: {'svc_c': 6.827751175674343, 'ngram_range_max': 2, 'max_df': 0.7704826797722013, 'min_df': 0.007962785635941619, 'dual': False, 'max_iter': 3626}. Best is trial 426 with value: 0.6404673130333858.
[I 2023-04-16 21:32:38,822] Trial 506 finished with value: 0.49552820726211744 and parameters: {'svc_c': 1.7216009435043707, 'ngram_range_max': 2, 'max_df': 0.7669849011901312, 'min_df': 0.08865903024658023, 'dual': False, 'max_iter': 3502}. Best is trial 426 with value: 0.6404673130333858.
[I 2023-04-16 21:32:40,845] Trial 507 finished with value: 0.620091008031751 and parameters: {'svc_c': 8.602664767023128, 'ngram_range_max': 2, 'max_df': 0.7743549498593728, 'min_df': 0.007416323367745676, 'dual': False, 'max_iter': 3904}. Best is trial 426 with value: 0.6404673130333858.
[I 2023-04-16 21:32:42,133] Trial 508 finished with value: 0.4994377388438938 and parameters: {'svc_c': 0.0005389646465502723, 'ngram_range_max': 2, 'max_df': 0.8409097234034149, 'min_df': 0.07401783985070874, 'dual': False, 'max_iter': 4984}. Best is trial 426 with value: 0.6404673130333858.
[I 2023-04-16 21:32:43,502] Trial 509 finished with value: 0.5735350966322221 and parameters: {'svc_c': 0.6145095029703943, 'ngram_range_max': 2, 'max_df': 0.7823613476149346, 'min_df': 0.0311191537000618, 'dual': False, 'max_iter': 3814}. Best is trial 426 with value: 0.6404673130333858.
[I 2023-04-16 21:32:45,335] Trial 510 finished with value: 0.618255515074795 and parameters: {'svc_c': 2.7808613165187124, 'ngram_range_max': 2, 'max_df': 0.7539647492901297, 'min_df': 0.010518240485149478, 'dual': False, 'max_iter': 3415}. Best is trial 426 with value: 0.6404673130333858.
[I 2023-04-16 21:32:46,763] Trial 511 finished with value: 0.5558253350305314 and parameters: {'svc_c': 8.681862356129432e-05, 'ngram_range_max': 2, 'max_df': 0.7774971780707453, 'min_df': 0.044236484255993344, 'dual': False, 'max_iter': 4114}. Best is trial 426 with value: 0.6404673130333858.
[I 2023-04-16 21:32:50,983] Trial 512 finished with value: 0.6217494775783212 and parameters: {'svc_c': 19.291919891671387, 'ngram_range_max': 2, 'max_df': 0.8335909027870193, 'min_df': 0.0069554906476611, 'dual': True, 'max_iter': 3730}. Best is trial 426 with value: 0.6404673130333858.
[I 2023-04-16 21:32:52,868] Trial 513 finished with value: 0.6225193917032841 and parameters: {'svc_c': 9613753.090806318, 'ngram_range_max': 2, 'max_df': 0.7264642149930306, 'min_df': 0.006593681420675308, 'dual': False, 'max_iter': 4327}. Best is trial 426 with value: 0.6404673130333858.
[I 2023-04-16 21:32:53,485] Trial 514 finished with value: 0.5735354299435687 and parameters: {'svc_c': 0.14927136543448047, 'ngram_range_max': 1, 'max_df': 0.7117060727419298, 'min_df': 0.03524730453282957, 'dual': False, 'max_iter': 3634}. Best is trial 426 with value: 0.6404673130333858.
[I 2023-04-16 21:32:55,022] Trial 515 finished with value: 0.6111476856965224 and parameters: {'svc_c': 0.0461966741530611, 'ngram_range_max': 2, 'max_df': 0.7664687796540652, 'min_df': 0.01386474135868747, 'dual': False, 'max_iter': 3979}. Best is trial 426 with value: 0.6404673130333858.
[I 2023-04-16 21:32:56,726] Trial 516 finished with value: 0.6211575517123782 and parameters: {'svc_c': 43040733.82212207, 'ngram_range_max': 2, 'max_df': 0.7931184124200434, 'min_df': 0.008590415743361841, 'dual': False, 'max_iter': 4237}. Best is trial 426 with value: 0.6404673130333858.
[I 2023-04-16 21:32:58,531] Trial 517 finished with value: 0.6225193917032841 and parameters: {'svc_c': 589764.1481992322, 'ngram_range_max': 2, 'max_df': 0.9638577554834109, 'min_df': 0.006621575771537407, 'dual': False, 'max_iter': 4436}. Best is trial 426 with value: 0.6404673130333858.
[I 2023-04-16 21:32:59,797] Trial 518 finished with value: 0.5738904942410816 and parameters: {'svc_c': 0.0068296469870246694, 'ngram_range_max': 2, 'max_df': 0.7619134163490051, 'min_df': 0.040459066933790436, 'dual': False, 'max_iter': 4067}. Best is trial 426 with value: 0.6404673130333858.
[I 2023-04-16 21:33:01,742] Trial 519 finished with value: 0.6319379283050802 and parameters: {'svc_c': 1.248137387361833, 'ngram_range_max': 2, 'max_df': 0.7061981198551496, 'min_df': 0.005040774941310518, 'dual': False, 'max_iter': 3205}. Best is trial 426 with value: 0.6404673130333858.
[I 2023-04-16 21:33:03,295] Trial 520 finished with value: 0.6229346976409977 and parameters: {'svc_c': 147516968.2597519, 'ngram_range_max': 2, 'max_df': 0.7758359764202619, 'min_df': 0.009681271064694266, 'dual': False, 'max_iter': 4673}. Best is trial 426 with value: 0.6404673130333858.
[I 2023-04-16 21:33:04,427] Trial 521 finished with value: 0.49552820726211744 and parameters: {'svc_c': 3647084.763588122, 'ngram_range_max': 2, 'max_df': 0.98947270116881, 'min_df': 0.08784591544445537, 'dual': False, 'max_iter': 3546}. Best is trial 426 with value: 0.6404673130333858.
[I 2023-04-16 21:33:07,458] Trial 522 finished with value: 0.6308124236015309 and parameters: {'svc_c': 14474.379984513103, 'ngram_range_max': 2, 'max_df': 0.7875251185134702, 'min_df': 0.005045111008656716, 'dual': False, 'max_iter': 3859}. Best is trial 426 with value: 0.6404673130333858.
[I 2023-04-16 21:33:08,587] Trial 523 finished with value: 0.5268609123328005 and parameters: {'svc_c': 1030822.4271771028, 'ngram_range_max': 2, 'max_df': 0.8394078307967923, 'min_df': 0.05766675986777176, 'dual': False, 'max_iter': 4106}. Best is trial 426 with value: 0.6404673130333858.
[I 2023-04-16 21:33:09,707] Trial 524 finished with value: 0.49552820726211744 and parameters: {'svc_c': 112226.9749883108, 'ngram_range_max': 2, 'max_df': 0.8276299820541353, 'min_df': 0.07833958533583263, 'dual': False, 'max_iter': 4349}. Best is trial 426 with value: 0.6404673130333858.
[I 2023-04-16 21:33:10,862] Trial 525 finished with value: 0.540780994095828 and parameters: {'svc_c': 689.3346592436147, 'ngram_range_max': 2, 'max_df': 0.7818780305476845, 'min_df': 0.047432436920471006, 'dual': False, 'max_iter': 3984}. Best is trial 426 with value: 0.6404673130333858.
[I 2023-04-16 21:33:11,982] Trial 526 finished with value: 0.49552820726211744 and parameters: {'svc_c': 50.71688671407966, 'ngram_range_max': 2, 'max_df': 0.8230003080574877, 'min_df': 0.0847238559428637, 'dual': False, 'max_iter': 3763}. Best is trial 426 with value: 0.6404673130333858.
[I 2023-04-16 21:33:13,700] Trial 527 finished with value: 0.6207428071411429 and parameters: {'svc_c': 6819092.576650066, 'ngram_range_max': 2, 'max_df': 0.7449829443818454, 'min_df': 0.008244846477970351, 'dual': False, 'max_iter': 4163}. Best is trial 426 with value: 0.6404673130333858.
[I 2023-04-16 21:33:14,824] Trial 528 finished with value: 0.49552820726211744 and parameters: {'svc_c': 0.021963735684257638, 'ngram_range_max': 2, 'max_df': 0.8676614611688558, 'min_df': 0.07979763759222655, 'dual': False, 'max_iter': 4535}. Best is trial 426 with value: 0.6404673130333858.
[I 2023-04-16 21:33:15,954] Trial 529 finished with value: 0.5109282264889193 and parameters: {'svc_c': 0.003431631855877018, 'ngram_range_max': 2, 'max_df': 0.8759135907530273, 'min_df': 0.06451111241990451, 'dual': True, 'max_iter': 4247}. Best is trial 426 with value: 0.6404673130333858.
