[I 2023-04-16 21:38:30,257] Trial 821 finished with value: 0.5779188250038243 and parameters: {'svc_c': 3.000442933931388e-07, 'ngram_range_max': 1, 'max_df': 0.7532214130961544, 'min_df': 0.012724432275748723, 'dual': True, 'max_iter': 1911}. Best is trial 426 with value: 0.6404673130333858.
[I 2023-04-16 21:38:31,233] Trial 822 finished with value: 0.6226383838539774 and parameters: {'svc_c': 0.13308047488659508, 'ngram_range_max': 1, 'max_df': 0.7198532407841692, 'min_df': 0.006886460536069524, 'dual': True, 'max_iter': 2451}. Best is trial 426 with value: 0.6404673130333858.
[I 2023-04-16 21:38:32,123] Trial 823 finished with value: 0.6235272901296336 and parameters: {'svc_c': 0.01596694356082251, 'ngram_range_max': 1, 'max_df': 0.7472538299284186, 'min_df': 0.009008686969388564, 'dual': True, 'max_iter': 2577}. Best is trial 426 with value: 0.6404673130333858.
[I 2023-04-16 21:38:33,010] Trial 824 finished with value: 0.6039212325643081 and parameters: {'svc_c': 0.04130770543238137, 'ngram_range_max': 1, 'max_df': 0.7069365289288448, 'min_df': 0.016444042661076127, 'dual': True, 'max_iter': 2730}. Best is trial 426 with value: 0.6404673130333858.
[I 2023-04-16 21:38:33,981] Trial 825 finished with value: 0.623111826307598 and parameters: {'svc_c': 0.23824906291967457, 'ngram_range_max': 1, 'max_df': 0.7231250514045873, 'min_df': 0.006696097088631921, 'dual': True, 'max_iter': 2256}. Best is trial 426 with value: 0.6404673130333858.
[I 2023-04-16 21:38:34,612] Trial 826 finished with value: 0.5673161209014984 and parameters: {'svc_c': 0.0013762370344594353, 'ngram_range_max': 1, 'max_df': 0.7310117433298595, 'min_df': 0.04256872959697387, 'dual': True, 'max_iter': 2634}. Best is trial 426 with value: 0.6404673130333858.
[I 2023-04-16 21:38:35,129] Trial 827 finished with value: 0.49552820726211744 and parameters: {'svc_c': 0.011012057923131011, 'ngram_range_max': 1, 'max_df': 0.7170397076359374, 'min_df': 0.0829778956306617, 'dual': True, 'max_iter': 2363}. Best is trial 426 with value: 0.6404673130333858.
[I 2023-04-16 21:38:36,167] Trial 828 finished with value: 0.5574845238279018 and parameters: {'svc_c': 1.177311124413091e-06, 'ngram_range_max': 1, 'max_df': 0.7361145544526186, 'min_df': 0.005050436501172538, 'dual': True, 'max_iter': 2797}. Best is trial 426 with value: 0.6404673130333858.
[I 2023-04-16 21:38:37,060] Trial 829 finished with value: 0.6078300799806889 and parameters: {'svc_c': 2.5221529148797683e-05, 'ngram_range_max': 1, 'max_df': 0.7131806942573726, 'min_df': 0.008260608165095286, 'dual': True, 'max_iter': 2501}. Best is trial 426 with value: 0.6404673130333858.
[I 2023-04-16 21:38:38,134] Trial 830 finished with value: 0.6372686468401383 and parameters: {'svc_c': 0.07847845527417746, 'ngram_range_max': 1, 'max_df': 0.8610417286282928, 'min_df': 0.005038381757599626, 'dual': True, 'max_iter': 2966}. Best is trial 426 with value: 0.6404673130333858.
[I 2023-04-16 21:38:39,075] Trial 831 finished with value: 0.6200325206617949 and parameters: {'svc_c': 0.004036585603657286, 'ngram_range_max': 1, 'max_df': 0.7056190470932316, 'min_df': 0.010783520091685081, 'dual': True, 'max_iter': 2913}. Best is trial 426 with value: 0.6404673130333858.
[I 2023-04-16 21:38:39,860] Trial 832 finished with value: 0.5956285515201103 and parameters: {'svc_c': 0.028835834330755195, 'ngram_range_max': 1, 'max_df': 0.8681317791565104, 'min_df': 0.019100234259697126, 'dual': True, 'max_iter': 1860}. Best is trial 426 with value: 0.6404673130333858.
[I 2023-04-16 21:38:40,516] Trial 833 finished with value: 0.5739497710326475 and parameters: {'svc_c': 0.07225669168568201, 'ngram_range_max': 1, 'max_df': 0.8630590981389337, 'min_df': 0.030783259927127486, 'dual': True, 'max_iter': 1652}. Best is trial 426 with value: 0.6404673130333858.
[I 2023-04-16 21:38:41,141] Trial 834 finished with value: 0.5433870853431422 and parameters: {'svc_c': 0.009489745858066372, 'ngram_range_max': 1, 'max_df': 0.8554935214507596, 'min_df': 0.04571501401952465, 'dual': True, 'max_iter': 1949}. Best is trial 426 with value: 0.6404673130333858.
[I 2023-04-16 21:38:41,782] Trial 835 finished with value: 0.5747201938959816 and parameters: {'svc_c': 0.02793634048900089, 'ngram_range_max': 1, 'max_df': 0.8683228665493237, 'min_df': 0.03523096039162491, 'dual': True, 'max_iter': 2402}. Best is trial 426 with value: 0.6404673130333858.
[I 2023-04-16 21:38:42,305] Trial 836 finished with value: 0.49552820726211744 and parameters: {'svc_c': 0.0007939352104808298, 'ngram_range_max': 1, 'max_df': 0.8732263219949988, 'min_df': 0.08535785746228804, 'dual': True, 'max_iter': 2999}. Best is trial 426 with value: 0.6404673130333858.
[I 2023-04-16 21:38:42,840] Trial 837 finished with value: 0.5109282264889193 and parameters: {'svc_c': 0.7469808914933764, 'ngram_range_max': 1, 'max_df': 0.8698875804708766, 'min_df': 0.06504011139685491, 'dual': True, 'max_iter': 2558}. Best is trial 426 with value: 0.6404673130333858.
[I 2023-04-16 21:38:43,348] Trial 838 finished with value: 0.5039980520583203 and parameters: {'svc_c': 0.061009116490731416, 'ngram_range_max': 1, 'max_df': 0.7514668450793778, 'min_df': 0.07362508398179417, 'dual': True, 'max_iter': 2819}. Best is trial 426 with value: 0.6404673130333858.
[I 2023-04-16 21:38:44,324] Trial 839 finished with value: 0.6248893757183737 and parameters: {'svc_c': 0.00340710350064618, 'ngram_range_max': 1, 'max_df': 0.8900088524342379, 'min_df': 0.0066088498986512775, 'dual': True, 'max_iter': 2898}. Best is trial 426 with value: 0.6404673130333858.
[I 2023-04-16 21:38:44,832] Trial 840 finished with value: 0.5123493608140937 and parameters: {'svc_c': 0.017309042880560885, 'ngram_range_max': 1, 'max_df': 0.7063300050078049, 'min_df': 0.07060701467531708, 'dual': True, 'max_iter': 1793}. Best is trial 426 with value: 0.6404673130333858.
[I 2023-04-16 21:38:45,746] Trial 841 finished with value: 0.5712852275007825 and parameters: {'svc_c': 8.530476024105084e-08, 'ngram_range_max': 1, 'max_df': 0.8653443345325275, 'min_df': 0.008408906872357116, 'dual': True, 'max_iter': 2038}. Best is trial 426 with value: 0.6404673130333858.
[I 2023-04-16 21:38:46,909] Trial 842 finished with value: 0.6368539724397128 and parameters: {'svc_c': 0.007904045289883392, 'ngram_range_max': 1, 'max_df': 0.9743994542247263, 'min_df': 0.00502910439079142, 'dual': True, 'max_iter': 2947}. Best is trial 426 with value: 0.6404673130333858.
[I 2023-04-16 21:38:47,529] Trial 843 finished with value: 0.5341458703776732 and parameters: {'svc_c': 0.12509654066568496, 'ngram_range_max': 1, 'max_df': 0.8590641408981292, 'min_df': 0.05314017943318019, 'dual': True, 'max_iter': 2180}. Best is trial 426 with value: 0.6404673130333858.
[I 2023-04-16 21:38:48,035] Trial 844 finished with value: 0.49552820726211744 and parameters: {'svc_c': 0.03599640959838335, 'ngram_range_max': 1, 'max_df': 0.7022586470697144, 'min_df': 0.08745369408932202, 'dual': True, 'max_iter': 2309}. Best is trial 426 with value: 0.6404673130333858.
[I 2023-04-16 21:38:48,706] Trial 845 finished with value: 0.5735350966322221 and parameters: {'svc_c': 0.4685554475811486, 'ngram_range_max': 1, 'max_df': 0.9916998879450873, 'min_df': 0.03209647561119387, 'dual': True, 'max_iter': 2472}. Best is trial 426 with value: 0.6404673130333858.
[I 2023-04-16 21:38:49,224] Trial 846 finished with value: 0.49552820726211744 and parameters: {'svc_c': 0.016147636084564848, 'ngram_range_max': 1, 'max_df': 0.8583801420010304, 'min_df': 0.08812649931413241, 'dual': True, 'max_iter': 2572}. Best is trial 426 with value: 0.6404673130333858.
[I 2023-04-16 21:38:50,087] Trial 847 finished with value: 0.6129838979042785 and parameters: {'svc_c': 0.00018691174438424316, 'ngram_range_max': 1, 'max_df': 0.9633973209653881, 'min_df': 0.010057796116271916, 'dual': True, 'max_iter': 3467}. Best is trial 426 with value: 0.6404673130333858.
[I 2023-04-16 21:38:51,144] Trial 848 finished with value: 0.6266660304513246 and parameters: {'svc_c': 0.0560342492978952, 'ngram_range_max': 1, 'max_df': 0.8777008095423288, 'min_df': 0.006701552301348349, 'dual': True, 'max_iter': 2758}. Best is trial 426 with value: 0.6404673130333858.
[I 2023-04-16 21:38:51,838] Trial 849 finished with value: 0.5783327099826397 and parameters: {'svc_c': 3.860123602865921e-07, 'ngram_range_max': 1, 'max_df': 0.7002690581242932, 'min_df': 0.023981597088856638, 'dual': True, 'max_iter': 2650}. Best is trial 426 with value: 0.6404673130333858.
[I 2023-04-16 21:38:52,818] Trial 850 finished with value: 0.6234672239164574 and parameters: {'svc_c': 0.24616078522192575, 'ngram_range_max': 1, 'max_df': 0.7107771754299894, 'min_df': 0.0067388171171695, 'dual': True, 'max_iter': 2411}. Best is trial 426 with value: 0.6404673130333858.
[I 2023-04-16 21:38:53,340] Trial 851 finished with value: 0.5109282264889193 and parameters: {'svc_c': 0.0038792238763048015, 'ngram_range_max': 1, 'max_df': 0.746687143727713, 'min_df': 0.06173982950295051, 'dual': True, 'max_iter': 2513}. Best is trial 426 with value: 0.6404673130333858.
[I 2023-04-16 21:38:53,850] Trial 852 finished with value: 0.5039980520583203 and parameters: {'svc_c': 0.028116658355590997, 'ngram_range_max': 1, 'max_df': 0.7000302846951498, 'min_df': 0.07535013391921525, 'dual': True, 'max_iter': 1728}. Best is trial 426 with value: 0.6404673130333858.
[I 2023-04-16 21:38:54,642] Trial 853 finished with value: 0.5779774527153998 and parameters: {'svc_c': 1.0772966096913721e-10, 'ngram_range_max': 1, 'max_df': 0.7395449273405695, 'min_df': 0.018981967317268228, 'dual': True, 'max_iter': 3037}. Best is trial 426 with value: 0.6404673130333858.
[I 2023-04-16 21:38:55,694] Trial 854 finished with value: 0.5546412377008113 and parameters: {'svc_c': 2.467846431147487e-10, 'ngram_range_max': 1, 'max_df': 0.9372963272142292, 'min_df': 0.005056053057771303, 'dual': True, 'max_iter': 2128}. Best is trial 426 with value: 0.6404673130333858.
[I 2023-04-16 21:38:56,577] Trial 855 finished with value: 0.5723513501565511 and parameters: {'svc_c': 4.212403023705689e-08, 'ngram_range_max': 1, 'max_df': 0.8971715669194398, 'min_df': 0.008484309825774198, 'dual': True, 'max_iter': 2712}. Best is trial 426 with value: 0.6404673130333858.
[I 2023-04-16 21:38:57,113] Trial 856 finished with value: 0.5407810116385305 and parameters: {'svc_c': 0.08526493982640303, 'ngram_range_max': 1, 'max_df': 0.7161920189496493, 'min_df': 0.04769183842944314, 'dual': True, 'max_iter': 1835}. Best is trial 426 with value: 0.6404673130333858.
[I 2023-04-16 21:38:57,630] Trial 857 finished with value: 0.5269201364962592 and parameters: {'svc_c': 0.008201839791493306, 'ngram_range_max': 1, 'max_df': 0.7110626721916643, 'min_df': 0.060068129333330667, 'dual': True, 'max_iter': 1486}. Best is trial 426 with value: 0.6404673130333858.
[I 2023-04-16 21:38:58,581] Trial 858 finished with value: 0.6122139311512083 and parameters: {'svc_c': 0.0017099657176342278, 'ngram_range_max': 1, 'max_df': 0.977178853010564, 'min_df': 0.012019166023261689, 'dual': True, 'max_iter': 2601}. Best is trial 426 with value: 0.6404673130333858.
[I 2023-04-16 21:38:59,672] Trial 859 finished with value: 0.6404671551490638 and parameters: {'svc_c': 0.01850758875399009, 'ngram_range_max': 1, 'max_df': 0.9438770252962748, 'min_df': 0.005029093955774204, 'dual': True, 'max_iter': 2295}. Best is trial 426 with value: 0.6404673130333858.
[I 2023-04-16 21:39:00,610] Trial 860 finished with value: 0.6275546911291465 and parameters: {'svc_c': 0.01207684338233123, 'ngram_range_max': 1, 'max_df': 0.9411853943996921, 'min_df': 0.007946129550363414, 'dual': True, 'max_iter': 2340}. Best is trial 426 with value: 0.6404673130333858.
[I 2023-04-16 21:39:01,138] Trial 861 finished with value: 0.5151331947225937 and parameters: {'svc_c': 9.54358557166691e-06, 'ngram_range_max': 1, 'max_df': 0.9266831257252114, 'min_df': 0.06768951648735963, 'dual': True, 'max_iter': 2164}. Best is trial 426 with value: 0.6404673130333858.
[I 2023-04-16 21:39:01,935] Trial 862 finished with value: 0.5940296219056427 and parameters: {'svc_c': 0.004667604257088365, 'ngram_range_max': 1, 'max_df': 0.9567148518472665, 'min_df': 0.02180305890802714, 'dual': True, 'max_iter': 2215}. Best is trial 426 with value: 0.6404673130333858.
[I 2023-04-16 21:39:02,586] Trial 863 finished with value: 0.5745424512347957 and parameters: {'svc_c': 0.014627287611541386, 'ngram_range_max': 1, 'max_df': 0.9109246316986591, 'min_df': 0.03808063323221405, 'dual': True, 'max_iter': 2283}. Best is trial 426 with value: 0.6404673130333858.
[I 2023-04-16 21:39:03,503] Trial 864 finished with value: 0.6223426665188402 and parameters: {'svc_c': 0.030264421102648098, 'ngram_range_max': 1, 'max_df': 0.9877489096227275, 'min_df': 0.009919684098781096, 'dual': True, 'max_iter': 1999}. Best is trial 426 with value: 0.6404673130333858.
[I 2023-04-16 21:39:04,016] Trial 865 finished with value: 0.5291114831723381 and parameters: {'svc_c': 0.0011215732249786616, 'ngram_range_max': 1, 'max_df': 0.7495149011739974, 'min_df': 0.0553833849255373, 'dual': True, 'max_iter': 2316}. Best is trial 426 with value: 0.6404673130333858.
[I 2023-04-16 21:39:04,650] Trial 866 finished with value: 0.5393588949220193 and parameters: {'svc_c': 0.007174044978488825, 'ngram_range_max': 1, 'max_df': 0.8780743701936123, 'min_df': 0.049019808402343004, 'dual': True, 'max_iter': 2225}. Best is trial 426 with value: 0.6404673130333858.
[I 2023-04-16 21:39:05,178] Trial 867 finished with value: 0.5039980520583203 and parameters: {'svc_c': 0.023288863896134143, 'ngram_range_max': 1, 'max_df': 0.9523858351587057, 'min_df': 0.07226793650307015, 'dual': True, 'max_iter': 1688}. Best is trial 426 with value: 0.6404673130333858.
[I 2023-04-16 21:39:06,267] Trial 868 finished with value: 0.6249483191985933 and parameters: {'svc_c': 0.12278240520983079, 'ngram_range_max': 1, 'max_df': 0.8576422082432099, 'min_df': 0.006606769600486232, 'dual': True, 'max_iter': 2073}. Best is trial 426 with value: 0.6404673130333858.
[I 2023-04-16 21:39:06,918] Trial 869 finished with value: 0.5747201412678742 and parameters: {'svc_c': 0.003432826667630205, 'ngram_range_max': 1, 'max_df': 0.95288608303279, 'min_df': 0.036304340085134126, 'dual': True, 'max_iter': 1292}. Best is trial 426 with value: 0.6404673130333858.
[I 2023-04-16 21:39:07,737] Trial 870 finished with value: 0.5786889847266214 and parameters: {'svc_c': 2.449486684955972e-07, 'ngram_range_max': 1, 'max_df': 0.9025235223787971, 'min_df': 0.013882933316240112, 'dual': True, 'max_iter': 2933}. Best is trial 426 with value: 0.6404673130333858.
[I 2023-04-16 21:39:08,698] Trial 871 finished with value: 0.626666047994027 and parameters: {'svc_c': 0.04558892253078248, 'ngram_range_max': 1, 'max_df': 0.9184823055506119, 'min_df': 0.006968319003411989, 'dual': True, 'max_iter': 2428}. Best is trial 426 with value: 0.6404673130333858.
[I 2023-04-16 21:39:09,209] Trial 872 finished with value: 0.5109282264889193 and parameters: {'svc_c': 0.013476013619749554, 'ngram_range_max': 1, 'max_df': 0.9329627187988577, 'min_df': 0.06416639343807695, 'dual': True, 'max_iter': 1535}. Best is trial 426 with value: 0.6404673130333858.
[I 2023-04-16 21:39:10,138] Trial 873 finished with value: 0.6220460194204733 and parameters: {'svc_c': 0.15116871741992194, 'ngram_range_max': 1, 'max_df': 0.9801393827674123, 'min_df': 0.008645218070449167, 'dual': True, 'max_iter': 1587}. Best is trial 426 with value: 0.6404673130333858.
[I 2023-04-16 21:39:11,048] Trial 874 finished with value: 0.6024999403548117 and parameters: {'svc_c': 0.3812404545270651, 'ngram_range_max': 1, 'max_df': 0.8829103469046784, 'min_df': 0.017008617936679758, 'dual': True, 'max_iter': 2811}. Best is trial 426 with value: 0.6404673130333858.
[I 2023-04-16 21:39:11,665] Trial 875 finished with value: 0.5509091856396842 and parameters: {'svc_c': 0.028674805762169044, 'ngram_range_max': 1, 'max_df': 0.8843002391087609, 'min_df': 0.04358564696637772, 'dual': True, 'max_iter': 2275}. Best is trial 426 with value: 0.6404673130333858.
[I 2023-04-16 21:39:12,177] Trial 876 finished with value: 0.5273937894623091 and parameters: {'svc_c': 1.3104232494783292e-06, 'ngram_range_max': 1, 'max_df': 0.7581698304214111, 'min_df': 0.05809649526844746, 'dual': True, 'max_iter': 1766}. Best is trial 426 with value: 0.6404673130333858.
[I 2023-04-16 21:39:12,686] Trial 877 finished with value: 0.49552820726211744 and parameters: {'svc_c': 0.0005258022486467153, 'ngram_range_max': 1, 'max_df': 0.967512783402987, 'min_df': 0.08962185941735788, 'dual': True, 'max_iter': 2691}. Best is trial 426 with value: 0.6404673130333858.
[I 2023-04-16 21:39:13,201] Trial 878 finished with value: 0.49552820726211744 and parameters: {'svc_c': 0.007711414481427558, 'ngram_range_max': 1, 'max_df': 0.9497219410387181, 'min_df': 0.0833163304141296, 'dual': True, 'max_iter': 1047}. Best is trial 426 with value: 0.6404673130333858.
[I 2023-04-16 21:39:14,243] Trial 879 finished with value: 0.5636443104805717 and parameters: {'svc_c': 1.1822729636684073e-08, 'ngram_range_max': 1, 'max_df': 0.7628457965095411, 'min_df': 0.00675850906629393, 'dual': True, 'max_iter': 1094}. Best is trial 426 with value: 0.6404673130333858.
[I 2023-04-16 21:39:15,280] Trial 880 finished with value: 0.6275544455313123 and parameters: {'svc_c': 0.00011981987049242407, 'ngram_range_max': 1, 'max_df': 0.9108581022183216, 'min_df': 0.005080094899463177, 'dual': True, 'max_iter': 1908}. Best is trial 426 with value: 0.6404673130333858.
[I 2023-04-16 21:39:16,127] Trial 881 finished with value: 0.6170709616348116 and parameters: {'svc_c': 0.002437645778500646, 'ngram_range_max': 1, 'max_df': 0.9472229939638072, 'min_df': 0.011012441456729746, 'dual': True, 'max_iter': 2376}. Best is trial 426 with value: 0.6404673130333858.
[I 2023-04-16 21:39:17,230] Trial 882 finished with value: 0.636084146028262 and parameters: {'svc_c': 0.08952442669572508, 'ngram_range_max': 1, 'max_df': 0.9454172184387599, 'min_df': 0.005023342928222973, 'dual': True, 'max_iter': 3046}. Best is trial 426 with value: 0.6404673130333858.
[I 2023-04-16 21:39:18,168] Trial 883 finished with value: 0.6261921494301429 and parameters: {'svc_c': 0.019320623377188727, 'ngram_range_max': 1, 'max_df': 0.9075880177703565, 'min_df': 0.00820293869861627, 'dual': True, 'max_iter': 1388}. Best is trial 426 with value: 0.6404673130333858.
[I 2023-04-16 21:39:18,681] Trial 884 finished with value: 0.49807467086381674 and parameters: {'svc_c': 7.834928523417275e-05, 'ngram_range_max': 1, 'max_df': 0.9423275392381905, 'min_df': 0.09337724246753129, 'dual': True, 'max_iter': 1952}. Best is trial 426 with value: 0.6404673130333858.
[I 2023-04-16 21:39:19,314] Trial 885 finished with value: 0.5341458703776732 and parameters: {'svc_c': 0.08040846487527804, 'ngram_range_max': 1, 'max_df': 0.8703753082973846, 'min_df': 0.05188613704878198, 'dual': True, 'max_iter': 1226}. Best is trial 426 with value: 0.6404673130333858.
[I 2023-04-16 21:39:20,271] Trial 886 finished with value: 0.6265476172098122 and parameters: {'svc_c': 0.045175009066297796, 'ngram_range_max': 1, 'max_df': 0.872990611948167, 'min_df': 0.006777140592920184, 'dual': True, 'max_iter': 2597}. Best is trial 426 with value: 0.6404673130333858.
[I 2023-04-16 21:39:21,155] Trial 887 finished with value: 0.622638839964241 and parameters: {'svc_c': 0.006725679423488329, 'ngram_range_max': 1, 'max_df': 0.9264861943371256, 'min_df': 0.009881100655770728, 'dual': True, 'max_iter': 2837}. Best is trial 426 with value: 0.6404673130333858.
[I 2023-04-16 21:39:22,194] Trial 888 finished with value: 0.5651842615294148 and parameters: {'svc_c': 8.518692071602753e-07, 'ngram_range_max': 1, 'max_df': 0.8618476374499892, 'min_df': 0.006755226535585452, 'dual': True, 'max_iter': 2107}. Best is trial 426 with value: 0.6404673130333858.
[I 2023-04-16 21:39:23,172] Trial 889 finished with value: 0.619913581139209 and parameters: {'svc_c': 1.0935634558777867, 'ngram_range_max': 1, 'max_df': 0.7421481355518342, 'min_df': 0.008387149858578342, 'dual': True, 'max_iter': 2471}. Best is trial 426 with value: 0.6404673130333858.
[I 2023-04-16 21:39:24,118] Trial 890 finished with value: 0.6133983968776797 and parameters: {'svc_c': 0.35932585109715603, 'ngram_range_max': 1, 'max_df': 0.9741389758621296, 'min_df': 0.012150130324618404, 'dual': True, 'max_iter': 1638}. Best is trial 426 with value: 0.6404673130333858.
[I 2023-04-16 21:39:25,053] Trial 891 finished with value: 0.6272586404826629 and parameters: {'svc_c': 0.01801309487629855, 'ngram_range_max': 1, 'max_df': 0.7314709480475772, 'min_df': 0.0067626949460207865, 'dual': True, 'max_iter': 3519}. Best is trial 426 with value: 0.6404673130333858.
[I 2023-04-16 21:39:25,566] Trial 892 finished with value: 0.5268609123328005 and parameters: {'svc_c': 0.18546135062007144, 'ngram_range_max': 1, 'max_df': 0.8793157790891597, 'min_df': 0.05999594919462721, 'dual': True, 'max_iter': 1236}. Best is trial 426 with value: 0.6404673130333858.
[I 2023-04-16 21:39:26,226] Trial 893 finished with value: 0.5748382036553379 and parameters: {'svc_c': 0.0030659671594573247, 'ngram_range_max': 1, 'max_df': 0.7623325259678345, 'min_df': 0.025668604910106852, 'dual': True, 'max_iter': 2738}. Best is trial 426 with value: 0.6404673130333858.
[I 2023-04-16 21:39:27,307] Trial 894 finished with value: 0.6395788804106957 and parameters: {'svc_c': 0.03537837046058792, 'ngram_range_max': 1, 'max_df': 0.8539221109727304, 'min_df': 0.005021011785571893, 'dual': True, 'max_iter': 2554}. Best is trial 426 with value: 0.6404673130333858.
[I 2023-04-16 21:39:28,269] Trial 895 finished with value: 0.6225797210569969 and parameters: {'svc_c': 0.009326445824064781, 'ngram_range_max': 1, 'max_df': 0.9650971854726098, 'min_df': 0.009674662276979867, 'dual': True, 'max_iter': 2519}. Best is trial 426 with value: 0.6404673130333858.
