[I 2023-04-16 21:35:10,110] Trial 602 finished with value: 0.540780994095828 and parameters: {'svc_c': 65.85096755796314, 'ngram_range_max': 3, 'max_df': 0.7216696116409688, 'min_df': 0.04712227194367464, 'dual': False, 'max_iter': 4218}. Best is trial 426 with value: 0.6404673130333858.
[I 2023-04-16 21:35:11,240] Trial 603 finished with value: 0.4978969983734406 and parameters: {'svc_c': 2.6908432113734504e-05, 'ngram_range_max': 2, 'max_df': 0.8276726303270902, 'min_df': 0.09935986930945134, 'dual': False, 'max_iter': 2316}. Best is trial 426 with value: 0.6404673130333858.
[I 2023-04-16 21:35:12,380] Trial 604 finished with value: 0.5039388278948617 and parameters: {'svc_c': 0.002065921215612587, 'ngram_range_max': 2, 'max_df': 0.9917616726389544, 'min_df': 0.07132207641170375, 'dual': False, 'max_iter': 4067}. Best is trial 426 with value: 0.6404673130333858.
D:\vkr_folder\venv\lib\site-packages\sklearn\svm\_base.py:1244: ConvergenceWarning: Liblinear failed to converge, increase the number of iterations.
  warnings.warn(
D:\vkr_folder\venv\lib\site-packages\sklearn\svm\_base.py:1244: ConvergenceWarning: Liblinear failed to converge, increase the number of iterations.
  warnings.warn(
D:\vkr_folder\venv\lib\site-packages\sklearn\svm\_base.py:1244: ConvergenceWarning: Liblinear failed to converge, increase the number of iterations.
  warnings.warn(
D:\vkr_folder\venv\lib\site-packages\sklearn\svm\_base.py:1244: ConvergenceWarning: Liblinear failed to converge, increase the number of iterations.
  warnings.warn(
D:\vkr_folder\venv\lib\site-packages\sklearn\svm\_base.py:1244: ConvergenceWarning: Liblinear failed to converge, increase the number of iterations.
  warnings.warn(
[I 2023-04-16 21:35:20,768] Trial 605 finished with value: 0.5694498047146364 and parameters: {'svc_c': 539254.7938202241, 'ngram_range_max': 2, 'max_df': 0.8122809710954579, 'min_df': 0.006613716662615103, 'dual': True, 'max_iter': 3882}. Best is trial 426 with value: 0.6404673130333858.
[I 2023-04-16 21:35:21,918] Trial 606 finished with value: 0.49552820726211744 and parameters: {'svc_c': 0.3852760750098475, 'ngram_range_max': 2, 'max_df': 0.7567336737651117, 'min_df': 0.08717302368471225, 'dual': False, 'max_iter': 4926}. Best is trial 426 with value: 0.6404673130333858.
[I 2023-04-16 21:35:23,161] Trial 607 finished with value: 0.5431501536039027 and parameters: {'svc_c': 59088636.74482867, 'ngram_range_max': 2, 'max_df': 0.8946877867027598, 'min_df': 0.04611986197024305, 'dual': False, 'max_iter': 4339}. Best is trial 426 with value: 0.6404673130333858.
[I 2023-04-16 21:35:24,429] Trial 608 finished with value: 0.5743649190860391 and parameters: {'svc_c': 1044332528.4119762, 'ngram_range_max': 2, 'max_df': 0.8383842860161528, 'min_df': 0.03823406836360237, 'dual': False, 'max_iter': 1750}. Best is trial 426 with value: 0.6404673130333858.
[I 2023-04-16 21:35:26,824] Trial 609 finished with value: 0.6401118101683116 and parameters: {'svc_c': 0.020518351050633474, 'ngram_range_max': 3, 'max_df': 0.7981445484734976, 'min_df': 0.005019122961168851, 'dual': False, 'max_iter': 3066}. Best is trial 426 with value: 0.6404673130333858.
[I 2023-04-16 21:35:28,349] Trial 610 finished with value: 0.6242968709432501 and parameters: {'svc_c': 0.03480246910433758, 'ngram_range_max': 2, 'max_df': 0.7985604087034728, 'min_df': 0.008785289170567121, 'dual': False, 'max_iter': 3313}. Best is trial 426 with value: 0.6404673130333858.
[I 2023-04-16 21:35:29,949] Trial 611 finished with value: 0.6286209365838324 and parameters: {'svc_c': 0.015203522780036678, 'ngram_range_max': 2, 'max_df': 0.789524953573936, 'min_df': 0.006603966932746622, 'dual': False, 'max_iter': 3468}. Best is trial 426 with value: 0.6404673130333858.
[I 2023-04-16 21:35:31,786] Trial 612 finished with value: 0.5268609123328005 and parameters: {'svc_c': 0.055023169553180755, 'ngram_range_max': 3, 'max_df': 0.8021660482684709, 'min_df': 0.057198050002052664, 'dual': False, 'max_iter': 3163}. Best is trial 426 with value: 0.6404673130333858.
[I 2023-04-16 21:35:33,289] Trial 613 finished with value: 0.5964579354063663 and parameters: {'svc_c': 0.006903063045358987, 'ngram_range_max': 2, 'max_df': 0.7954957167233255, 'min_df': 0.0187483654933902, 'dual': False, 'max_iter': 1867}. Best is trial 426 with value: 0.6404673130333858.
[I 2023-04-16 21:35:34,767] Trial 614 finished with value: 0.5743641296644292 and parameters: {'svc_c': 0.18435809147675913, 'ngram_range_max': 2, 'max_df': 0.8078398052268965, 'min_df': 0.024711163302404717, 'dual': False, 'max_iter': 2944}. Best is trial 426 with value: 0.6404673130333858.
[I 2023-04-16 21:35:36,456] Trial 615 finished with value: 0.6250077363317789 and parameters: {'svc_c': 0.0009616680976316639, 'ngram_range_max': 2, 'max_df': 0.9068883654063202, 'min_df': 0.005123115386055215, 'dual': False, 'max_iter': 3633}. Best is trial 426 with value: 0.6404673130333858.
[I 2023-04-16 21:35:37,626] Trial 616 finished with value: 0.6400525684621505 and parameters: {'svc_c': 0.019016238365668355, 'ngram_range_max': 1, 'max_df': 0.7869511662266144, 'min_df': 0.005020590010322991, 'dual': False, 'max_iter': 2644}. Best is trial 426 with value: 0.6404673130333858.
[I 2023-04-16 21:35:39,171] Trial 617 finished with value: 0.5827162453845149 and parameters: {'svc_c': 1.6077908760398766e-06, 'ngram_range_max': 2, 'max_df': 0.7820360283850056, 'min_df': 0.011500818232752903, 'dual': False, 'max_iter': 2978}. Best is trial 426 with value: 0.6404673130333858.
[I 2023-04-16 21:35:39,664] Trial 618 finished with value: 0.5109282264889193 and parameters: {'svc_c': 0.08206296540253857, 'ngram_range_max': 1, 'max_df': 0.7879746896173073, 'min_df': 0.06173933354051976, 'dual': False, 'max_iter': 3074}. Best is trial 426 with value: 0.6404673130333858.
[I 2023-04-16 21:35:40,674] Trial 619 finished with value: 0.6231126157292081 and parameters: {'svc_c': 0.014458643230292318, 'ngram_range_max': 1, 'max_df': 0.944288751384205, 'min_df': 0.008524410351924762, 'dual': False, 'max_iter': 2737}. Best is trial 426 with value: 0.6404673130333858.
[I 2023-04-16 21:35:42,371] Trial 620 finished with value: 0.6340701385312126 and parameters: {'svc_c': 0.0038764720362051835, 'ngram_range_max': 2, 'max_df': 0.7808563784573231, 'min_df': 0.00503271706316926, 'dual': False, 'max_iter': 2695}. Best is trial 426 with value: 0.6404673130333858.
[I 2023-04-16 21:35:43,320] Trial 621 finished with value: 0.626370102603758 and parameters: {'svc_c': 0.004308633037247659, 'ngram_range_max': 1, 'max_df': 0.7867562474517477, 'min_df': 0.0066977368874898335, 'dual': False, 'max_iter': 2874}. Best is trial 426 with value: 0.6404673130333858.
[I 2023-04-16 21:35:44,205] Trial 622 finished with value: 0.6057574974001715 and parameters: {'svc_c': 0.0049314548484339265, 'ngram_range_max': 1, 'max_df': 0.7937665852694907, 'min_df': 0.016159213670012204, 'dual': False, 'max_iter': 2679}. Best is trial 426 with value: 0.6404673130333858.
[I 2023-04-16 21:35:44,696] Trial 623 finished with value: 0.49552820726211744 and parameters: {'svc_c': 0.03275812320997182, 'ngram_range_max': 1, 'max_df': 0.7800950497802281, 'min_df': 0.07901086103295053, 'dual': False, 'max_iter': 2626}. Best is trial 426 with value: 0.6404673130333858.
[I 2023-04-16 21:35:45,862] Trial 624 finished with value: 0.6257185490922003 and parameters: {'svc_c': 0.001090780076121327, 'ngram_range_max': 1, 'max_df': 0.7904676035121201, 'min_df': 0.005010863800588041, 'dual': False, 'max_iter': 2195}. Best is trial 426 with value: 0.6404673130333858.
[I 2023-04-16 21:35:46,354] Trial 625 finished with value: 0.49552820726211744 and parameters: {'svc_c': 0.010083018959954192, 'ngram_range_max': 1, 'max_df': 0.7844985215141287, 'min_df': 0.07685180611097506, 'dual': False, 'max_iter': 2447}. Best is trial 426 with value: 0.6404673130333858.
[I 2023-04-16 21:35:47,211] Trial 626 finished with value: 0.6231718749780716 and parameters: {'svc_c': 0.0037154068080058117, 'ngram_range_max': 1, 'max_df': 0.7967221035903976, 'min_df': 0.009721773934906537, 'dual': False, 'max_iter': 2111}. Best is trial 426 with value: 0.6404673130333858.
[I 2023-04-16 21:35:48,103] Trial 627 finished with value: 0.6168932540590306 and parameters: {'svc_c': 0.00019499304145988237, 'ngram_range_max': 1, 'max_df': 0.8016806771648167, 'min_df': 0.007902202603771532, 'dual': False, 'max_iter': 2802}. Best is trial 426 with value: 0.6404673130333858.
[I 2023-04-16 21:35:49,170] Trial 628 finished with value: 0.6395195509910223 and parameters: {'svc_c': 0.021839121800015838, 'ngram_range_max': 1, 'max_df': 0.7795534470690674, 'min_df': 0.005014389580816482, 'dual': True, 'max_iter': 3196}. Best is trial 426 with value: 0.6404673130333858.
[I 2023-04-16 21:35:50,233] Trial 629 finished with value: 0.6292130378767997 and parameters: {'svc_c': 0.022564108618571548, 'ngram_range_max': 1, 'max_df': 0.778159474567, 'min_df': 0.006567393469703571, 'dual': False, 'max_iter': 3264}. Best is trial 426 with value: 0.6404673130333858.
[I 2023-04-16 21:35:51,114] Trial 630 finished with value: 0.6179002402648527 and parameters: {'svc_c': 0.0019005019180333299, 'ngram_range_max': 1, 'max_df': 0.775434213918186, 'min_df': 0.008423591805571097, 'dual': True, 'max_iter': 3039}. Best is trial 426 with value: 0.6404673130333858.
[I 2023-04-16 21:35:51,887] Trial 631 finished with value: 0.5936146668219779 and parameters: {'svc_c': 0.017579813277024306, 'ngram_range_max': 1, 'max_df': 0.7838344825818788, 'min_df': 0.02080381922749623, 'dual': True, 'max_iter': 2719}. Best is trial 426 with value: 0.6404673130333858.
[I 2023-04-16 21:35:52,391] Trial 632 finished with value: 0.49552820726211744 and parameters: {'svc_c': 0.07769196536273003, 'ngram_range_max': 1, 'max_df': 0.734358638810888, 'min_df': 0.08620627919628464, 'dual': True, 'max_iter': 3106}. Best is trial 426 with value: 0.6404673130333858.
[I 2023-04-16 21:35:53,021] Trial 633 finished with value: 0.5310067090311235 and parameters: {'svc_c': 0.009684980929167022, 'ngram_range_max': 1, 'max_df': 0.7893071369075434, 'min_df': 0.055765793448707544, 'dual': True, 'max_iter': 2259}. Best is trial 426 with value: 0.6404673130333858.
[I 2023-04-16 21:35:53,523] Trial 634 finished with value: 0.49552820726211744 and parameters: {'svc_c': 0.03434991940196984, 'ngram_range_max': 1, 'max_df': 0.7703750677077781, 'min_df': 0.09754813994973971, 'dual': True, 'max_iter': 3175}. Best is trial 426 with value: 0.6404673130333858.
[I 2023-04-16 21:35:54,448] Trial 635 finished with value: 0.6125695217297946 and parameters: {'svc_c': 0.11504746291691617, 'ngram_range_max': 1, 'max_df': 0.743144495311895, 'min_df': 0.012717241665083416, 'dual': True, 'max_iter': 2632}. Best is trial 426 with value: 0.6404673130333858.
[I 2023-04-16 21:35:54,943] Trial 636 finished with value: 0.49552820726211744 and parameters: {'svc_c': 0.002475668919609708, 'ngram_range_max': 1, 'max_df': 0.7817091350654212, 'min_df': 0.08284191538321224, 'dual': True, 'max_iter': 3343}. Best is trial 426 with value: 0.6404673130333858.
[I 2023-04-16 21:35:56,017] Trial 637 finished with value: 0.6273767204128289 and parameters: {'svc_c': 0.029641646352587387, 'ngram_range_max': 1, 'max_df': 0.874479057512255, 'min_df': 0.006593284461199948, 'dual': True, 'max_iter': 2928}. Best is trial 426 with value: 0.6404673130333858.
[I 2023-04-16 21:35:56,650] Trial 638 finished with value: 0.5341458703776732 and parameters: {'svc_c': 0.7687001909499321, 'ngram_range_max': 1, 'max_df': 0.7936566987867085, 'min_df': 0.05178650471758956, 'dual': True, 'max_iter': 3229}. Best is trial 426 with value: 0.6404673130333858.
[I 2023-04-16 21:35:57,304] Trial 639 finished with value: 0.5307699176335035 and parameters: {'svc_c': 0.008502922370223957, 'ngram_range_max': 1, 'max_df': 0.7774384731615973, 'min_df': 0.05483534300719473, 'dual': True, 'max_iter': 2848}. Best is trial 426 with value: 0.6404673130333858.
[I 2023-04-16 21:35:58,367] Trial 640 finished with value: 0.6362025768124769 and parameters: {'svc_c': 0.1822798881794867, 'ngram_range_max': 1, 'max_df': 0.791946714477271, 'min_df': 0.005061359938233131, 'dual': True, 'max_iter': 3019}. Best is trial 426 with value: 0.6404673130333858.
[I 2023-04-16 21:35:59,319] Trial 641 finished with value: 0.6179594468856089 and parameters: {'svc_c': 0.1107056003962785, 'ngram_range_max': 1, 'max_df': 0.787952195545197, 'min_df': 0.010609911877358436, 'dual': True, 'max_iter': 2805}. Best is trial 426 with value: 0.6404673130333858.
[I 2023-04-16 21:35:59,926] Trial 642 finished with value: 0.539832775943201 and parameters: {'svc_c': 0.046617096136758046, 'ngram_range_max': 1, 'max_df': 0.7941980969442567, 'min_df': 0.04971741510394769, 'dual': True, 'max_iter': 2962}. Best is trial 426 with value: 0.6404673130333858.
[I 2023-04-16 21:36:00,432] Trial 643 finished with value: 0.49552820726211744 and parameters: {'svc_c': 0.25086406493739277, 'ngram_range_max': 1, 'max_df': 0.7852713324252052, 'min_df': 0.09136766784555041, 'dual': True, 'max_iter': 2485}. Best is trial 426 with value: 0.6404673130333858.
[I 2023-04-16 21:36:00,945] Trial 644 finished with value: 0.5307106934700447 and parameters: {'svc_c': 0.024630410164617034, 'ngram_range_max': 1, 'max_df': 0.7984131490490712, 'min_df': 0.053760899624932905, 'dual': True, 'max_iter': 3090}. Best is trial 426 with value: 0.6404673130333858.
D:\vkr_folder\venv\lib\site-packages\sklearn\svm\_base.py:1244: ConvergenceWarning: Liblinear failed to converge, increase the number of iterations.
  warnings.warn(
D:\vkr_folder\venv\lib\site-packages\sklearn\svm\_base.py:1244: ConvergenceWarning: Liblinear failed to converge, increase the number of iterations.
  warnings.warn(
D:\vkr_folder\venv\lib\site-packages\sklearn\svm\_base.py:1244: ConvergenceWarning: Liblinear failed to converge, increase the number of iterations.
  warnings.warn(
D:\vkr_folder\venv\lib\site-packages\sklearn\svm\_base.py:1244: ConvergenceWarning: Liblinear failed to converge, increase the number of iterations.
  warnings.warn(
D:\vkr_folder\venv\lib\site-packages\sklearn\svm\_base.py:1244: ConvergenceWarning: Liblinear failed to converge, increase the number of iterations.
  warnings.warn(
[I 2023-04-16 21:36:07,464] Trial 645 finished with value: 0.5721733092694237 and parameters: {'svc_c': 9920276438.14223, 'ngram_range_max': 1, 'max_df': 0.8851642699583611, 'min_df': 0.005087218755955514, 'dual': True, 'max_iter': 2864}. Best is trial 426 with value: 0.6404673130333858.
[I 2023-04-16 21:36:08,464] Trial 646 finished with value: 0.6267847068333737 and parameters: {'svc_c': 0.011257527521790774, 'ngram_range_max': 1, 'max_df': 0.7920284181678673, 'min_df': 0.008187731742175755, 'dual': True, 'max_iter': 2987}. Best is trial 426 with value: 0.6404673130333858.
[I 2023-04-16 21:36:08,980] Trial 647 finished with value: 0.5039980520583203 and parameters: {'svc_c': 0.09692337774499035, 'ngram_range_max': 1, 'max_df': 0.7740626738582836, 'min_df': 0.07242126227131873, 'dual': True, 'max_iter': 3150}. Best is trial 426 with value: 0.6404673130333858.
[I 2023-04-16 21:36:09,508] Trial 648 finished with value: 0.49552820726211744 and parameters: {'svc_c': 0.0006991123976867852, 'ngram_range_max': 1, 'max_df': 0.7827192067274052, 'min_df': 0.09304236702530694, 'dual': True, 'max_iter': 3007}. Best is trial 426 with value: 0.6404673130333858.
[I 2023-04-16 21:36:10,169] Trial 649 finished with value: 0.5739501569721015 and parameters: {'svc_c': 0.03343359538952346, 'ngram_range_max': 1, 'max_df': 0.7635125348701708, 'min_df': 0.0363536244471136, 'dual': True, 'max_iter': 2775}. Best is trial 426 with value: 0.6404673130333858.
[I 2023-04-16 21:36:11,277] Trial 650 finished with value: 0.6331222186045271 and parameters: {'svc_c': 0.004630023977790049, 'ngram_range_max': 1, 'max_df': 0.7992136744489183, 'min_df': 0.00506518411217352, 'dual': True, 'max_iter': 3320}. Best is trial 426 with value: 0.6404673130333858.
[I 2023-04-16 21:36:12,345] Trial 651 finished with value: 0.6336554290453823 and parameters: {'svc_c': 0.004747295471428803, 'ngram_range_max': 1, 'max_df': 0.8006158346247094, 'min_df': 0.005001335524023887, 'dual': True, 'max_iter': 3189}. Best is trial 426 with value: 0.6404673130333858.
[I 2023-04-16 21:36:13,404] Trial 652 finished with value: 0.633122446659659 and parameters: {'svc_c': 0.003924329398048904, 'ngram_range_max': 1, 'max_df': 0.8011952636129007, 'min_df': 0.0050123952833604915, 'dual': True, 'max_iter': 3317}. Best is trial 426 with value: 0.6404673130333858.
[I 2023-04-16 21:36:13,906] Trial 653 finished with value: 0.5109282264889193 and parameters: {'svc_c': 0.0022709042149135017, 'ngram_range_max': 1, 'max_df': 0.8009351748705853, 'min_df': 0.06321724985061611, 'dual': True, 'max_iter': 3292}. Best is trial 426 with value: 0.6404673130333858.
[I 2023-04-16 21:36:14,942] Trial 654 finished with value: 0.6251855140783695 and parameters: {'svc_c': 0.004135851306789077, 'ngram_range_max': 1, 'max_df': 0.799267747734862, 'min_df': 0.006980727571993851, 'dual': True, 'max_iter': 3200}. Best is trial 426 with value: 0.6404673130333858.
[I 2023-04-16 21:36:16,002] Trial 655 finished with value: 0.6279693304441671 and parameters: {'svc_c': 0.0016591109359509065, 'ngram_range_max': 1, 'max_df': 0.80463264334263, 'min_df': 0.005060555788657043, 'dual': True, 'max_iter': 3041}. Best is trial 426 with value: 0.6404673130333858.
[I 2023-04-16 21:36:16,885] Trial 656 finished with value: 0.6216321519843604 and parameters: {'svc_c': 0.007110615284622865, 'ngram_range_max': 1, 'max_df': 0.9586086303732169, 'min_df': 0.009560661111285302, 'dual': True, 'max_iter': 3248}. Best is trial 426 with value: 0.6404673130333858.
[I 2023-04-16 21:36:17,521] Trial 657 finished with value: 0.5735950926745884 and parameters: {'svc_c': 0.0004469143524037546, 'ngram_range_max': 1, 'max_df': 0.8070742022068654, 'min_df': 0.03380156138483663, 'dual': True, 'max_iter': 3367}. Best is trial 426 with value: 0.6404673130333858.
[I 2023-04-16 21:36:18,037] Trial 658 finished with value: 0.5109282264889193 and parameters: {'svc_c': 0.005338892039530463, 'ngram_range_max': 1, 'max_df': 0.9208890687284133, 'min_df': 0.06474194902818144, 'dual': True, 'max_iter': 3418}. Best is trial 426 with value: 0.6404673130333858.
[I 2023-04-16 21:36:19,085] Trial 659 finished with value: 0.6228162668567827 and parameters: {'svc_c': 0.0033112039387212084, 'ngram_range_max': 1, 'max_df': 0.7954434556617161, 'min_df': 0.006984432950306991, 'dual': True, 'max_iter': 3216}. Best is trial 426 with value: 0.6404673130333858.
[I 2023-04-16 21:36:19,591] Trial 660 finished with value: 0.49552820726211744 and parameters: {'svc_c': 0.012597691920820534, 'ngram_range_max': 1, 'max_df': 0.9899603226956364, 'min_df': 0.09961134819988746, 'dual': True, 'max_iter': 3107}. Best is trial 426 with value: 0.6404673130333858.
[I 2023-04-16 21:36:20,497] Trial 661 finished with value: 0.6223426138907329 and parameters: {'svc_c': 0.002292224334847111, 'ngram_range_max': 1, 'max_df': 0.7907570511743005, 'min_df': 0.008182901692002122, 'dual': True, 'max_iter': 3268}. Best is trial 426 with value: 0.6404673130333858.
[I 2023-04-16 21:36:21,138] Trial 662 finished with value: 0.5683231421927255 and parameters: {'svc_c': 0.01808435552433318, 'ngram_range_max': 1, 'max_df': 0.799836856958778, 'min_df': 0.04315561212426237, 'dual': True, 'max_iter': 3113}. Best is trial 426 with value: 0.6404673130333858.
[I 2023-04-16 21:36:22,096] Trial 663 finished with value: 0.6206245868693574 and parameters: {'svc_c': 0.0010327642514644099, 'ngram_range_max': 1, 'max_df': 0.8039787921672296, 'min_df': 0.0066690515126454145, 'dual': True, 'max_iter': 3394}. Best is trial 426 with value: 0.6404673130333858.
[I 2023-04-16 21:36:22,891] Trial 664 finished with value: 0.5979982373092583 and parameters: {'svc_c': 0.006904425044348082, 'ngram_range_max': 1, 'max_df': 0.7864782417358259, 'min_df': 0.017653962387973482, 'dual': True, 'max_iter': 3355}. Best is trial 426 with value: 0.6404673130333858.
[I 2023-04-16 21:36:23,532] Trial 665 finished with value: 0.5736536326726518 and parameters: {'svc_c': 0.01580862120990166, 'ngram_range_max': 1, 'max_df': 0.7685271690932305, 'min_df': 0.030942744990528195, 'dual': True, 'max_iter': 3159}. Best is trial 426 with value: 0.6404673130333858.
[I 2023-04-16 21:36:24,022] Trial 666 finished with value: 0.49552820726211744 and parameters: {'svc_c': 0.0006664888136002704, 'ngram_range_max': 1, 'max_df': 0.7962436270404706, 'min_df': 0.09475943226530735, 'dual': True, 'max_iter': 3036}. Best is trial 426 with value: 0.6404673130333858.
[I 2023-04-16 21:36:24,841] Trial 667 finished with value: 0.6102591478176176 and parameters: {'svc_c': 0.05087080464907166, 'ngram_range_max': 1, 'max_df': 0.7808647573173486, 'min_df': 0.014400369438927975, 'dual': True, 'max_iter': 3290}. Best is trial 426 with value: 0.6404673130333858.
[I 2023-04-16 21:36:25,687] Trial 668 finished with value: 0.6101407345761052 and parameters: {'svc_c': 0.0003062907586126479, 'ngram_range_max': 1, 'max_df': 0.8097648653382149, 'min_df': 0.011596857040339918, 'dual': True, 'max_iter': 3175}. Best is trial 426 with value: 0.6404673130333858.
[I 2023-04-16 21:36:26,734] Trial 669 finished with value: 0.6344847427608284 and parameters: {'svc_c': 0.005588096023257371, 'ngram_range_max': 1, 'max_df': 0.7909502633188974, 'min_df': 0.005015963912780405, 'dual': True, 'max_iter': 2902}. Best is trial 426 with value: 0.6404673130333858.
[I 2023-04-16 21:36:27,360] Trial 670 finished with value: 0.5735356579987003 and parameters: {'svc_c': 0.005174642288931162, 'ngram_range_max': 1, 'max_df': 0.7902009602218919, 'min_df': 0.03426859492735315, 'dual': True, 'max_iter': 2960}. Best is trial 426 with value: 0.6404673130333858.
