[I 2023-04-16 21:21:34,743] Trial 185 finished with value: 0.6213949395618815 and parameters: {'svc_c': 74305850.10112432, 'ngram_range_max': 2, 'max_df': 0.829843793846551, 'min_df': 0.009795777029561283, 'dual': False, 'max_iter': 2550}. Best is trial 79 with value: 0.6340700859031053.
[I 2023-04-16 21:21:36,925] Trial 186 finished with value: 0.6214532865902178 and parameters: {'svc_c': 3910250289.6029077, 'ngram_range_max': 2, 'max_df': 0.7761055422578251, 'min_df': 0.006801024664267525, 'dual': False, 'max_iter': 4087}. Best is trial 79 with value: 0.6340700859031053.
[I 2023-04-16 21:21:39,922] Trial 187 finished with value: 0.631760483869836 and parameters: {'svc_c': 880.6014946259946, 'ngram_range_max': 2, 'max_df': 0.8486094507025892, 'min_df': 0.005006637033344063, 'dual': False, 'max_iter': 4563}. Best is trial 79 with value: 0.6340700859031053.
[I 2023-04-16 21:21:42,226] Trial 188 finished with value: 0.6192031192328366 and parameters: {'svc_c': 2480393.966776154, 'ngram_range_max': 3, 'max_df': 0.8178876756790268, 'min_df': 0.01043709486882265, 'dual': False, 'max_iter': 4267}. Best is trial 79 with value: 0.6340700859031053.
[I 2023-04-16 21:21:43,431] Trial 189 finished with value: 0.5735942681675735 and parameters: {'svc_c': 100077.88075006187, 'ngram_range_max': 2, 'max_df': 0.8013468988748179, 'min_df': 0.029171469240321907, 'dual': False, 'max_iter': 3552}. Best is trial 79 with value: 0.6340700859031053.
[I 2023-04-16 21:21:45,210] Trial 190 finished with value: 0.6210392086416756 and parameters: {'svc_c': 12640271.830337547, 'ngram_range_max': 2, 'max_df': 0.8253713043261224, 'min_df': 0.008293663503184463, 'dual': False, 'max_iter': 1766}. Best is trial 79 with value: 0.6340700859031053.
[I 2023-04-16 21:21:47,900] Trial 191 finished with value: 0.632115863935993 and parameters: {'svc_c': 661726552.887747, 'ngram_range_max': 2, 'max_df': 0.8217448888038096, 'min_df': 0.005026484693461435, 'dual': False, 'max_iter': 4222}. Best is trial 79 with value: 0.6340700859031053.
[I 2023-04-16 21:21:49,774] Trial 192 finished with value: 0.6222233059713955 and parameters: {'svc_c': 1303888110.6059923, 'ngram_range_max': 2, 'max_df': 0.8132953417256403, 'min_df': 0.006894597725657909, 'dual': False, 'max_iter': 3977}. Best is trial 79 with value: 0.6340700859031053.
[I 2023-04-16 21:21:51,184] Trial 193 finished with value: 0.5753118741640902 and parameters: {'svc_c': 257184209.58051148, 'ngram_range_max': 2, 'max_df': 0.8197034516251134, 'min_df': 0.026130125678486073, 'dual': False, 'max_iter': 4148}. Best is trial 79 with value: 0.6340700859031053.
[I 2023-04-16 21:21:53,193] Trial 194 finished with value: 0.6225193917032841 and parameters: {'svc_c': 3979208815.4606457, 'ngram_range_max': 2, 'max_df': 0.8340230518286386, 'min_df': 0.006617912018264778, 'dual': False, 'max_iter': 4367}. Best is trial 79 with value: 0.6340700859031053.
[I 2023-04-16 21:21:56,517] Trial 195 finished with value: 0.6308124236015309 and parameters: {'svc_c': 603563925.3781723, 'ngram_range_max': 2, 'max_df': 0.806641189729964, 'min_df': 0.00509034874826391, 'dual': False, 'max_iter': 3853}. Best is trial 79 with value: 0.6340700859031053.
[I 2023-04-16 21:21:58,383] Trial 196 finished with value: 0.6215128966931305 and parameters: {'svc_c': 74744684.76449518, 'ngram_range_max': 2, 'max_df': 0.7827927940783579, 'min_df': 0.00836843451727721, 'dual': False, 'max_iter': 4750}. Best is trial 79 with value: 0.6340700859031053.
D:\vkr_folder\venv\lib\site-packages\sklearn\svm\_base.py:1244: ConvergenceWarning: Liblinear failed to converge, increase the number of iterations.
  warnings.warn(
D:\vkr_folder\venv\lib\site-packages\sklearn\svm\_base.py:1244: ConvergenceWarning: Liblinear failed to converge, increase the number of iterations.
  warnings.warn(
D:\vkr_folder\venv\lib\site-packages\sklearn\svm\_base.py:1244: ConvergenceWarning: Liblinear failed to converge, increase the number of iterations.
  warnings.warn(
D:\vkr_folder\venv\lib\site-packages\sklearn\svm\_base.py:1244: ConvergenceWarning: Liblinear failed to converge, increase the number of iterations.
  warnings.warn(
D:\vkr_folder\venv\lib\site-packages\sklearn\svm\_base.py:1244: ConvergenceWarning: Liblinear failed to converge, increase the number of iterations.
  warnings.warn(
[I 2023-04-16 21:22:06,289] Trial 197 finished with value: 0.5424406740888672 and parameters: {'svc_c': 662239.5119074535, 'ngram_range_max': 2, 'max_df': 0.840314021744405, 'min_df': 0.009715181676932694, 'dual': True, 'max_iter': 4031}. Best is trial 79 with value: 0.6340700859031053.
[I 2023-04-16 21:22:07,480] Trial 198 finished with value: 0.49552820726211744 and parameters: {'svc_c': 1847786788.827467, 'ngram_range_max': 2, 'max_df': 0.8243142075245268, 'min_df': 0.08567247232435915, 'dual': False, 'max_iter': 2244}. Best is trial 79 with value: 0.6340700859031053.
[I 2023-04-16 21:22:09,122] Trial 199 finished with value: 0.6177222870912374 and parameters: {'svc_c': 0.00017108196921656528, 'ngram_range_max': 2, 'max_df': 0.7928050473991942, 'min_df': 0.00686962216882812, 'dual': False, 'max_iter': 4492}. Best is trial 79 with value: 0.6340700859031053.
[I 2023-04-16 21:22:12,783] Trial 200 finished with value: 0.6322343999764226 and parameters: {'svc_c': 15698.499267677078, 'ngram_range_max': 3, 'max_df': 0.8116780992474137, 'min_df': 0.005025056288288896, 'dual': False, 'max_iter': 4275}. Best is trial 79 with value: 0.6340700859031053.
[I 2023-04-16 21:22:16,141] Trial 201 finished with value: 0.6309310298127703 and parameters: {'svc_c': 360422.93976122735, 'ngram_range_max': 3, 'max_df': 0.8135940668114431, 'min_df': 0.005090076739516385, 'dual': False, 'max_iter': 4233}. Best is trial 79 with value: 0.6340700859031053.
[I 2023-04-16 21:22:18,846] Trial 202 finished with value: 0.6213347680924908 and parameters: {'svc_c': 2413335.868943522, 'ngram_range_max': 3, 'max_df': 0.8025366768426894, 'min_df': 0.006767275217515597, 'dual': False, 'max_iter': 4333}. Best is trial 79 with value: 0.6340700859031053.
[I 2023-04-16 21:22:21,414] Trial 203 finished with value: 0.6218679609906435 and parameters: {'svc_c': 226.05388292302388, 'ngram_range_max': 3, 'max_df': 0.8095464543708698, 'min_df': 0.008887936492024526, 'dual': False, 'max_iter': 4123}. Best is trial 79 with value: 0.6340700859031053.
[I 2023-04-16 21:22:24,071] Trial 204 finished with value: 0.6224600447409083 and parameters: {'svc_c': 32054.351157655427, 'ngram_range_max': 3, 'max_df': 0.8193533053071974, 'min_df': 0.006720317847915127, 'dual': False, 'max_iter': 4592}. Best is trial 79 with value: 0.6340700859031053.
[I 2023-04-16 21:22:26,558] Trial 205 finished with value: 0.6214536725296718 and parameters: {'svc_c': 212794.02174227466, 'ngram_range_max': 3, 'max_df': 0.8276325995846039, 'min_df': 0.008072612411701582, 'dual': False, 'max_iter': 3736}. Best is trial 79 with value: 0.6340700859031053.
[I 2023-04-16 21:22:29,867] Trial 206 finished with value: 0.6308124236015309 and parameters: {'svc_c': 1560637.9137133076, 'ngram_range_max': 2, 'max_df': 0.7973149447861148, 'min_df': 0.005046511456786702, 'dual': False, 'max_iter': 3971}. Best is trial 79 with value: 0.6340700859031053.
[I 2023-04-16 21:22:31,804] Trial 207 finished with value: 0.5735943383383832 and parameters: {'svc_c': 7.284926323738464, 'ngram_range_max': 3, 'max_df': 0.8334836912360439, 'min_df': 0.03143680738321472, 'dual': False, 'max_iter': 4373}. Best is trial 79 with value: 0.6340700859031053.
[I 2023-04-16 21:22:33,434] Trial 208 finished with value: 0.6136947106646999 and parameters: {'svc_c': 5140471.982650792, 'ngram_range_max': 2, 'max_df': 0.7876667428251504, 'min_df': 0.012183181012766747, 'dual': False, 'max_iter': 4188}. Best is trial 79 with value: 0.6340700859031053.
[I 2023-04-16 21:22:34,652] Trial 209 finished with value: 0.5740091706231308 and parameters: {'svc_c': 2192.8363395709143, 'ngram_range_max': 2, 'max_df': 0.7740506441500036, 'min_df': 0.03884907123914992, 'dual': False, 'max_iter': 3856}. Best is trial 79 with value: 0.6340700859031053.
[I 2023-04-16 21:22:36,275] Trial 210 finished with value: 0.6179000823805307 and parameters: {'svc_c': 696462857.8659415, 'ngram_range_max': 2, 'max_df': 0.8157836935888835, 'min_df': 0.010618352675822382, 'dual': False, 'max_iter': 1465}. Best is trial 79 with value: 0.6340700859031053.
[I 2023-04-16 21:22:38,718] Trial 211 finished with value: 0.6320566397725342 and parameters: {'svc_c': 589743438.1685605, 'ngram_range_max': 2, 'max_df': 0.8207879431958512, 'min_df': 0.005033229053685468, 'dual': False, 'max_iter': 4246}. Best is trial 79 with value: 0.6340700859031053.
[I 2023-04-16 21:22:40,607] Trial 212 finished with value: 0.6214532865902178 and parameters: {'svc_c': 222585199.2678158, 'ngram_range_max': 2, 'max_df': 0.8210219979581257, 'min_df': 0.006798643359749839, 'dual': False, 'max_iter': 4077}. Best is trial 79 with value: 0.6340700859031053.
[I 2023-04-16 21:22:41,833] Trial 213 finished with value: 0.5738315332181596 and parameters: {'svc_c': 1042837587.2348108, 'ngram_range_max': 2, 'max_df': 0.8258960068764114, 'min_df': 0.03514223805631944, 'dual': False, 'max_iter': 4215}. Best is trial 79 with value: 0.6340700859031053.
[I 2023-04-16 21:22:45,172] Trial 214 finished with value: 0.6308124236015309 and parameters: {'svc_c': 2155857660.2687087, 'ngram_range_max': 2, 'max_df': 0.8094525087173522, 'min_df': 0.005073522978325009, 'dual': False, 'max_iter': 4448}. Best is trial 79 with value: 0.6340700859031053.
[I 2023-04-16 21:22:47,067] Trial 215 finished with value: 0.6210392086416756 and parameters: {'svc_c': 5848586520.553415, 'ngram_range_max': 2, 'max_df': 0.8149508298784768, 'min_df': 0.00831227923816276, 'dual': False, 'max_iter': 3998}. Best is trial 79 with value: 0.6340700859031053.
[I 2023-04-16 21:22:49,059] Trial 216 finished with value: 0.5668422047949118 and parameters: {'svc_c': 27624867.452866502, 'ngram_range_max': 3, 'max_df': 0.8061420192033375, 'min_df': 0.04287670851706291, 'dual': False, 'max_iter': 4692}. Best is trial 79 with value: 0.6340700859031053.
[I 2023-04-16 21:22:52,200] Trial 217 finished with value: 0.6308124236015309 and parameters: {'svc_c': 361655968.78085816, 'ngram_range_max': 2, 'max_df': 0.8306736202303697, 'min_df': 0.005076528150139309, 'dual': False, 'max_iter': 2916}. Best is trial 79 with value: 0.6340700859031053.
[I 2023-04-16 21:22:54,107] Trial 218 finished with value: 0.6216310292514038 and parameters: {'svc_c': 718107.1009507156, 'ngram_range_max': 2, 'max_df': 0.9842372232967851, 'min_df': 0.006984279865827483, 'dual': False, 'max_iter': 4290}. Best is trial 79 with value: 0.6340700859031053.
[I 2023-04-16 21:22:55,560] Trial 219 finished with value: 0.592666922322317 and parameters: {'svc_c': 9801212.545855151, 'ngram_range_max': 2, 'max_df': 0.8219137552102801, 'min_df': 0.021856238454292447, 'dual': False, 'max_iter': 4126}. Best is trial 79 with value: 0.6340700859031053.
[I 2023-04-16 21:22:57,374] Trial 220 finished with value: 0.6218090701385313 and parameters: {'svc_c': 104752914.47618, 'ngram_range_max': 2, 'max_df': 0.7809630940138368, 'min_df': 0.008530972396536454, 'dual': False, 'max_iter': 4472}. Best is trial 79 with value: 0.6340700859031053.
[I 2023-04-16 21:22:59,915] Trial 221 finished with value: 0.6330040509608489 and parameters: {'svc_c': 9297.132615614393, 'ngram_range_max': 2, 'max_df': 0.8206278525895117, 'min_df': 0.0051689398132522294, 'dual': False, 'max_iter': 4232}. Best is trial 79 with value: 0.6340700859031053.
[I 2023-04-16 21:23:01,762] Trial 222 finished with value: 0.6222233059713955 and parameters: {'svc_c': 11528.846158676184, 'ngram_range_max': 2, 'max_df': 0.8152682078774758, 'min_df': 0.006880630487991504, 'dual': False, 'max_iter': 4291}. Best is trial 79 with value: 0.6340700859031053.
[I 2023-04-16 21:23:04,927] Trial 223 finished with value: 0.6308716477649894 and parameters: {'svc_c': 7695.427096979846, 'ngram_range_max': 2, 'max_df': 0.8235782562518105, 'min_df': 0.0050640057152737126, 'dual': False, 'max_iter': 3932}. Best is trial 79 with value: 0.6340700859031053.
[I 2023-04-16 21:23:06,803] Trial 224 finished with value: 0.6214532865902178 and parameters: {'svc_c': 27511.87024242545, 'ngram_range_max': 2, 'max_df': 0.8304089396035602, 'min_df': 0.006789154800020068, 'dual': False, 'max_iter': 3647}. Best is trial 79 with value: 0.6340700859031053.
[I 2023-04-16 21:23:08,570] Trial 225 finished with value: 0.6221641695214492 and parameters: {'svc_c': 63951.71184357746, 'ngram_range_max': 2, 'max_df': 0.8384692061059847, 'min_df': 0.008799829158438717, 'dual': False, 'max_iter': 4137}. Best is trial 79 with value: 0.6340700859031053.
[I 2023-04-16 21:23:11,162] Trial 226 finished with value: 0.6317009614804358 and parameters: {'svc_c': 171322.39408366638, 'ngram_range_max': 2, 'max_df': 0.8108861982776119, 'min_df': 0.005100337580769798, 'dual': False, 'max_iter': 4363}. Best is trial 79 with value: 0.6340700859031053.
[I 2023-04-16 21:23:13,136] Trial 227 finished with value: 0.6219273079530192 and parameters: {'svc_c': 1300400.467585873, 'ngram_range_max': 2, 'max_df': 0.767408822678016, 'min_df': 0.006864565868271335, 'dual': False, 'max_iter': 3815}. Best is trial 79 with value: 0.6340700859031053.
D:\vkr_folder\venv\lib\site-packages\sklearn\svm\_base.py:1244: ConvergenceWarning: Liblinear failed to converge, increase the number of iterations.
  warnings.warn(
D:\vkr_folder\venv\lib\site-packages\sklearn\svm\_base.py:1244: ConvergenceWarning: Liblinear failed to converge, increase the number of iterations.
  warnings.warn(
D:\vkr_folder\venv\lib\site-packages\sklearn\svm\_base.py:1244: ConvergenceWarning: Liblinear failed to converge, increase the number of iterations.
  warnings.warn(
D:\vkr_folder\venv\lib\site-packages\sklearn\svm\_base.py:1244: ConvergenceWarning: Liblinear failed to converge, increase the number of iterations.
  warnings.warn(
D:\vkr_folder\venv\lib\site-packages\sklearn\svm\_base.py:1244: ConvergenceWarning: Liblinear failed to converge, increase the number of iterations.
  warnings.warn(
[I 2023-04-16 21:23:22,365] Trial 228 finished with value: 0.5448102721645028 and parameters: {'svc_c': 811320804.3077446, 'ngram_range_max': 2, 'max_df': 0.8027314065740948, 'min_df': 0.009755855667154987, 'dual': True, 'max_iter': 4839}. Best is trial 79 with value: 0.6340700859031053.
[I 2023-04-16 21:23:24,290] Trial 229 finished with value: 0.6219273079530192 and parameters: {'svc_c': 15768.320254420936, 'ngram_range_max': 2, 'max_df': 0.7570711083461804, 'min_df': 0.006860644752235161, 'dual': False, 'max_iter': 3364}. Best is trial 79 with value: 0.6340700859031053.
[I 2023-04-16 21:23:25,564] Trial 230 finished with value: 0.6276141784331418 and parameters: {'svc_c': 2235399590.4095745, 'ngram_range_max': 1, 'max_df': 0.8184053616599669, 'min_df': 0.005037599791320388, 'dual': False, 'max_iter': 4607}. Best is trial 79 with value: 0.6340700859031053.
[I 2023-04-16 21:23:28,006] Trial 231 finished with value: 0.6317009614804358 and parameters: {'svc_c': 536749115.4241622, 'ngram_range_max': 2, 'max_df': 0.8251860831335183, 'min_df': 0.005100776848169293, 'dual': False, 'max_iter': 4240}. Best is trial 79 with value: 0.6340700859031053.
[I 2023-04-16 21:23:29,801] Trial 232 finished with value: 0.620624218472606 and parameters: {'svc_c': 2685.471142917166, 'ngram_range_max': 2, 'max_df': 0.8194461930294118, 'min_df': 0.007857153406611854, 'dual': False, 'max_iter': 4048}. Best is trial 79 with value: 0.6340700859031053.
[I 2023-04-16 21:23:32,315] Trial 233 finished with value: 0.6320566397725342 and parameters: {'svc_c': 469492622.19289833, 'ngram_range_max': 2, 'max_df': 0.8216690329168886, 'min_df': 0.005001649702907236, 'dual': False, 'max_iter': 4249}. Best is trial 79 with value: 0.6340700859031053.
[I 2023-04-16 21:23:34,193] Trial 234 finished with value: 0.6214532865902178 and parameters: {'svc_c': 465.5668622732547, 'ngram_range_max': 2, 'max_df': 0.8099577204611692, 'min_df': 0.006767475225872119, 'dual': False, 'max_iter': 4417}. Best is trial 79 with value: 0.6340700859031053.
[I 2023-04-16 21:23:35,991] Trial 235 finished with value: 0.6207428071411429 and parameters: {'svc_c': 188423916.45448413, 'ngram_range_max': 2, 'max_df': 0.8282452416444726, 'min_df': 0.008288766923016706, 'dual': False, 'max_iter': 4172}. Best is trial 79 with value: 0.6340700859031053.
[I 2023-04-16 21:23:38,635] Trial 236 finished with value: 0.6320566397725342 and parameters: {'svc_c': 1135593245.6179204, 'ngram_range_max': 2, 'max_df': 0.8348449832337773, 'min_df': 0.005005475941362925, 'dual': False, 'max_iter': 4024}. Best is trial 79 with value: 0.6340700859031053.
[I 2023-04-16 21:23:39,965] Trial 237 finished with value: 0.5400105010616844 and parameters: {'svc_c': 5116627.908406749, 'ngram_range_max': 2, 'max_df': 0.8142313240049072, 'min_df': 0.04893214147289327, 'dual': False, 'max_iter': 4271}. Best is trial 79 with value: 0.6340700859031053.
[I 2023-04-16 21:23:42,573] Trial 238 finished with value: 0.6222826003056641 and parameters: {'svc_c': 48293257.268697575, 'ngram_range_max': 3, 'max_df': 0.7985527116053766, 'min_df': 0.006830472949780449, 'dual': False, 'max_iter': 4551}. Best is trial 79 with value: 0.6340700859031053.
[I 2023-04-16 21:23:44,099] Trial 239 finished with value: 0.5759635680172676 and parameters: {'svc_c': 3822960084.5421233, 'ngram_range_max': 2, 'max_df': 0.8460307452697059, 'min_df': 0.027082124967232772, 'dual': False, 'max_iter': 3922}. Best is trial 79 with value: 0.6340700859031053.
[I 2023-04-16 21:23:45,740] Trial 240 finished with value: 0.6213947992202619 and parameters: {'svc_c': 430809.39153015125, 'ngram_range_max': 2, 'max_df': 0.8203311627656064, 'min_df': 0.009916433006851789, 'dual': False, 'max_iter': 4119}. Best is trial 79 with value: 0.6340700859031053.
[I 2023-04-16 21:23:48,342] Trial 241 finished with value: 0.6317009614804358 and parameters: {'svc_c': 484906288.27816355, 'ngram_range_max': 2, 'max_df': 0.8237648914971128, 'min_df': 0.005123230898433023, 'dual': False, 'max_iter': 4304}. Best is trial 79 with value: 0.6340700859031053.
[I 2023-04-16 21:23:50,242] Trial 242 finished with value: 0.6227561655582019 and parameters: {'svc_c': 389187669.4166743, 'ngram_range_max': 2, 'max_df': 0.8187896297054755, 'min_df': 0.0067143161152528955, 'dual': False, 'max_iter': 4235}. Best is trial 79 with value: 0.6340700859031053.
[I 2023-04-16 21:23:51,535] Trial 243 finished with value: 0.5307699351762059 and parameters: {'svc_c': 1153398508.0526435, 'ngram_range_max': 2, 'max_df': 0.8842999091213425, 'min_df': 0.05365198454308334, 'dual': False, 'max_iter': 4392}. Best is trial 79 with value: 0.6340700859031053.
[I 2023-04-16 21:23:53,390] Trial 244 finished with value: 0.6395788102398858 and parameters: {'svc_c': 0.03164363527422355, 'ngram_range_max': 2, 'max_df': 0.8262562575914834, 'min_df': 0.0050782979042694985, 'dual': False, 'max_iter': 4193}. Best is trial 244 with value: 0.6395788102398858.
[I 2023-04-16 21:23:55,120] Trial 245 finished with value: 0.6240006799551467 and parameters: {'svc_c': 0.12474417301944528, 'ngram_range_max': 2, 'max_df': 0.8305076022770981, 'min_df': 0.008178822615659144, 'dual': False, 'max_iter': 4998}. Best is trial 244 with value: 0.6395788102398858.
[I 2023-04-16 21:23:57,026] Trial 246 finished with value: 0.6224010661752839 and parameters: {'svc_c': 54.685081169532914, 'ngram_range_max': 2, 'max_df': 0.8388274112730557, 'min_df': 0.0065081764818193805, 'dual': False, 'max_iter': 4051}. Best is trial 244 with value: 0.6395788102398858.
[I 2023-04-16 21:23:58,631] Trial 247 finished with value: 0.616360183959795 and parameters: {'svc_c': 0.0013695862912526775, 'ngram_range_max': 2, 'max_df': 0.7740450213298308, 'min_df': 0.00847336678167759, 'dual': False, 'max_iter': 3894}. Best is trial 244 with value: 0.6395788102398858.
[I 2023-04-16 21:24:01,448] Trial 248 finished with value: 0.622815565148685 and parameters: {'svc_c': 8826667457.866695, 'ngram_range_max': 3, 'max_df': 0.8055797787305133, 'min_df': 0.006594572691406387, 'dual': False, 'max_iter': 4449}. Best is trial 244 with value: 0.6395788102398858.
[I 2023-04-16 21:24:03,129] Trial 249 finished with value: 0.5956881616230228 and parameters: {'svc_c': 3022312.2040014304, 'ngram_range_max': 2, 'max_df': 0.8119531710803232, 'min_df': 0.017321072625916596, 'dual': False, 'max_iter': 3750}. Best is trial 244 with value: 0.6395788102398858.
[I 2023-04-16 21:24:05,298] Trial 250 finished with value: 0.6330631874107954 and parameters: {'svc_c': 4.0638879104830306, 'ngram_range_max': 2, 'max_df': 0.8271034370975422, 'min_df': 0.0051603702558191585, 'dual': False, 'max_iter': 2164}. Best is trial 244 with value: 0.6395788102398858.
[I 2023-04-16 21:24:06,802] Trial 251 finished with value: 0.5763185446012684 and parameters: {'svc_c': 1.0063387122118834, 'ngram_range_max': 2, 'max_df': 0.828555949683234, 'min_df': 0.023089822087804163, 'dual': False, 'max_iter': 2060}. Best is trial 244 with value: 0.6395788102398858.
[I 2023-04-16 21:24:08,474] Trial 252 finished with value: 0.6183149672933855 and parameters: {'svc_c': 0.28659964610811384, 'ngram_range_max': 2, 'max_df': 0.785094769409771, 'min_df': 0.010206330807070438, 'dual': False, 'max_iter': 4111}. Best is trial 244 with value: 0.6395788102398858.
[I 2023-04-16 21:24:09,908] Trial 253 finished with value: 0.5744240555359856 and parameters: {'svc_c': 0.01927266201510006, 'ngram_range_max': 2, 'max_df': 0.8340658601991826, 'min_df': 0.03532768576130278, 'dual': False, 'max_iter': 1983}. Best is trial 244 with value: 0.6395788102398858.
[I 2023-04-16 21:24:12,030] Trial 254 finished with value: 0.5947397680433711 and parameters: {'svc_c': 75149.06211554419, 'ngram_range_max': 3, 'max_df': 0.9005661243713535, 'min_df': 0.01984596949479648, 'dual': False, 'max_iter': 3508}. Best is trial 244 with value: 0.6395788102398858.
