[I 2023-04-16 21:37:29,969] Trial 746 finished with value: 0.537167144763784 and parameters: {'svc_c': 0.07456819119771865, 'ngram_range_max': 1, 'max_df': 0.7041309348432219, 'min_df': 0.05025810096424232, 'dual': True, 'max_iter': 2393}. Best is trial 426 with value: 0.6404673130333858.
[I 2023-04-16 21:37:30,479] Trial 747 finished with value: 0.49552820726211744 and parameters: {'svc_c': 0.4198126754141802, 'ngram_range_max': 1, 'max_df': 0.7020002002084096, 'min_df': 0.08998302405858485, 'dual': True, 'max_iter': 2495}. Best is trial 426 with value: 0.6404673130333858.
[I 2023-04-16 21:37:31,120] Trial 748 finished with value: 0.5735354299435687 and parameters: {'svc_c': 0.1541355328009247, 'ngram_range_max': 1, 'max_df': 0.713262065716704, 'min_df': 0.03573496032620671, 'dual': True, 'max_iter': 2495}. Best is trial 426 with value: 0.6404673130333858.
[I 2023-04-16 21:37:32,041] Trial 749 finished with value: 0.6261329778947914 and parameters: {'svc_c': 0.04220785319136717, 'ngram_range_max': 1, 'max_df': 0.7133166394118928, 'min_df': 0.008021523931027253, 'dual': True, 'max_iter': 2607}. Best is trial 426 with value: 0.6404673130333858.
[I 2023-04-16 21:37:32,921] Trial 750 finished with value: 0.621276526320369 and parameters: {'svc_c': 0.02382067112528026, 'ngram_range_max': 1, 'max_df': 0.7057904489522362, 'min_df': 0.009632752737324057, 'dual': True, 'max_iter': 2392}. Best is trial 426 with value: 0.6404673130333858.
[I 2023-04-16 21:37:34,014] Trial 751 finished with value: 0.6372687696390555 and parameters: {'svc_c': 0.0737755162288497, 'ngram_range_max': 1, 'max_df': 0.7010933000960766, 'min_df': 0.005015998343788677, 'dual': True, 'max_iter': 2565}. Best is trial 426 with value: 0.6404673130333858.
[I 2023-04-16 21:37:35,065] Trial 752 finished with value: 0.6373872004232704 and parameters: {'svc_c': 0.06901855234429007, 'ngram_range_max': 1, 'max_df': 0.7083836978524801, 'min_df': 0.005004885832803579, 'dual': True, 'max_iter': 2531}. Best is trial 426 with value: 0.6404673130333858.
[I 2023-04-16 21:37:35,573] Trial 753 finished with value: 0.5109282264889193 and parameters: {'svc_c': 0.051372581635459276, 'ngram_range_max': 1, 'max_df': 0.702559007928731, 'min_df': 0.06337807869158373, 'dual': True, 'max_iter': 2541}. Best is trial 426 with value: 0.6404673130333858.
[I 2023-04-16 21:37:36,498] Trial 754 finished with value: 0.6266071045138075 and parameters: {'svc_c': 0.020239590415862107, 'ngram_range_max': 1, 'max_df': 0.7090624085515627, 'min_df': 0.007701586757628725, 'dual': True, 'max_iter': 2635}. Best is trial 426 with value: 0.6404673130333858.
[I 2023-04-16 21:37:37,446] Trial 755 finished with value: 0.6191441055818072 and parameters: {'svc_c': 0.06931835955623762, 'ngram_range_max': 1, 'max_df': 0.7005784445743408, 'min_df': 0.010754149561281734, 'dual': True, 'max_iter': 2530}. Best is trial 426 with value: 0.6404673130333858.
[I 2023-04-16 21:37:37,949] Trial 756 finished with value: 0.5039980520583203 and parameters: {'svc_c': 0.021668723624417314, 'ngram_range_max': 1, 'max_df': 0.7007990910884482, 'min_df': 0.07212402663795658, 'dual': True, 'max_iter': 2484}. Best is trial 426 with value: 0.6404673130333858.
[I 2023-04-16 21:37:38,997] Trial 757 finished with value: 0.6268443344789888 and parameters: {'svc_c': 0.014139642378418311, 'ngram_range_max': 1, 'max_df': 0.7194129730183486, 'min_df': 0.006938099310265499, 'dual': True, 'max_iter': 2633}. Best is trial 426 with value: 0.6404673130333858.
[I 2023-04-16 21:37:39,640] Trial 758 finished with value: 0.5735948646194566 and parameters: {'svc_c': 0.046687326065888074, 'ngram_range_max': 1, 'max_df': 0.7085313329894345, 'min_df': 0.03765418495607323, 'dual': True, 'max_iter': 2562}. Best is trial 426 with value: 0.6404673130333858.
[I 2023-04-16 21:37:40,704] Trial 759 finished with value: 0.6216312923919404 and parameters: {'svc_c': 0.38823866664010726, 'ngram_range_max': 1, 'max_df': 0.7001290236687038, 'min_df': 0.007779681390466827, 'dual': True, 'max_iter': 2686}. Best is trial 426 with value: 0.6404673130333858.
[I 2023-04-16 21:37:41,216] Trial 760 finished with value: 0.5308883484177184 and parameters: {'svc_c': 0.011694131687666587, 'ngram_range_max': 1, 'max_df': 0.7129366685285028, 'min_df': 0.05619377871990788, 'dual': True, 'max_iter': 2458}. Best is trial 426 with value: 0.6404673130333858.
[I 2023-04-16 21:37:41,858] Trial 761 finished with value: 0.5735944085091931 and parameters: {'svc_c': 0.06546789987213034, 'ngram_range_max': 1, 'max_df': 0.7174531664607497, 'min_df': 0.030603577444999225, 'dual': True, 'max_iter': 2599}. Best is trial 426 with value: 0.6404673130333858.
[I 2023-04-16 21:37:42,612] Trial 762 finished with value: 0.5750157182613919 and parameters: {'svc_c': 0.029143515084341293, 'ngram_range_max': 1, 'max_df': 0.7073809621345751, 'min_df': 0.025943401507016732, 'dual': True, 'max_iter': 2708}. Best is trial 426 with value: 0.6404673130333858.
[I 2023-04-16 21:37:43,230] Trial 763 finished with value: 0.5307106934700447 and parameters: {'svc_c': 0.13487265653306238, 'ngram_range_max': 1, 'max_df': 0.7237124483209101, 'min_df': 0.05357381085158234, 'dual': True, 'max_iter': 2447}. Best is trial 426 with value: 0.6404673130333858.
[I 2023-04-16 21:37:44,019] Trial 764 finished with value: 0.5952141578029239 and parameters: {'svc_c': 0.008643856851789701, 'ngram_range_max': 1, 'max_df': 0.7182900367894948, 'min_df': 0.019903454308682088, 'dual': True, 'max_iter': 2530}. Best is trial 426 with value: 0.6404673130333858.
[I 2023-04-16 21:37:44,646] Trial 765 finished with value: 0.5300000035085405 and parameters: {'svc_c': 8.714693503944532e-09, 'ngram_range_max': 1, 'max_df': 0.7072783996290573, 'min_df': 0.051528006122139855, 'dual': True, 'max_iter': 2661}. Best is trial 426 with value: 0.6404673130333858.
[I 2023-04-16 21:37:45,160] Trial 766 finished with value: 0.5007998946034438 and parameters: {'svc_c': 0.02895351816151745, 'ngram_range_max': 1, 'max_df': 0.7258988019876152, 'min_df': 0.07075311111794473, 'dual': True, 'max_iter': 2300}. Best is trial 426 with value: 0.6404673130333858.
[I 2023-04-16 21:37:46,250] Trial 767 finished with value: 0.6359656626159398 and parameters: {'svc_c': 0.08920009984823102, 'ngram_range_max': 1, 'max_df': 0.7492482432694783, 'min_df': 0.005021958171675299, 'dual': True, 'max_iter': 2803}. Best is trial 426 with value: 0.6404673130333858.
[I 2023-04-16 21:37:46,750] Trial 768 finished with value: 0.4978969983734406 and parameters: {'svc_c': 5.895125966810482e-06, 'ngram_range_max': 1, 'max_df': 0.744822501804738, 'min_df': 0.0811552806535312, 'dual': True, 'max_iter': 2579}. Best is trial 426 with value: 0.6404673130333858.
[I 2023-04-16 21:37:47,728] Trial 769 finished with value: 0.6284432991788612 and parameters: {'svc_c': 0.013125525275731947, 'ngram_range_max': 1, 'max_df': 0.7143383555705239, 'min_df': 0.006735329653610318, 'dual': True, 'max_iter': 2739}. Best is trial 426 with value: 0.6404673130333858.
[I 2023-04-16 21:37:48,355] Trial 770 finished with value: 0.5495466439406804 and parameters: {'svc_c': 5.971808667858728e-07, 'ngram_range_max': 1, 'max_df': 0.7081441270343516, 'min_df': 0.04427192286759618, 'dual': True, 'max_iter': 2329}. Best is trial 426 with value: 0.6404673130333858.
[I 2023-04-16 21:37:49,203] Trial 771 finished with value: 0.61156251798127 and parameters: {'svc_c': 0.3070822351187867, 'ngram_range_max': 1, 'max_df': 0.7264348386868782, 'min_df': 0.012663931222157726, 'dual': True, 'max_iter': 2451}. Best is trial 426 with value: 0.6404673130333858.
[I 2023-04-16 21:37:50,180] Trial 772 finished with value: 0.6205656609318403 and parameters: {'svc_c': 0.04400734140209081, 'ngram_range_max': 1, 'max_df': 0.7003196777088574, 'min_df': 0.009511065668762371, 'dual': True, 'max_iter': 2623}. Best is trial 426 with value: 0.6404673130333858.
[I 2023-04-16 21:37:51,124] Trial 773 finished with value: 0.6252445101866966 and parameters: {'svc_c': 0.07354545426473662, 'ngram_range_max': 1, 'max_df': 0.7186160907521152, 'min_df': 0.006953781284482293, 'dual': True, 'max_iter': 2525}. Best is trial 426 with value: 0.6404673130333858.
[I 2023-04-16 21:37:52,026] Trial 774 finished with value: 0.6265478628076464 and parameters: {'svc_c': 0.013121711475076724, 'ngram_range_max': 1, 'max_df': 0.7124589863382735, 'min_df': 0.00814952066029535, 'dual': True, 'max_iter': 2655}. Best is trial 426 with value: 0.6404673130333858.
[I 2023-04-16 21:37:52,927] Trial 775 finished with value: 0.6179592188304772 and parameters: {'svc_c': 0.6100523388489141, 'ngram_range_max': 1, 'max_df': 0.7302016812377973, 'min_df': 0.01052161214297433, 'dual': True, 'max_iter': 2844}. Best is trial 426 with value: 0.6404673130333858.
[I 2023-04-16 21:37:53,993] Trial 776 finished with value: 0.6373278534608945 and parameters: {'svc_c': 0.15438854484253442, 'ngram_range_max': 1, 'max_df': 0.7396461891425229, 'min_df': 0.005090860896841784, 'dual': True, 'max_iter': 2428}. Best is trial 426 with value: 0.6404673130333858.
[I 2023-04-16 21:37:54,630] Trial 777 finished with value: 0.5735942506248711 and parameters: {'svc_c': 0.2531439830696315, 'ngram_range_max': 1, 'max_df': 0.7494251199907678, 'min_df': 0.03925685256674263, 'dual': True, 'max_iter': 2394}. Best is trial 426 with value: 0.6404673130333858.
[I 2023-04-16 21:37:55,261] Trial 778 finished with value: 0.5692707638934695 and parameters: {'svc_c': 0.02763790105863904, 'ngram_range_max': 1, 'max_df': 0.7384229057036039, 'min_df': 0.041085715455916626, 'dual': True, 'max_iter': 2336}. Best is trial 426 with value: 0.6404673130333858.
[I 2023-04-16 21:37:55,819] Trial 779 finished with value: 0.49552820726211744 and parameters: {'svc_c': 0.005951661420390606, 'ngram_range_max': 1, 'max_df': 0.7071716504159776, 'min_df': 0.07769767906839307, 'dual': True, 'max_iter': 2450}. Best is trial 426 with value: 0.6404673130333858.
[I 2023-04-16 21:37:56,800] Trial 780 finished with value: 0.6232896215968912 and parameters: {'svc_c': 0.19506854780718166, 'ngram_range_max': 1, 'max_df': 0.7389830548308084, 'min_df': 0.006720127470777949, 'dual': True, 'max_iter': 2768}. Best is trial 426 with value: 0.6404673130333858.
[I 2023-04-16 21:37:57,684] Trial 781 finished with value: 0.6230532161387248 and parameters: {'svc_c': 0.022714225763457857, 'ngram_range_max': 1, 'max_df': 0.7434065720653471, 'min_df': 0.008827687981635645, 'dual': True, 'max_iter': 2494}. Best is trial 426 with value: 0.6404673130333858.
[I 2023-04-16 21:37:58,176] Trial 782 finished with value: 0.4978969983734406 and parameters: {'svc_c': 2.9389309046231564e-06, 'ngram_range_max': 1, 'max_df': 0.719826660813072, 'min_df': 0.0858511318421731, 'dual': True, 'max_iter': 2704}. Best is trial 426 with value: 0.6404673130333858.
[I 2023-04-16 21:37:58,689] Trial 783 finished with value: 0.4978969983734406 and parameters: {'svc_c': 3.483920484505712e-05, 'ngram_range_max': 1, 'max_df': 0.7143754834992473, 'min_df': 0.08921388179477957, 'dual': True, 'max_iter': 2303}. Best is trial 426 with value: 0.6404673130333858.
[I 2023-04-16 21:37:59,193] Trial 784 finished with value: 0.5273937894623091 and parameters: {'svc_c': 7.387598275443972e-08, 'ngram_range_max': 1, 'max_df': 0.7007490771274215, 'min_df': 0.05723764475792319, 'dual': True, 'max_iter': 2386}. Best is trial 426 with value: 0.6404673130333858.
[I 2023-04-16 21:37:59,963] Trial 785 finished with value: 0.5724695353429318 and parameters: {'svc_c': 0.6679354333311283, 'ngram_range_max': 1, 'max_df': 0.7448418992113782, 'min_df': 0.03362920873556689, 'dual': True, 'max_iter': 2594}. Best is trial 426 with value: 0.6404673130333858.
[I 2023-04-16 21:38:00,852] Trial 786 finished with value: 0.5931405928310693 and parameters: {'svc_c': 0.07494911210547378, 'ngram_range_max': 1, 'max_df': 0.7068601689231623, 'min_df': 0.021401130101386185, 'dual': True, 'max_iter': 2782}. Best is trial 426 with value: 0.6404673130333858.
[I 2023-04-16 21:38:01,626] Trial 787 finished with value: 0.5766148057601814 and parameters: {'svc_c': 0.01076960522210219, 'ngram_range_max': 1, 'max_df': 0.7229328158364499, 'min_df': 0.023061538756408335, 'dual': True, 'max_iter': 2657}. Best is trial 426 with value: 0.6404673130333858.
[I 2023-04-16 21:38:02,596] Trial 788 finished with value: 0.6279691023890354 and parameters: {'svc_c': 0.0350758090671324, 'ngram_range_max': 1, 'max_df': 0.7328200311708559, 'min_df': 0.006529046035869271, 'dual': True, 'max_iter': 2865}. Best is trial 426 with value: 0.6404673130333858.
[I 2023-04-16 21:38:03,606] Trial 789 finished with value: 0.6236451595473701 and parameters: {'svc_c': 0.1794321849872695, 'ngram_range_max': 1, 'max_df': 0.7145663266075035, 'min_df': 0.008231793355683397, 'dual': True, 'max_iter': 2503}. Best is trial 426 with value: 0.6404673130333858.
[I 2023-04-16 21:38:04,658] Trial 790 finished with value: 0.6288578858657744 and parameters: {'svc_c': 0.007157226266751992, 'ngram_range_max': 1, 'max_df': 0.7528025917505667, 'min_df': 0.006522006446412349, 'dual': True, 'max_iter': 2426}. Best is trial 426 with value: 0.6404673130333858.
[I 2023-04-16 21:38:05,570] Trial 791 finished with value: 0.61025916536032 and parameters: {'svc_c': 0.05280522482991965, 'ngram_range_max': 1, 'max_df': 0.7101449116695747, 'min_df': 0.014300698880468816, 'dual': True, 'max_iter': 2562}. Best is trial 426 with value: 0.6404673130333858.
[I 2023-04-16 21:38:06,642] Trial 792 finished with value: 0.6397564301021548 and parameters: {'svc_c': 0.01939919107717061, 'ngram_range_max': 1, 'max_df': 0.721852617404976, 'min_df': 0.005013378542740353, 'dual': True, 'max_iter': 2281}. Best is trial 426 with value: 0.6404673130333858.
[I 2023-04-16 21:38:07,477] Trial 793 finished with value: 0.6135760342826508 and parameters: {'svc_c': 0.0018812176366743252, 'ngram_range_max': 1, 'max_df': 0.7057412550735186, 'min_df': 0.011593728093610072, 'dual': True, 'max_iter': 2435}. Best is trial 426 with value: 0.6404673130333858.
[I 2023-04-16 21:38:08,447] Trial 794 finished with value: 0.6216911305499848 and parameters: {'svc_c': 0.017001952558646397, 'ngram_range_max': 1, 'max_df': 0.7176635781571645, 'min_df': 0.009351125582193604, 'dual': True, 'max_iter': 2216}. Best is trial 426 with value: 0.6404673130333858.
[I 2023-04-16 21:38:09,598] Trial 795 finished with value: 0.6347806706083949 and parameters: {'svc_c': 0.006731376313889272, 'ngram_range_max': 1, 'max_df': 0.7438342280978695, 'min_df': 0.005071331324208988, 'dual': True, 'max_iter': 2372}. Best is trial 426 with value: 0.6404673130333858.
[I 2023-04-16 21:38:10,122] Trial 796 finished with value: 0.5109282264889193 and parameters: {'svc_c': 0.01994408258500786, 'ngram_range_max': 1, 'max_df': 0.7000811894265214, 'min_df': 0.06227108606199151, 'dual': True, 'max_iter': 2250}. Best is trial 426 with value: 0.6404673130333858.
[I 2023-04-16 21:38:11,149] Trial 797 finished with value: 0.6241193914226009 and parameters: {'svc_c': 0.0038948675422074423, 'ngram_range_max': 1, 'max_df': 0.7126949059351372, 'min_df': 0.007555278860506244, 'dual': True, 'max_iter': 2281}. Best is trial 426 with value: 0.6404673130333858.
[I 2023-04-16 21:38:12,190] Trial 798 finished with value: 0.5546412377008113 and parameters: {'svc_c': 2.4474434612493823e-10, 'ngram_range_max': 1, 'max_df': 0.7205755844248118, 'min_df': 0.005053473606187102, 'dual': True, 'max_iter': 2296}. Best is trial 426 with value: 0.6404673130333858.
[I 2023-04-16 21:38:13,097] Trial 799 finished with value: 0.6084225321277053 and parameters: {'svc_c': 0.0345226245208586, 'ngram_range_max': 1, 'max_df': 0.7364930659530413, 'min_df': 0.015162546264188477, 'dual': True, 'max_iter': 2520}. Best is trial 426 with value: 0.6404673130333858.
[I 2023-04-16 21:38:13,742] Trial 800 finished with value: 0.574246084819668 and parameters: {'svc_c': 0.011009401803581422, 'ngram_range_max': 1, 'max_df': 0.7505069249707281, 'min_df': 0.0277295612922296, 'dual': True, 'max_iter': 2380}. Best is trial 426 with value: 0.6404673130333858.
[I 2023-04-16 21:38:14,613] Trial 801 finished with value: 0.5766156653526012 and parameters: {'svc_c': 1.878718864453885e-09, 'ngram_range_max': 1, 'max_df': 0.7062753688046599, 'min_df': 0.010015524096411649, 'dual': True, 'max_iter': 2566}. Best is trial 426 with value: 0.6404673130333858.
[I 2023-04-16 21:38:15,596] Trial 802 finished with value: 0.6259553404898204 and parameters: {'svc_c': 0.06447105929944227, 'ngram_range_max': 1, 'max_df': 0.731797042228049, 'min_df': 0.006801947160602144, 'dual': True, 'max_iter': 2873}. Best is trial 426 with value: 0.6404673130333858.
[I 2023-04-16 21:38:16,596] Trial 803 finished with value: 0.6164195309221707 and parameters: {'svc_c': 0.00011930214080194923, 'ngram_range_max': 1, 'max_df': 0.7160086313010663, 'min_df': 0.008283198300539633, 'dual': True, 'max_iter': 2442}. Best is trial 426 with value: 0.6404673130333858.
[I 2023-04-16 21:38:17,094] Trial 804 finished with value: 0.49552820726211744 and parameters: {'svc_c': 0.020574705235255324, 'ngram_range_max': 1, 'max_df': 0.71088992106721, 'min_df': 0.07628860395402412, 'dual': True, 'max_iter': 2621}. Best is trial 426 with value: 0.6404673130333858.
[I 2023-04-16 21:38:17,604] Trial 805 finished with value: 0.5039388278948617 and parameters: {'svc_c': 0.0026670466815568988, 'ngram_range_max': 1, 'max_df': 0.7235592197764226, 'min_df': 0.07554172667400468, 'dual': True, 'max_iter': 2210}. Best is trial 426 with value: 0.6404673130333858.
[I 2023-04-16 21:38:18,215] Trial 806 finished with value: 0.5307699176335035 and parameters: {'svc_c': 0.007621795310998714, 'ngram_range_max': 1, 'max_df': 0.7394974191221291, 'min_df': 0.0551342479379661, 'dual': True, 'max_iter': 2305}. Best is trial 426 with value: 0.6404673130333858.
[I 2023-04-16 21:38:18,990] Trial 807 finished with value: 0.5757263380520863 and parameters: {'svc_c': 0.04225714405560875, 'ngram_range_max': 1, 'max_df': 0.7049938726914624, 'min_df': 0.025643196550970103, 'dual': True, 'max_iter': 2731}. Best is trial 426 with value: 0.6404673130333858.
[I 2023-04-16 21:38:19,956] Trial 808 finished with value: 0.6219866373726927 and parameters: {'svc_c': 0.12655085410997954, 'ngram_range_max': 1, 'max_df': 0.7568394352849266, 'min_df': 0.007124718068147384, 'dual': True, 'max_iter': 2486}. Best is trial 426 with value: 0.6404673130333858.
[I 2023-04-16 21:38:20,461] Trial 809 finished with value: 0.49552820726211744 and parameters: {'svc_c': 0.016810015028776663, 'ngram_range_max': 1, 'max_df': 0.7269839294211751, 'min_df': 0.09188354138843158, 'dual': True, 'max_iter': 2616}. Best is trial 426 with value: 0.6404673130333858.
[I 2023-04-16 21:38:21,609] Trial 810 finished with value: 0.6317604663271335 and parameters: {'svc_c': 0.4811787962163103, 'ngram_range_max': 1, 'max_df': 0.7453843554776819, 'min_df': 0.005032730795340095, 'dual': True, 'max_iter': 1984}. Best is trial 426 with value: 0.6404673130333858.
[I 2023-04-16 21:38:22,587] Trial 811 finished with value: 0.6216909200375553 and parameters: {'svc_c': 0.07577222552502869, 'ngram_range_max': 1, 'max_df': 0.7003024439683724, 'min_df': 0.009339095305169094, 'dual': True, 'max_iter': 1402}. Best is trial 426 with value: 0.6404673130333858.
[I 2023-04-16 21:38:23,243] Trial 812 finished with value: 0.5734757145844414 and parameters: {'svc_c': 0.006947816112573502, 'ngram_range_max': 1, 'max_df': 0.7111477716593448, 'min_df': 0.028973658486052906, 'dual': True, 'max_iter': 1283}. Best is trial 426 with value: 0.6404673130333858.
[I 2023-04-16 21:38:24,207] Trial 813 finished with value: 0.6207431930805968 and parameters: {'svc_c': 0.03212567626727377, 'ngram_range_max': 1, 'max_df': 0.7220435209514023, 'min_df': 0.011085193603101335, 'dual': True, 'max_iter': 2361}. Best is trial 426 with value: 0.6404673130333858.
[I 2023-04-16 21:38:25,199] Trial 814 finished with value: 0.6232895163406764 and parameters: {'svc_c': 0.262138268322707, 'ngram_range_max': 1, 'max_df': 0.7175631267223729, 'min_df': 0.006716221495044663, 'dual': True, 'max_iter': 2796}. Best is trial 426 with value: 0.6404673130333858.
[I 2023-04-16 21:38:25,831] Trial 815 finished with value: 0.574779172461606 and parameters: {'svc_c': 0.0020342180438432302, 'ngram_range_max': 1, 'max_df': 0.7341678212576598, 'min_df': 0.03973057475056541, 'dual': True, 'max_iter': 2520}. Best is trial 426 with value: 0.6404673130333858.
[I 2023-04-16 21:38:26,348] Trial 816 finished with value: 0.49552820726211744 and parameters: {'svc_c': 0.015615242541395695, 'ngram_range_max': 1, 'max_df': 0.706456801389678, 'min_df': 0.09571095542093966, 'dual': True, 'max_iter': 2891}. Best is trial 426 with value: 0.6404673130333858.
[I 2023-04-16 21:38:27,397] Trial 817 finished with value: 0.5527458539577038 and parameters: {'svc_c': 2.360987228101449e-08, 'ngram_range_max': 1, 'max_df': 0.7121822956076047, 'min_df': 0.005008541286226428, 'dual': True, 'max_iter': 2144}. Best is trial 426 with value: 0.6404673130333858.
[I 2023-04-16 21:38:27,905] Trial 818 finished with value: 0.49552820726211744 and parameters: {'svc_c': 0.08138853499569532, 'ngram_range_max': 1, 'max_df': 0.8811096240910999, 'min_df': 0.09276353800935708, 'dual': True, 'max_iter': 2689}. Best is trial 426 with value: 0.6404673130333858.
[I 2023-04-16 21:38:28,920] Trial 819 finished with value: 0.6265476698379195 and parameters: {'svc_c': 0.03861842521276792, 'ngram_range_max': 1, 'max_df': 0.728893068839631, 'min_df': 0.008040328254551005, 'dual': True, 'max_iter': 1562}. Best is trial 426 with value: 0.6404673130333858.
[I 2023-04-16 21:38:29,448] Trial 820 finished with value: 0.5693892297630894 and parameters: {'svc_c': 0.0053887805170308506, 'ngram_range_max': 1, 'max_df': 0.740194262447163, 'min_df': 0.04127648502031637, 'dual': True, 'max_iter': 2064}. Best is trial 426 with value: 0.6404673130333858.
