[I 2023-04-16 21:16:08,475] Trial 55 finished with value: 0.5431501536039027 and parameters: {'svc_c': 175938329.15655717, 'ngram_range_max': 2, 'max_df': 0.7582826827279386, 'min_df': 0.04603971201695038, 'dual': False, 'max_iter': 3552}. Best is trial 53 with value: 0.6328856026339316.
[I 2023-04-16 21:16:11,246] Trial 56 finished with value: 0.6328856026339316 and parameters: {'svc_c': 1677941725.4734905, 'ngram_range_max': 2, 'max_df': 0.783668894699012, 'min_df': 0.005154610637980853, 'dual': False, 'max_iter': 4100}. Best is trial 53 with value: 0.6328856026339316.
[I 2023-04-16 21:16:13,526] Trial 57 finished with value: 0.632589516902043 and parameters: {'svc_c': 1171985783.0964088, 'ngram_range_max': 2, 'max_df': 0.8009669630818378, 'min_df': 0.005295204032549063, 'dual': False, 'max_iter': 4223}. Best is trial 53 with value: 0.6328856026339316.
D:\vkr_folder\venv\lib\site-packages\sklearn\svm\_base.py:1244: ConvergenceWarning: Liblinear failed to converge, increase the number of iterations.
  warnings.warn(
D:\vkr_folder\venv\lib\site-packages\sklearn\svm\_base.py:1244: ConvergenceWarning: Liblinear failed to converge, increase the number of iterations.
  warnings.warn(
D:\vkr_folder\venv\lib\site-packages\sklearn\svm\_base.py:1244: ConvergenceWarning: Liblinear failed to converge, increase the number of iterations.
  warnings.warn(
D:\vkr_folder\venv\lib\site-packages\sklearn\svm\_base.py:1244: ConvergenceWarning: Liblinear failed to converge, increase the number of iterations.
  warnings.warn(
D:\vkr_folder\venv\lib\site-packages\sklearn\svm\_base.py:1244: ConvergenceWarning: Liblinear failed to converge, increase the number of iterations.
  warnings.warn(
[I 2023-04-16 21:16:20,643] Trial 58 finished with value: 0.5403671266597151 and parameters: {'svc_c': 1276432819.4385037, 'ngram_range_max': 2, 'max_df': 0.8016447405168695, 'min_df': 0.01633663953558366, 'dual': True, 'max_iter': 4199}. Best is trial 53 with value: 0.6328856026339316.
[I 2023-04-16 21:16:22,700] Trial 59 finished with value: 0.623882214085527 and parameters: {'svc_c': 6202617190.695747, 'ngram_range_max': 2, 'max_df': 0.7841912105150962, 'min_df': 0.009246289143644084, 'dual': False, 'max_iter': 4573}. Best is trial 53 with value: 0.6328856026339316.
[I 2023-04-16 21:16:24,274] Trial 60 finished with value: 0.5752525798298217 and parameters: {'svc_c': 361563715.0399823, 'ngram_range_max': 2, 'max_df': 0.7960586032105267, 'min_df': 0.026428322765549725, 'dual': False, 'max_iter': 4660}. Best is trial 53 with value: 0.6328856026339316.
[I 2023-04-16 21:16:27,188] Trial 61 finished with value: 0.6320566397725342 and parameters: {'svc_c': 44191735.04885704, 'ngram_range_max': 2, 'max_df': 0.7740134710205244, 'min_df': 0.00501938952057884, 'dual': False, 'max_iter': 4090}. Best is trial 53 with value: 0.6328856026339316.
[I 2023-04-16 21:16:29,063] Trial 62 finished with value: 0.6076531267411133 and parameters: {'svc_c': 51010510.02968776, 'ngram_range_max': 2, 'max_df': 0.782280701647162, 'min_df': 0.013130911636342325, 'dual': False, 'max_iter': 4214}. Best is trial 53 with value: 0.6328856026339316.
[I 2023-04-16 21:16:31,380] Trial 63 finished with value: 0.6207425440006062 and parameters: {'svc_c': 2343211118.857909, 'ngram_range_max': 2, 'max_df': 0.8062974970985856, 'min_df': 0.0077198691250526304, 'dual': False, 'max_iter': 3978}. Best is trial 53 with value: 0.6328856026339316.
[I 2023-04-16 21:16:33,730] Trial 64 finished with value: 0.632589516902043 and parameters: {'svc_c': 568573734.0722427, 'ngram_range_max': 2, 'max_df': 0.7924521365779496, 'min_df': 0.005286157316504808, 'dual': False, 'max_iter': 4255}. Best is trial 53 with value: 0.6328856026339316.
[I 2023-04-16 21:16:35,719] Trial 65 finished with value: 0.6096670991527576 and parameters: {'svc_c': 715252231.8426381, 'ngram_range_max': 2, 'max_df': 0.7765724439865639, 'min_df': 0.012797870818849958, 'dual': False, 'max_iter': 4247}. Best is trial 53 with value: 0.6328856026339316.
[I 2023-04-16 21:16:37,326] Trial 66 finished with value: 0.592666922322317 and parameters: {'svc_c': 69459792.98452476, 'ngram_range_max': 2, 'max_df': 0.7932303585750576, 'min_df': 0.022007199057479894, 'dual': False, 'max_iter': 4794}. Best is trial 53 with value: 0.6328856026339316.
[I 2023-04-16 21:16:38,314] Trial 67 finished with value: 0.6218683820155022 and parameters: {'svc_c': 293751400.4174062, 'ngram_range_max': 1, 'max_df': 0.8217591063330912, 'min_df': 0.009286250115716998, 'dual': False, 'max_iter': 4636}. Best is trial 53 with value: 0.6328856026339316.
[I 2023-04-16 21:16:39,901] Trial 68 finished with value: 0.6034473690858287 and parameters: {'svc_c': 3619493656.6676664, 'ngram_range_max': 2, 'max_df': 0.7896898221443589, 'min_df': 0.01640240808165739, 'dual': False, 'max_iter': 3857}. Best is trial 53 with value: 0.6328856026339316.
[I 2023-04-16 21:16:42,724] Trial 69 finished with value: 0.6320566397725342 and parameters: {'svc_c': 8445517713.217897, 'ngram_range_max': 2, 'max_df': 0.8094089718615814, 'min_df': 0.005033156746611953, 'dual': False, 'max_iter': 4321}. Best is trial 53 with value: 0.6328856026339316.
D:\vkr_folder\venv\lib\site-packages\sklearn\svm\_base.py:1244: ConvergenceWarning: Liblinear failed to converge, increase the number of iterations.
  warnings.warn(
D:\vkr_folder\venv\lib\site-packages\sklearn\svm\_base.py:1244: ConvergenceWarning: Liblinear failed to converge, increase the number of iterations.
  warnings.warn(
D:\vkr_folder\venv\lib\site-packages\sklearn\svm\_base.py:1244: ConvergenceWarning: Liblinear failed to converge, increase the number of iterations.
  warnings.warn(
D:\vkr_folder\venv\lib\site-packages\sklearn\svm\_base.py:1244: ConvergenceWarning: Liblinear failed to converge, increase the number of iterations.
  warnings.warn(
D:\vkr_folder\venv\lib\site-packages\sklearn\svm\_base.py:1244: ConvergenceWarning: Liblinear failed to converge, increase the number of iterations.
  warnings.warn(
[I 2023-04-16 21:16:50,897] Trial 70 finished with value: 0.5422011986577727 and parameters: {'svc_c': 98280266.32023174, 'ngram_range_max': 2, 'max_df': 0.7832725567108938, 'min_df': 0.01159624828476596, 'dual': True, 'max_iter': 4062}. Best is trial 53 with value: 0.6328856026339316.
[I 2023-04-16 21:16:52,972] Trial 71 finished with value: 0.6204465459822299 and parameters: {'svc_c': 6541091015.041673, 'ngram_range_max': 2, 'max_df': 0.8075599728973136, 'min_df': 0.007667756592551167, 'dual': False, 'max_iter': 4300}. Best is trial 53 with value: 0.6328856026339316.
[I 2023-04-16 21:16:55,771] Trial 72 finished with value: 0.6317009614804358 and parameters: {'svc_c': 1393035215.5103948, 'ngram_range_max': 2, 'max_df': 0.8298024656144262, 'min_df': 0.005094288966100816, 'dual': False, 'max_iter': 4408}. Best is trial 53 with value: 0.6328856026339316.
[I 2023-04-16 21:16:57,761] Trial 73 finished with value: 0.6210392086416756 and parameters: {'svc_c': 360158122.3068029, 'ngram_range_max': 2, 'max_df': 0.7697124337593195, 'min_df': 0.008328825841839999, 'dual': False, 'max_iter': 4075}. Best is trial 53 with value: 0.6328856026339316.
[I 2023-04-16 21:16:59,589] Trial 74 finished with value: 0.6186701017617084 and parameters: {'svc_c': 28933461.173415646, 'ngram_range_max': 2, 'max_df': 0.796105310109509, 'min_df': 0.0110910278121573, 'dual': False, 'max_iter': 3831}. Best is trial 53 with value: 0.6328856026339316.
[I 2023-04-16 21:17:01,235] Trial 75 finished with value: 0.6085411734243495 and parameters: {'svc_c': 9194795216.177359, 'ngram_range_max': 2, 'max_df': 0.8126780718800651, 'min_df': 0.013889436113185917, 'dual': False, 'max_iter': 4658}. Best is trial 53 with value: 0.6328856026339316.
[I 2023-04-16 21:17:03,301] Trial 76 finished with value: 0.6226975553893287 and parameters: {'svc_c': 6794451.367962127, 'ngram_range_max': 2, 'max_df': 0.7664759406563401, 'min_df': 0.008033296696860412, 'dual': False, 'max_iter': 4965}. Best is trial 53 with value: 0.6328856026339316.
[I 2023-04-16 21:17:04,670] Trial 77 finished with value: 0.5936148422490024 and parameters: {'svc_c': 1077090304.393446, 'ngram_range_max': 2, 'max_df': 0.7750865707788762, 'min_df': 0.018540983112006745, 'dual': False, 'max_iter': 4443}. Best is trial 53 with value: 0.6328856026339316.
[I 2023-04-16 21:17:06,347] Trial 78 finished with value: 0.6112070852870056 and parameters: {'svc_c': 91571539.54243286, 'ngram_range_max': 2, 'max_df': 0.7922531985470486, 'min_df': 0.012656992615693134, 'dual': False, 'max_iter': 4239}. Best is trial 53 with value: 0.6328856026339316.
[I 2023-04-16 21:17:09,187] Trial 79 finished with value: 0.6340700859031053 and parameters: {'svc_c': 4711503.702940343, 'ngram_range_max': 2, 'max_df': 0.8276110101978118, 'min_df': 0.005251738439586345, 'dual': False, 'max_iter': 3825}. Best is trial 79 with value: 0.6340700859031053.
[I 2023-04-16 21:17:11,002] Trial 80 finished with value: 0.6192031192328366 and parameters: {'svc_c': 1113036.6045682312, 'ngram_range_max': 2, 'max_df': 0.8268550638545598, 'min_df': 0.01046937623906718, 'dual': False, 'max_iter': 3780}. Best is trial 79 with value: 0.6340700859031053.
[I 2023-04-16 21:17:13,805] Trial 81 finished with value: 0.6340700859031053 and parameters: {'svc_c': 6033961.334933888, 'ngram_range_max': 2, 'max_df': 0.8107977136221698, 'min_df': 0.00522623872248189, 'dual': False, 'max_iter': 3954}. Best is trial 79 with value: 0.6340700859031053.
[I 2023-04-16 21:17:17,383] Trial 82 finished with value: 0.6308124236015309 and parameters: {'svc_c': 4822736.4454388125, 'ngram_range_max': 2, 'max_df': 0.8397545584261534, 'min_df': 0.005060290909536094, 'dual': False, 'max_iter': 4019}. Best is trial 79 with value: 0.6340700859031053.
[I 2023-04-16 21:17:19,451] Trial 83 finished with value: 0.6226975553893287 and parameters: {'svc_c': 21443478.97250972, 'ngram_range_max': 2, 'max_df': 0.8180330228453447, 'min_df': 0.008052118391654607, 'dual': False, 'max_iter': 3500}. Best is trial 79 with value: 0.6340700859031053.
[I 2023-04-16 21:17:21,096] Trial 84 finished with value: 0.6044540395230069 and parameters: {'svc_c': 330899.02133561886, 'ngram_range_max': 2, 'max_df': 0.8013686980020271, 'min_df': 0.014950953034713527, 'dual': False, 'max_iter': 3849}. Best is trial 79 with value: 0.6340700859031053.
[I 2023-04-16 21:17:23,141] Trial 85 finished with value: 0.6194986260555444 and parameters: {'svc_c': 576793.598199375, 'ngram_range_max': 2, 'max_df': 0.844725810368178, 'min_df': 0.007250629621244118, 'dual': False, 'max_iter': 4100}. Best is trial 79 with value: 0.6340700859031053.
[I 2023-04-16 21:17:24,909] Trial 86 finished with value: 0.6213947992202619 and parameters: {'svc_c': 11260471.853072422, 'ngram_range_max': 2, 'max_df': 0.7872385908386083, 'min_df': 0.00992819725494621, 'dual': False, 'max_iter': 3661}. Best is trial 79 with value: 0.6340700859031053.
D:\vkr_folder\venv\lib\site-packages\sklearn\svm\_base.py:1244: ConvergenceWarning: Liblinear failed to converge, increase the number of iterations.
  warnings.warn(
D:\vkr_folder\venv\lib\site-packages\sklearn\svm\_base.py:1244: ConvergenceWarning: Liblinear failed to converge, increase the number of iterations.
  warnings.warn(
D:\vkr_folder\venv\lib\site-packages\sklearn\svm\_base.py:1244: ConvergenceWarning: Liblinear failed to converge, increase the number of iterations.
  warnings.warn(
D:\vkr_folder\venv\lib\site-packages\sklearn\svm\_base.py:1244: ConvergenceWarning: Liblinear failed to converge, increase the number of iterations.
  warnings.warn(
D:\vkr_folder\venv\lib\site-packages\sklearn\svm\_base.py:1244: ConvergenceWarning: Liblinear failed to converge, increase the number of iterations.
  warnings.warn(
[I 2023-04-16 21:17:33,762] Trial 87 finished with value: 0.5407816256331162 and parameters: {'svc_c': 2243889.6298175436, 'ngram_range_max': 2, 'max_df': 0.8114581962413827, 'min_df': 0.0116278336435993, 'dual': True, 'max_iter': 4495}. Best is trial 79 with value: 0.6340700859031053.
[I 2023-04-16 21:17:35,808] Trial 88 finished with value: 0.6202686103513171 and parameters: {'svc_c': 188426777.72607127, 'ngram_range_max': 2, 'max_df': 0.7796333389003508, 'min_df': 0.007323278419134729, 'dual': False, 'max_iter': 3959}. Best is trial 79 with value: 0.6340700859031053.
[I 2023-04-16 21:17:36,545] Trial 89 finished with value: 0.6028550748231345 and parameters: {'svc_c': 34915848.519725665, 'ngram_range_max': 1, 'max_df': 0.8295854656457313, 'min_df': 0.016862704712527148, 'dual': False, 'max_iter': 3746}. Best is trial 79 with value: 0.6340700859031053.
[I 2023-04-16 21:17:38,196] Trial 90 finished with value: 0.6080672573177629 and parameters: {'svc_c': 3306426.023082195, 'ngram_range_max': 2, 'max_df': 0.7966930600125195, 'min_df': 0.014123968062222053, 'dual': False, 'max_iter': 3464}. Best is trial 79 with value: 0.6340700859031053.
[I 2023-04-16 21:17:40,430] Trial 91 finished with value: 0.6289172328281503 and parameters: {'svc_c': 2070973311.710637, 'ngram_range_max': 2, 'max_df': 0.8070270536818035, 'min_df': 0.0055836284817420145, 'dual': False, 'max_iter': 4194}. Best is trial 79 with value: 0.6340700859031053.
[I 2023-04-16 21:17:42,687] Trial 92 finished with value: 0.6325302751958819 and parameters: {'svc_c': 541335727.2996519, 'ngram_range_max': 2, 'max_df': 0.8164791059392572, 'min_df': 0.005308177928805282, 'dual': False, 'max_iter': 4354}. Best is trial 79 with value: 0.6340700859031053.
[I 2023-04-16 21:17:44,406] Trial 93 finished with value: 0.6183740160298198 and parameters: {'svc_c': 507379163.8973034, 'ngram_range_max': 2, 'max_df': 0.8155151819275548, 'min_df': 0.010498932023766522, 'dual': False, 'max_iter': 4742}. Best is trial 79 with value: 0.6340700859031053.
[I 2023-04-16 21:17:46,488] Trial 94 finished with value: 0.6202092633889414 and parameters: {'svc_c': 236623839.73621354, 'ngram_range_max': 2, 'max_df': 0.7689795420492106, 'min_df': 0.007159177614799424, 'dual': False, 'max_iter': 3602}. Best is trial 79 with value: 0.6340700859031053.
[I 2023-04-16 21:17:48,422] Trial 95 finished with value: 0.6219869706840391 and parameters: {'svc_c': 69105301.63436101, 'ngram_range_max': 2, 'max_df': 0.8229954646656139, 'min_df': 0.009301288587701299, 'dual': False, 'max_iter': 3916}. Best is trial 79 with value: 0.6340700859031053.
[I 2023-04-16 21:17:51,939] Trial 96 finished with value: 0.6308124236015309 and parameters: {'svc_c': 116953.49615292647, 'ngram_range_max': 2, 'max_df': 0.7864915786330011, 'min_df': 0.005071132498952732, 'dual': False, 'max_iter': 4395}. Best is trial 79 with value: 0.6340700859031053.
[I 2023-04-16 21:17:53,605] Trial 97 finished with value: 0.6158862678532083 and parameters: {'svc_c': 8458664.79115367, 'ngram_range_max': 2, 'max_df': 0.8010497324539577, 'min_df': 0.011837498118942847, 'dual': False, 'max_iter': 4825}. Best is trial 79 with value: 0.6340700859031053.
[I 2023-04-16 21:17:56,489] Trial 98 finished with value: 0.6209794932825484 and parameters: {'svc_c': 776274.56126067, 'ngram_range_max': 3, 'max_df': 0.779902982579493, 'min_df': 0.00755214846482329, 'dual': False, 'max_iter': 4113}. Best is trial 79 with value: 0.6340700859031053.
[I 2023-04-16 21:17:58,149] Trial 99 finished with value: 0.604809419589164 and parameters: {'svc_c': 21038210.29833964, 'ngram_range_max': 2, 'max_df': 0.7636421601733847, 'min_df': 0.015026340502261162, 'dual': False, 'max_iter': 4550}. Best is trial 79 with value: 0.6340700859031053.
D:\vkr_folder\venv\lib\site-packages\sklearn\svm\_base.py:1244: ConvergenceWarning: Liblinear failed to converge, increase the number of iterations.
  warnings.warn(
D:\vkr_folder\venv\lib\site-packages\sklearn\svm\_base.py:1244: ConvergenceWarning: Liblinear failed to converge, increase the number of iterations.
  warnings.warn(
D:\vkr_folder\venv\lib\site-packages\sklearn\svm\_base.py:1244: ConvergenceWarning: Liblinear failed to converge, increase the number of iterations.
  warnings.warn(
D:\vkr_folder\venv\lib\site-packages\sklearn\svm\_base.py:1244: ConvergenceWarning: Liblinear failed to converge, increase the number of iterations.
  warnings.warn(
D:\vkr_folder\venv\lib\site-packages\sklearn\svm\_base.py:1244: ConvergenceWarning: Liblinear failed to converge, increase the number of iterations.
  warnings.warn(
[I 2023-04-16 21:18:05,437] Trial 100 finished with value: 0.543445449914181 and parameters: {'svc_c': 2253108286.7347836, 'ngram_range_max': 2, 'max_df': 0.7546188313897468, 'min_df': 0.01246988369428298, 'dual': True, 'max_iter': 3761}. Best is trial 79 with value: 0.6340700859031053.
[I 2023-04-16 21:18:07,476] Trial 101 finished with value: 0.6222233059713955 and parameters: {'svc_c': 453834650.7864503, 'ngram_range_max': 2, 'max_df': 0.812451581577077, 'min_df': 0.0069199278989490794, 'dual': False, 'max_iter': 4197}. Best is trial 79 with value: 0.6340700859031053.
[I 2023-04-16 21:18:09,321] Trial 102 finished with value: 0.6220462299329026 and parameters: {'svc_c': 2934586139.4869785, 'ngram_range_max': 2, 'max_df': 0.8342671792154325, 'min_df': 0.009635230087314341, 'dual': False, 'max_iter': 4295}. Best is trial 79 with value: 0.6340700859031053.
[I 2023-04-16 21:18:11,571] Trial 103 finished with value: 0.628206542866646 and parameters: {'svc_c': 137184900.1069933, 'ngram_range_max': 2, 'max_df': 0.7892129767310477, 'min_df': 0.005702078551748202, 'dual': False, 'max_iter': 4353}. Best is trial 79 with value: 0.6340700859031053.
[I 2023-04-16 21:18:13,463] Trial 104 finished with value: 0.621868417100907 and parameters: {'svc_c': 1193785273.3514516, 'ngram_range_max': 2, 'max_df': 0.8054628331791674, 'min_df': 0.009076313721436722, 'dual': False, 'max_iter': 3953}. Best is trial 79 with value: 0.6340700859031053.
[I 2023-04-16 21:18:15,615] Trial 105 finished with value: 0.6214534093891351 and parameters: {'svc_c': 6978487387.057182, 'ngram_range_max': 2, 'max_df': 0.7954199477692192, 'min_df': 0.007020051949651279, 'dual': False, 'max_iter': 4527}. Best is trial 79 with value: 0.6340700859031053.
[I 2023-04-16 21:18:17,464] Trial 106 finished with value: 0.6181963259967412 and parameters: {'svc_c': 626148745.3961141, 'ngram_range_max': 2, 'max_df': 0.7742054967819908, 'min_df': 0.010821221643492872, 'dual': False, 'max_iter': 4060}. Best is trial 79 with value: 0.6340700859031053.
[I 2023-04-16 21:18:20,236] Trial 107 finished with value: 0.6317009614804358 and parameters: {'svc_c': 90373945.76476954, 'ngram_range_max': 2, 'max_df': 0.8091241003586486, 'min_df': 0.005124282341595928, 'dual': False, 'max_iter': 3605}. Best is trial 79 with value: 0.6340700859031053.
[I 2023-04-16 21:18:22,677] Trial 108 finished with value: 0.611207137915113 and parameters: {'svc_c': 1692117.1955615145, 'ngram_range_max': 3, 'max_df': 0.8211823632085745, 'min_df': 0.012728521753160311, 'dual': False, 'max_iter': 4331}. Best is trial 79 with value: 0.6340700859031053.
[I 2023-04-16 21:18:24,589] Trial 109 finished with value: 0.6226975553893287 and parameters: {'svc_c': 32612619.07584379, 'ngram_range_max': 2, 'max_df': 0.7983282917577469, 'min_df': 0.008002080332517127, 'dual': False, 'max_iter': 3846}. Best is trial 79 with value: 0.6340700859031053.
[I 2023-04-16 21:18:26,590] Trial 110 finished with value: 0.6222233059713955 and parameters: {'svc_c': 4998743.060223193, 'ngram_range_max': 2, 'max_df': 0.7853042201308956, 'min_df': 0.006918605601683214, 'dual': False, 'max_iter': 4613}. Best is trial 79 with value: 0.6340700859031053.
[I 2023-04-16 21:18:29,327] Trial 111 finished with value: 0.6320566397725342 and parameters: {'svc_c': 1079618519.213211, 'ngram_range_max': 2, 'max_df': 0.8261562198156899, 'min_df': 0.005011451770308293, 'dual': False, 'max_iter': 4442}. Best is trial 79 with value: 0.6340700859031053.
[I 2023-04-16 21:18:31,751] Trial 112 finished with value: 0.632589516902043 and parameters: {'svc_c': 2588505707.0802255, 'ngram_range_max': 2, 'max_df': 0.8253406924909309, 'min_df': 0.00528132309558838, 'dual': False, 'max_iter': 4112}. Best is trial 79 with value: 0.6340700859031053.
[I 2023-04-16 21:18:33,623] Trial 113 finished with value: 0.6226976431028409 and parameters: {'svc_c': 2847587527.174385, 'ngram_range_max': 2, 'max_df': 0.819844733003763, 'min_df': 0.009168074844444473, 'dual': False, 'max_iter': 4133}. Best is trial 79 with value: 0.6340700859031053.
[I 2023-04-16 21:18:35,412] Trial 114 finished with value: 0.6207431755378944 and parameters: {'svc_c': 210519897.52635217, 'ngram_range_max': 2, 'max_df': 0.792440864473259, 'min_df': 0.010038008419274068, 'dual': False, 'max_iter': 3917}. Best is trial 79 with value: 0.6340700859031053.
[I 2023-04-16 21:18:39,085] Trial 115 finished with value: 0.6308124236015309 and parameters: {'svc_c': 7114109097.32739, 'ngram_range_max': 2, 'max_df': 0.803961462369982, 'min_df': 0.005072286908283288, 'dual': False, 'max_iter': 3723}. Best is trial 79 with value: 0.6340700859031053.
[I 2023-04-16 21:18:40,777] Trial 116 finished with value: 0.6175449303695054 and parameters: {'svc_c': 13875008.770636505, 'ngram_range_max': 2, 'max_df': 0.8341001925992635, 'min_df': 0.011286693428015238, 'dual': False, 'max_iter': 4300}. Best is trial 79 with value: 0.6340700859031053.
[I 2023-04-16 21:18:42,398] Trial 117 finished with value: 0.6044540395230069 and parameters: {'svc_c': 454116297.425692, 'ngram_range_max': 2, 'max_df': 0.8134748104643158, 'min_df': 0.014969152138839785, 'dual': False, 'max_iter': 4021}. Best is trial 79 with value: 0.6340700859031053.
