[I 2023-04-16 21:36:28,018] Trial 671 finished with value: 0.5743050984706974 and parameters: {'svc_c': 0.002448806327547666, 'ngram_range_max': 1, 'max_df': 0.7965897035299805, 'min_df': 0.02890426628063218, 'dual': True, 'max_iter': 2897}. Best is trial 426 with value: 0.6404673130333858.
[I 2023-04-16 21:36:28,526] Trial 672 finished with value: 0.49552820726211744 and parameters: {'svc_c': 0.015219233866579324, 'ngram_range_max': 1, 'max_df': 0.8005485521406256, 'min_df': 0.07809803995788418, 'dual': True, 'max_iter': 3082}. Best is trial 426 with value: 0.6404673130333858.
[I 2023-04-16 21:36:29,575] Trial 673 finished with value: 0.6357876041861099 and parameters: {'svc_c': 0.007097557324548185, 'ngram_range_max': 1, 'max_df': 0.7311159031348881, 'min_df': 0.00508551577116881, 'dual': True, 'max_iter': 2730}. Best is trial 426 with value: 0.6404673130333858.
[I 2023-04-16 21:36:30,197] Trial 674 finished with value: 0.5340866286715122 and parameters: {'svc_c': 0.0070335008636595725, 'ngram_range_max': 1, 'max_df': 0.7493849247861829, 'min_df': 0.053025698408830486, 'dual': True, 'max_iter': 2759}. Best is trial 426 with value: 0.6404673130333858.
[I 2023-04-16 21:36:31,076] Trial 675 finished with value: 0.5766150864434205 and parameters: {'svc_c': 0.004291814053284211, 'ngram_range_max': 1, 'max_df': 0.7299883049045779, 'min_df': 0.023460418555357385, 'dual': True, 'max_iter': 2619}. Best is trial 426 with value: 0.6404673130333858.
[I 2023-04-16 21:36:31,927] Trial 676 finished with value: 0.6179595872272284 and parameters: {'svc_c': 0.0018935476358777636, 'ngram_range_max': 1, 'max_df': 0.7196573847194859, 'min_df': 0.009614176249746417, 'dual': True, 'max_iter': 2725}. Best is trial 426 with value: 0.6404673130333858.
[I 2023-04-16 21:36:32,975] Trial 677 finished with value: 0.6401710869598778 and parameters: {'svc_c': 0.02423320452992725, 'ngram_range_max': 1, 'max_df': 0.7923078841738864, 'min_df': 0.005017981938555864, 'dual': True, 'max_iter': 2588}. Best is trial 426 with value: 0.6404673130333858.
[I 2023-04-16 21:36:34,126] Trial 678 finished with value: 0.6389865861480015 and parameters: {'svc_c': 0.0314955609080435, 'ngram_range_max': 1, 'max_df': 0.7919314811962448, 'min_df': 0.00501927512271481, 'dual': True, 'max_iter': 2657}. Best is trial 426 with value: 0.6404673130333858.
[I 2023-04-16 21:36:35,127] Trial 679 finished with value: 0.6260144769397666 and parameters: {'svc_c': 0.052993829196688755, 'ngram_range_max': 1, 'max_df': 0.7909151052067304, 'min_df': 0.006633269460642558, 'dual': True, 'max_iter': 2609}. Best is trial 426 with value: 0.6404673130333858.
[I 2023-04-16 21:36:35,782] Trial 680 finished with value: 0.573239028443036 and parameters: {'svc_c': 0.02843368121571064, 'ngram_range_max': 1, 'max_df': 0.7550016332770121, 'min_df': 0.029695691089245056, 'dual': True, 'max_iter': 2607}. Best is trial 426 with value: 0.6404673130333858.
[I 2023-04-16 21:36:36,436] Trial 681 finished with value: 0.5728245820977422 and parameters: {'svc_c': 0.012768577618849208, 'ngram_range_max': 1, 'max_df': 0.9274457203084207, 'min_df': 0.03871456136066776, 'dual': True, 'max_iter': 2502}. Best is trial 426 with value: 0.6404673130333858.
[I 2023-04-16 21:36:37,493] Trial 682 finished with value: 0.63904588048227 and parameters: {'svc_c': 0.026863993178572517, 'ngram_range_max': 1, 'max_df': 0.7390200478271683, 'min_df': 0.005124036270152038, 'dual': True, 'max_iter': 2680}. Best is trial 426 with value: 0.6404673130333858.
[I 2023-04-16 21:36:38,402] Trial 683 finished with value: 0.6261329778947915 and parameters: {'svc_c': 0.059182767095370084, 'ngram_range_max': 1, 'max_df': 0.7290579678586756, 'min_df': 0.007974561828485943, 'dual': True, 'max_iter': 2720}. Best is trial 426 with value: 0.6404673130333858.
[I 2023-04-16 21:36:39,455] Trial 684 finished with value: 0.6397565353583693 and parameters: {'svc_c': 0.02400778021995435, 'ngram_range_max': 1, 'max_df': 0.7409350402171224, 'min_df': 0.005036802329965807, 'dual': True, 'max_iter': 2563}. Best is trial 426 with value: 0.6404673130333858.
[I 2023-04-16 21:36:40,623] Trial 685 finished with value: 0.6390457752260554 and parameters: {'svc_c': 0.023793741096420136, 'ngram_range_max': 1, 'max_df': 0.7236342586162355, 'min_df': 0.005150416189747929, 'dual': True, 'max_iter': 2583}. Best is trial 426 with value: 0.6404673130333858.
[I 2023-04-16 21:36:41,255] Trial 686 finished with value: 0.573831270077623 and parameters: {'svc_c': 0.019185648900240694, 'ngram_range_max': 1, 'max_df': 0.7103975967158453, 'min_df': 0.040189459387490405, 'dual': True, 'max_iter': 2599}. Best is trial 426 with value: 0.6404673130333858.
[I 2023-04-16 21:36:42,323] Trial 687 finished with value: 0.6395788979533983 and parameters: {'svc_c': 0.030146366382378678, 'ngram_range_max': 1, 'max_df': 0.7127075644321824, 'min_df': 0.005042887983460625, 'dual': True, 'max_iter': 2666}. Best is trial 426 with value: 0.6404673130333858.
[I 2023-04-16 21:36:43,099] Trial 688 finished with value: 0.5952139122050897 and parameters: {'svc_c': 0.0343325578907392, 'ngram_range_max': 1, 'max_df': 0.7344679358571711, 'min_df': 0.019004876710348444, 'dual': True, 'max_iter': 2661}. Best is trial 426 with value: 0.6404673130333858.
[I 2023-04-16 21:36:44,145] Trial 689 finished with value: 0.6294504257263029 and parameters: {'svc_c': 0.00995354375848903, 'ngram_range_max': 1, 'max_df': 0.7193068988569862, 'min_df': 0.006774157963744705, 'dual': True, 'max_iter': 2509}. Best is trial 426 with value: 0.6404673130333858.
[I 2023-04-16 21:36:45,211] Trial 690 finished with value: 0.6366172687556049 and parameters: {'svc_c': 0.13495095623587766, 'ngram_range_max': 1, 'max_df': 0.7252899116373044, 'min_df': 0.005016991381619169, 'dual': True, 'max_iter': 2669}. Best is trial 426 with value: 0.6404673130333858.
[I 2023-04-16 21:36:46,273] Trial 691 finished with value: 0.6364986800870679 and parameters: {'svc_c': 0.08501477337639025, 'ngram_range_max': 1, 'max_df': 0.7284534532472344, 'min_df': 0.00500475582330757, 'dual': True, 'max_iter': 2555}. Best is trial 426 with value: 0.6404673130333858.
[I 2023-04-16 21:36:47,331] Trial 692 finished with value: 0.6365580095067414 and parameters: {'svc_c': 0.13922988281731327, 'ngram_range_max': 1, 'max_df': 0.7256784862688037, 'min_df': 0.0050226708678460024, 'dual': True, 'max_iter': 2677}. Best is trial 426 with value: 0.6404673130333858.
[I 2023-04-16 21:36:47,987] Trial 693 finished with value: 0.5757858604414867 and parameters: {'svc_c': 0.10198903108197489, 'ngram_range_max': 1, 'max_df': 0.7246077377024474, 'min_df': 0.026968474686159292, 'dual': True, 'max_iter': 2585}. Best is trial 426 with value: 0.6404673130333858.
[I 2023-04-16 21:36:48,503] Trial 694 finished with value: 0.49552820726211744 and parameters: {'svc_c': 0.12278153037752436, 'ngram_range_max': 1, 'max_df': 0.713483182417269, 'min_df': 0.08673745858557005, 'dual': True, 'max_iter': 2687}. Best is trial 426 with value: 0.6404673130333858.
[I 2023-04-16 21:36:49,024] Trial 695 finished with value: 0.5268609123328005 and parameters: {'svc_c': 0.19432903173101454, 'ngram_range_max': 1, 'max_df': 0.7256641154024057, 'min_df': 0.05995349674657697, 'dual': True, 'max_iter': 2548}. Best is trial 426 with value: 0.6404673130333858.
[I 2023-04-16 21:36:49,516] Trial 696 finished with value: 0.49552820726211744 and parameters: {'svc_c': 0.04604125617781122, 'ngram_range_max': 1, 'max_df': 0.7326463997496305, 'min_df': 0.08187048352428575, 'dual': True, 'max_iter': 2691}. Best is trial 426 with value: 0.6404673130333858.
[I 2023-04-16 21:36:50,486] Trial 697 finished with value: 0.6226382961404651 and parameters: {'svc_c': 0.07383933406217563, 'ngram_range_max': 1, 'max_df': 0.718651879407641, 'min_df': 0.009038790703027474, 'dual': True, 'max_iter': 2543}. Best is trial 426 with value: 0.6404673130333858.
[I 2023-04-16 21:36:51,146] Trial 698 finished with value: 0.543090929440444 and parameters: {'svc_c': 0.2408387792973644, 'ngram_range_max': 1, 'max_df': 0.7378843560030364, 'min_df': 0.04563211311676709, 'dual': True, 'max_iter': 2785}. Best is trial 426 with value: 0.6404673130333858.
[I 2023-04-16 21:36:52,163] Trial 699 finished with value: 0.6279099308536841 and parameters: {'svc_c': 0.030878868451123923, 'ngram_range_max': 1, 'max_df': 0.7256622952304148, 'min_df': 0.00809308427506184, 'dual': True, 'max_iter': 2544}. Best is trial 426 with value: 0.6404673130333858.
[I 2023-04-16 21:36:53,017] Trial 700 finished with value: 0.6190849515891583 and parameters: {'svc_c': 0.10355368036631843, 'ngram_range_max': 1, 'max_df': 0.7160357289683184, 'min_df': 0.010226824100277497, 'dual': True, 'max_iter': 2658}. Best is trial 426 with value: 0.6404673130333858.
[I 2023-04-16 21:36:53,522] Trial 701 finished with value: 0.5109282264889193 and parameters: {'svc_c': 0.02437865934403697, 'ngram_range_max': 1, 'max_df': 0.7307254446387587, 'min_df': 0.06673612082391947, 'dual': True, 'max_iter': 2752}. Best is trial 426 with value: 0.6404673130333858.
[I 2023-04-16 21:36:54,032] Trial 702 finished with value: 0.49552820726211744 and parameters: {'svc_c': 0.05805763030688283, 'ngram_range_max': 1, 'max_df': 0.7055936043959993, 'min_df': 0.09659122904568702, 'dual': True, 'max_iter': 2640}. Best is trial 426 with value: 0.6404673130333858.
[I 2023-04-16 21:36:55,077] Trial 703 finished with value: 0.6225197074719281 and parameters: {'svc_c': 0.1877676394537298, 'ngram_range_max': 1, 'max_df': 0.7140631981941257, 'min_df': 0.006988059954868158, 'dual': True, 'max_iter': 2812}. Best is trial 426 with value: 0.6404673130333858.
[I 2023-04-16 21:36:55,906] Trial 704 finished with value: 0.6152349599394847 and parameters: {'svc_c': 0.015331919920975592, 'ngram_range_max': 1, 'max_df': 0.7237417940267425, 'min_df': 0.011903741478544172, 'dual': True, 'max_iter': 2449}. Best is trial 426 with value: 0.6404673130333858.
[I 2023-04-16 21:36:57,054] Trial 705 finished with value: 0.6395788804106958 and parameters: {'svc_c': 0.03529249976740491, 'ngram_range_max': 1, 'max_df': 0.7388326481999365, 'min_df': 0.005010006039334336, 'dual': True, 'max_iter': 2557}. Best is trial 426 with value: 0.6404673130333858.
[I 2023-04-16 21:36:57,685] Trial 706 finished with value: 0.5399512593555232 and parameters: {'svc_c': 0.05349887577583061, 'ngram_range_max': 1, 'max_df': 0.7381986540546801, 'min_df': 0.04933222514099353, 'dual': True, 'max_iter': 2569}. Best is trial 426 with value: 0.6404673130333858.
[I 2023-04-16 21:36:58,602] Trial 707 finished with value: 0.6070603061973456 and parameters: {'svc_c': 0.23036818133111533, 'ngram_range_max': 1, 'max_df': 0.7429416227343876, 'min_df': 0.014758277841203024, 'dual': True, 'max_iter': 2412}. Best is trial 426 with value: 0.6404673130333858.
[I 2023-04-16 21:36:59,558] Trial 708 finished with value: 0.6264292215110021 and parameters: {'svc_c': 0.027321990392863642, 'ngram_range_max': 1, 'max_df': 0.7346490555846745, 'min_df': 0.006963320707686561, 'dual': True, 'max_iter': 2652}. Best is trial 426 with value: 0.6404673130333858.
[I 2023-04-16 21:37:00,473] Trial 709 finished with value: 0.623645071833858 and parameters: {'svc_c': 0.10797814949431062, 'ngram_range_max': 1, 'max_df': 0.7275319331298743, 'min_df': 0.00824219934611303, 'dual': True, 'max_iter': 2727}. Best is trial 426 with value: 0.6404673130333858.
[I 2023-04-16 21:37:01,350] Trial 710 finished with value: 0.5943845458615362 and parameters: {'svc_c': 0.021851524100074477, 'ngram_range_max': 1, 'max_df': 0.7214921362897015, 'min_df': 0.020612308254899573, 'dual': True, 'max_iter': 2553}. Best is trial 426 with value: 0.6404673130333858.
[I 2023-04-16 21:37:01,985] Trial 711 finished with value: 0.5739497710326475 and parameters: {'svc_c': 0.07124172683305088, 'ngram_range_max': 1, 'max_df': 0.7407663591222178, 'min_df': 0.031835155792643656, 'dual': True, 'max_iter': 2697}. Best is trial 426 with value: 0.6404673130333858.
[I 2023-04-16 21:37:02,506] Trial 712 finished with value: 0.49552820726211744 and parameters: {'svc_c': 0.012519242477162318, 'ngram_range_max': 1, 'max_df': 0.7318359095944098, 'min_df': 0.0947288346098022, 'dual': True, 'max_iter': 2456}. Best is trial 426 with value: 0.6404673130333858.
[I 2023-04-16 21:37:03,461] Trial 713 finished with value: 0.6258959584420396 and parameters: {'svc_c': 0.05652291705018639, 'ngram_range_max': 1, 'max_df': 0.7082479389491627, 'min_df': 0.006625963208431287, 'dual': True, 'max_iter': 2831}. Best is trial 426 with value: 0.6404673130333858.
[I 2023-04-16 21:37:04,333] Trial 714 finished with value: 0.6203878831852496 and parameters: {'svc_c': 0.2779608010114849, 'ngram_range_max': 1, 'max_df': 0.7215046590015194, 'min_df': 0.009942093159723015, 'dual': True, 'max_iter': 2555}. Best is trial 426 with value: 0.6404673130333858.
[I 2023-04-16 21:37:04,954] Trial 715 finished with value: 0.5697442940606023 and parameters: {'svc_c': 0.026621820482272084, 'ngram_range_max': 1, 'max_df': 0.7135928409265611, 'min_df': 0.042234953663601395, 'dual': True, 'max_iter': 2752}. Best is trial 426 with value: 0.6404673130333858.
[I 2023-04-16 21:37:05,813] Trial 716 finished with value: 0.5756080651521935 and parameters: {'svc_c': 0.010414586014066037, 'ngram_range_max': 1, 'max_df': 0.7367608242928968, 'min_df': 0.023699837150647426, 'dual': True, 'max_iter': 2485}. Best is trial 426 with value: 0.6404673130333858.
[I 2023-04-16 21:37:06,783] Trial 717 finished with value: 0.6227566742965728 and parameters: {'svc_c': 0.13917696831162915, 'ngram_range_max': 1, 'max_df': 0.7271950022333316, 'min_df': 0.0069637434065491655, 'dual': True, 'max_iter': 2597}. Best is trial 426 with value: 0.6404673130333858.
[I 2023-04-16 21:37:07,683] Trial 718 finished with value: 0.6224016801698695 and parameters: {'svc_c': 0.04578666217136442, 'ngram_range_max': 1, 'max_df': 0.7437638355568609, 'min_df': 0.008649222442725603, 'dual': True, 'max_iter': 2673}. Best is trial 426 with value: 0.6404673130333858.
[I 2023-04-16 21:37:08,202] Trial 719 finished with value: 0.49552820726211744 and parameters: {'svc_c': 0.3798212982413676, 'ngram_range_max': 1, 'max_df': 0.7028869270362187, 'min_df': 0.08004947865302595, 'dual': True, 'max_iter': 2382}. Best is trial 426 with value: 0.6404673130333858.
[I 2023-04-16 21:37:08,970] Trial 720 finished with value: 0.5756673945718669 and parameters: {'svc_c': 0.01673712447045326, 'ngram_range_max': 1, 'max_df': 0.7365198539900085, 'min_df': 0.025895892937262154, 'dual': True, 'max_iter': 2849}. Best is trial 426 with value: 0.6404673130333858.
[I 2023-04-16 21:37:09,486] Trial 721 finished with value: 0.5123493608140937 and parameters: {'svc_c': 0.09665930962072308, 'ngram_range_max': 1, 'max_df': 0.7295487559399131, 'min_df': 0.06965516056867199, 'dual': True, 'max_iter': 2604}. Best is trial 426 with value: 0.6404673130333858.
[I 2023-04-16 21:37:10,459] Trial 722 finished with value: 0.6302201117961341 and parameters: {'svc_c': 0.010307173458673397, 'ngram_range_max': 1, 'max_df': 0.7185559947316909, 'min_df': 0.006598446666240147, 'dual': True, 'max_iter': 2760}. Best is trial 426 with value: 0.6404673130333858.
[I 2023-04-16 21:37:10,967] Trial 723 finished with value: 0.5109282264889193 and parameters: {'svc_c': 0.03096059263525352, 'ngram_range_max': 1, 'max_df': 0.7232227545849162, 'min_df': 0.061140675956447045, 'dual': True, 'max_iter': 2514}. Best is trial 426 with value: 0.6404673130333858.
[I 2023-04-16 21:37:11,923] Trial 724 finished with value: 0.6181964838810632 and parameters: {'svc_c': 0.13566627399819436, 'ngram_range_max': 1, 'max_df': 0.7323168156485125, 'min_df': 0.011284551034719384, 'dual': True, 'max_iter': 2669}. Best is trial 426 with value: 0.6404673130333858.
[I 2023-04-16 21:37:12,429] Trial 725 finished with value: 0.5109282264889193 and parameters: {'svc_c': 0.010213703499049329, 'ngram_range_max': 1, 'max_df': 0.737314387431755, 'min_df': 0.06835865768247017, 'dual': True, 'max_iter': 2442}. Best is trial 426 with value: 0.6404673130333858.
[I 2023-04-16 21:37:13,512] Trial 726 finished with value: 0.6374466701845632 and parameters: {'svc_c': 0.04875727254910359, 'ngram_range_max': 1, 'max_df': 0.7186575596151893, 'min_df': 0.005026186807913855, 'dual': True, 'max_iter': 2607}. Best is trial 426 with value: 0.6404673130333858.
[I 2023-04-16 21:37:14,694] Trial 727 finished with value: 0.6375058768053196 and parameters: {'svc_c': 0.049503011710091305, 'ngram_range_max': 1, 'max_df': 0.7119312617001773, 'min_df': 0.005028102022560671, 'dual': True, 'max_iter': 2614}. Best is trial 426 with value: 0.6404673130333858.
[I 2023-04-16 21:37:15,313] Trial 728 finished with value: 0.5736540887829154 and parameters: {'svc_c': 0.04746079643881517, 'ngram_range_max': 1, 'max_df': 0.717157351506243, 'min_df': 0.034814593617269185, 'dual': True, 'max_iter': 2607}. Best is trial 426 with value: 0.6404673130333858.
[I 2023-04-16 21:37:15,829] Trial 729 finished with value: 0.5109282264889193 and parameters: {'svc_c': 0.43524237164076973, 'ngram_range_max': 1, 'max_df': 0.706363476016087, 'min_df': 0.06413963082351018, 'dual': True, 'max_iter': 2521}. Best is trial 426 with value: 0.6404673130333858.
[I 2023-04-16 21:37:16,364] Trial 730 finished with value: 0.5268609123328005 and parameters: {'svc_c': 0.06635139042118952, 'ngram_range_max': 1, 'max_df': 0.7156418279265335, 'min_df': 0.05855689063167073, 'dual': True, 'max_iter': 2771}. Best is trial 426 with value: 0.6404673130333858.
[I 2023-04-16 21:37:17,416] Trial 731 finished with value: 0.6399341727633405 and parameters: {'svc_c': 0.022622587399525888, 'ngram_range_max': 1, 'max_df': 0.7020804828825116, 'min_df': 0.005011372135374259, 'dual': True, 'max_iter': 2646}. Best is trial 426 with value: 0.6404673130333858.
[I 2023-04-16 21:37:18,362] Trial 732 finished with value: 0.6288575700971303 and parameters: {'svc_c': 0.02511712797426129, 'ngram_range_max': 1, 'max_df': 0.7004880823395825, 'min_df': 0.006569043096443679, 'dual': True, 'max_iter': 2659}. Best is trial 426 with value: 0.6404673130333858.
[I 2023-04-16 21:37:19,514] Trial 733 finished with value: 0.6400526737183652 and parameters: {'svc_c': 0.025028825551361315, 'ngram_range_max': 1, 'max_df': 0.7109713845529347, 'min_df': 0.005013450735884703, 'dual': True, 'max_iter': 2389}. Best is trial 426 with value: 0.6404673130333858.
[I 2023-04-16 21:37:20,610] Trial 734 finished with value: 0.6364395085517166 and parameters: {'svc_c': 0.1423664264420266, 'ngram_range_max': 1, 'max_df': 0.7107859568833694, 'min_df': 0.005003449439251721, 'dual': True, 'max_iter': 2389}. Best is trial 426 with value: 0.6404673130333858.
[I 2023-04-16 21:37:21,509] Trial 735 finished with value: 0.6224013644012254 and parameters: {'svc_c': 0.13084332269186635, 'ngram_range_max': 1, 'max_df': 0.7094352729362453, 'min_df': 0.008394784613315807, 'dual': True, 'max_iter': 2402}. Best is trial 426 with value: 0.6404673130333858.
[I 2023-04-16 21:37:22,305] Trial 736 finished with value: 0.6035658349554486 and parameters: {'svc_c': 0.2069615120933303, 'ngram_range_max': 1, 'max_df': 0.7135053717179047, 'min_df': 0.016593452577986813, 'dual': True, 'max_iter': 2377}. Best is trial 426 with value: 0.6404673130333858.
[I 2023-04-16 21:37:23,190] Trial 737 finished with value: 0.6219867601716097 and parameters: {'svc_c': 0.05631301116032996, 'ngram_range_max': 1, 'max_df': 0.700828564704036, 'min_df': 0.009234752931865629, 'dual': True, 'max_iter': 2473}. Best is trial 426 with value: 0.6404673130333858.
[I 2023-04-16 21:37:23,828] Trial 738 finished with value: 0.5435647402908159 and parameters: {'svc_c': 0.026747935176499232, 'ngram_range_max': 1, 'max_df': 0.7094247275851582, 'min_df': 0.045523128517596, 'dual': True, 'max_iter': 2476}. Best is trial 426 with value: 0.6404673130333858.
[I 2023-04-16 21:37:24,610] Trial 739 finished with value: 0.5754898624231104 and parameters: {'svc_c': 0.10680676204705376, 'ngram_range_max': 1, 'max_df': 0.7074881687433945, 'min_df': 0.027958788082538683, 'dual': True, 'max_iter': 2548}. Best is trial 426 with value: 0.6404673130333858.
[I 2023-04-16 21:37:25,123] Trial 740 finished with value: 0.5109282264889193 and parameters: {'svc_c': 0.34481245918110687, 'ngram_range_max': 1, 'max_df': 0.7105634065784717, 'min_df': 0.06706528791756514, 'dual': True, 'max_iter': 2340}. Best is trial 426 with value: 0.6404673130333858.
[I 2023-04-16 21:37:26,067] Trial 741 finished with value: 0.6103185824935057 and parameters: {'svc_c': 0.04934896239379287, 'ngram_range_max': 1, 'max_df': 0.7204653658222554, 'min_df': 0.013278825816943795, 'dual': True, 'max_iter': 2576}. Best is trial 426 with value: 0.6404673130333858.
[I 2023-04-16 21:37:26,574] Trial 742 finished with value: 0.5039980520583203 and parameters: {'svc_c': 0.026159710845745063, 'ngram_range_max': 1, 'max_df': 0.7148902172745109, 'min_df': 0.07392962689729747, 'dual': True, 'max_iter': 2442}. Best is trial 426 with value: 0.6404673130333858.
[I 2023-04-16 21:37:27,654] Trial 743 finished with value: 0.6238820912866099 and parameters: {'svc_c': 0.14861877764812279, 'ngram_range_max': 1, 'max_df': 0.7051209245786005, 'min_df': 0.006683032456740293, 'dual': True, 'max_iter': 2340}. Best is trial 426 with value: 0.6404673130333858.
[I 2023-04-16 21:37:28,267] Trial 744 finished with value: 0.5439198923018411 and parameters: {'svc_c': 0.01208308373848633, 'ngram_range_max': 1, 'max_df': 0.722914015998811, 'min_df': 0.04762712918132077, 'dual': True, 'max_iter': 2587}. Best is trial 426 with value: 0.6404673130333858.
[I 2023-04-16 21:37:29,339] Trial 745 finished with value: 0.6369133895728984 and parameters: {'svc_c': 0.06354379794194051, 'ngram_range_max': 1, 'max_df': 0.7000386940120885, 'min_df': 0.0050891150493359745, 'dual': True, 'max_iter': 2504}. Best is trial 426 with value: 0.6404673130333858.
