[I 2023-04-16 21:33:17,537] Trial 530 finished with value: 0.6165970981563322 and parameters: {'svc_c': 4.109931889412197, 'ngram_range_max': 2, 'max_df': 0.7976881509976799, 'min_df': 0.011440368649459413, 'dual': False, 'max_iter': 3378}. Best is trial 426 with value: 0.6404673130333858.
[I 2023-04-16 21:33:19,973] Trial 531 finished with value: 0.6320566397725342 and parameters: {'svc_c': 58594404.3128251, 'ngram_range_max': 2, 'max_df': 0.8514736409994816, 'min_df': 0.005032616640070521, 'dual': False, 'max_iter': 3892}. Best is trial 426 with value: 0.6404673130333858.
[I 2023-04-16 21:33:21,235] Trial 532 finished with value: 0.540780994095828 and parameters: {'svc_c': 364204266.89893144, 'ngram_range_max': 2, 'max_df': 0.8964286157247001, 'min_df': 0.047407736196070416, 'dual': False, 'max_iter': 3530}. Best is trial 426 with value: 0.6404673130333858.
[I 2023-04-16 21:33:22,677] Trial 533 finished with value: 0.6032699421932868 and parameters: {'svc_c': 194236.6974019201, 'ngram_range_max': 2, 'max_df': 0.8048584748553482, 'min_df': 0.015778141382347788, 'dual': False, 'max_iter': 4806}. Best is trial 426 with value: 0.6404673130333858.
[I 2023-04-16 21:33:24,326] Trial 534 finished with value: 0.5933188091452214 and parameters: {'svc_c': 1.2059542151542307e-05, 'ngram_range_max': 2, 'max_df': 0.8313247467280717, 'min_df': 0.007093965115816997, 'dual': False, 'max_iter': 4445}. Best is trial 426 with value: 0.6404673130333858.
[I 2023-04-16 21:33:25,752] Trial 535 finished with value: 0.5947990272922348 and parameters: {'svc_c': 0.09283316440275961, 'ngram_range_max': 2, 'max_df': 0.770732243166753, 'min_df': 0.020011703598929752, 'dual': False, 'max_iter': 2164}. Best is trial 426 with value: 0.6404673130333858.
[I 2023-04-16 21:33:26,885] Trial 536 finished with value: 0.5268609123328005 and parameters: {'svc_c': 18703802.354491506, 'ngram_range_max': 2, 'max_df': 0.7906411074297328, 'min_df': 0.06019470388134001, 'dual': False, 'max_iter': 3696}. Best is trial 426 with value: 0.6404673130333858.
[I 2023-04-16 21:33:28,089] Trial 537 finished with value: 0.49552820726211744 and parameters: {'svc_c': 0.5794332690791336, 'ngram_range_max': 2, 'max_df': 0.844363199999895, 'min_df': 0.08483632629761445, 'dual': False, 'max_iter': 4020}. Best is trial 426 with value: 0.6404673130333858.
[I 2023-04-16 21:33:29,254] Trial 538 finished with value: 0.5109282264889193 and parameters: {'svc_c': 11.96565497124171, 'ngram_range_max': 2, 'max_df': 0.7087860773130347, 'min_df': 0.06266312259882739, 'dual': False, 'max_iter': 2072}. Best is trial 426 with value: 0.6404673130333858.
[I 2023-04-16 21:33:30,447] Trial 539 finished with value: 0.530769900090801 and parameters: {'svc_c': 2489343.4403401176, 'ngram_range_max': 2, 'max_df': 0.8190813272183541, 'min_df': 0.05650324484590612, 'dual': False, 'max_iter': 4239}. Best is trial 426 with value: 0.6404673130333858.
[I 2023-04-16 21:33:32,092] Trial 540 finished with value: 0.6219869706840391 and parameters: {'svc_c': 533863.2898545471, 'ngram_range_max': 2, 'max_df': 0.8360394011770057, 'min_df': 0.009316022219174776, 'dual': False, 'max_iter': 4598}. Best is trial 426 with value: 0.6404673130333858.
[I 2023-04-16 21:33:34,759] Trial 541 finished with value: 0.6321158814786954 and parameters: {'svc_c': 3236.4166662770504, 'ngram_range_max': 2, 'max_df': 0.9805863377772209, 'min_df': 0.005007855516659479, 'dual': False, 'max_iter': 3828}. Best is trial 426 with value: 0.6404673130333858.
[I 2023-04-16 21:33:36,570] Trial 542 finished with value: 0.6219273079530192 and parameters: {'svc_c': 615780112.046619, 'ngram_range_max': 2, 'max_df': 0.9405891279526559, 'min_df': 0.006847815961172368, 'dual': False, 'max_iter': 4112}. Best is trial 426 with value: 0.6404673130333858.
[I 2023-04-16 21:33:37,852] Trial 543 finished with value: 0.5767925484213673 and parameters: {'svc_c': 2.337930342382164, 'ngram_range_max': 2, 'max_df': 0.8006621707821205, 'min_df': 0.023539679745427266, 'dual': False, 'max_iter': 4371}. Best is trial 426 with value: 0.6404673130333858.
[I 2023-04-16 21:33:38,480] Trial 544 finished with value: 0.5744833323275518 and parameters: {'svc_c': 9498.778820664142, 'ngram_range_max': 1, 'max_df': 0.7768612224662834, 'min_df': 0.03652243543045348, 'dual': False, 'max_iter': 1755}. Best is trial 426 with value: 0.6404673130333858.
[I 2023-04-16 21:33:40,300] Trial 545 finished with value: 0.6213351364892421 and parameters: {'svc_c': 130681882.28955632, 'ngram_range_max': 2, 'max_df': 0.7859021800886908, 'min_df': 0.008426744560899459, 'dual': False, 'max_iter': 1933}. Best is trial 426 with value: 0.6404673130333858.
[I 2023-04-16 21:33:41,550] Trial 546 finished with value: 0.5341458703776732 and parameters: {'svc_c': 1159996.5240931497, 'ngram_range_max': 2, 'max_df': 0.7548971085110348, 'min_df': 0.05215282136517883, 'dual': False, 'max_iter': 1664}. Best is trial 426 with value: 0.6404673130333858.
[I 2023-04-16 21:33:43,183] Trial 547 finished with value: 0.6203285011374688 and parameters: {'svc_c': 0.001112411585772079, 'ngram_range_max': 2, 'max_df': 0.8244495740552574, 'min_df': 0.006738529459038205, 'dual': False, 'max_iter': 3100}. Best is trial 426 with value: 0.6404673130333858.
[I 2023-04-16 21:33:44,693] Trial 548 finished with value: 0.5775040102617792 and parameters: {'svc_c': 1.6978009473053756e-09, 'ngram_range_max': 2, 'max_df': 0.8083511240053478, 'min_df': 0.010546096680345231, 'dual': True, 'max_iter': 3957}. Best is trial 426 with value: 0.6404673130333858.
[I 2023-04-16 21:33:46,016] Trial 549 finished with value: 0.5750158761457139 and parameters: {'svc_c': 0.3365826015784422, 'ngram_range_max': 2, 'max_df': 0.733654683181393, 'min_df': 0.028484424101592822, 'dual': False, 'max_iter': 2000}. Best is trial 426 with value: 0.6404673130333858.
[I 2023-04-16 21:33:48,484] Trial 550 finished with value: 0.6320566397725342 and parameters: {'svc_c': 8446094.866333725, 'ngram_range_max': 2, 'max_df': 0.7400201174312273, 'min_df': 0.005026561448567652, 'dual': False, 'max_iter': 4670}. Best is trial 426 with value: 0.6404673130333858.
[I 2023-04-16 21:33:50,409] Trial 551 finished with value: 0.6207428071411429 and parameters: {'svc_c': 255.54533058326413, 'ngram_range_max': 2, 'max_df': 0.8156283068005649, 'min_df': 0.008278305584761997, 'dual': False, 'max_iter': 3632}. Best is trial 426 with value: 0.6404673130333858.
[I 2023-04-16 21:33:52,240] Trial 552 finished with value: 0.6273174962493702 and parameters: {'svc_c': 0.04992356724734066, 'ngram_range_max': 2, 'max_df': 0.904331780434184, 'min_df': 0.006679023655183825, 'dual': False, 'max_iter': 4221}. Best is trial 426 with value: 0.6404673130333858.
[I 2023-04-16 21:33:53,892] Trial 553 finished with value: 0.6076532319973278 and parameters: {'svc_c': 40877.05356406786, 'ngram_range_max': 2, 'max_df': 0.9536761578879279, 'min_df': 0.013336876653933336, 'dual': False, 'max_iter': 3239}. Best is trial 426 with value: 0.6404673130333858.
[I 2023-04-16 21:33:55,134] Trial 554 finished with value: 0.5654802770904938 and parameters: {'svc_c': 0.00025682969292845965, 'ngram_range_max': 2, 'max_df': 0.79544043721153, 'min_df': 0.04314071699256987, 'dual': False, 'max_iter': 2093}. Best is trial 426 with value: 0.6404673130333858.
[I 2023-04-16 21:33:56,554] Trial 555 finished with value: 0.5724695353429318 and parameters: {'svc_c': 1087365855.7407126, 'ngram_range_max': 2, 'max_df': 0.7645202795256748, 'min_df': 0.03321910911038228, 'dual': False, 'max_iter': 4050}. Best is trial 426 with value: 0.6404673130333858.
[I 2023-04-16 21:33:58,271] Trial 556 finished with value: 0.6213949395618815 and parameters: {'svc_c': 242964787.30755746, 'ngram_range_max': 2, 'max_df': 0.8329711629959528, 'min_df': 0.009826570722702235, 'dual': False, 'max_iter': 4949}. Best is trial 426 with value: 0.6404673130333858.
[I 2023-04-16 21:33:59,508] Trial 557 finished with value: 0.574305677379878 and parameters: {'svc_c': 6.763667593348311, 'ngram_range_max': 2, 'max_df': 0.8219283117882181, 'min_df': 0.03800465716060568, 'dual': False, 'max_iter': 4416}. Best is trial 426 with value: 0.6404673130333858.
[I 2023-04-16 21:34:01,238] Trial 558 finished with value: 0.623527114702609 and parameters: {'svc_c': 0.0031898935649012188, 'ngram_range_max': 2, 'max_df': 0.8413603339269488, 'min_df': 0.006804081517153575, 'dual': False, 'max_iter': 2359}. Best is trial 426 with value: 0.6404673130333858.
[I 2023-04-16 21:34:03,186] Trial 559 finished with value: 0.6386903249890884 and parameters: {'svc_c': 0.014466170475656561, 'ngram_range_max': 2, 'max_df': 0.8124390906812049, 'min_df': 0.005032170669517275, 'dual': False, 'max_iter': 1856}. Best is trial 426 with value: 0.6404673130333858.
[I 2023-04-16 21:34:04,805] Trial 560 finished with value: 0.6209803002468609 and parameters: {'svc_c': 0.004941182420669572, 'ngram_range_max': 2, 'max_df': 0.8111946523266628, 'min_df': 0.00840524710122999, 'dual': False, 'max_iter': 1889}. Best is trial 426 with value: 0.6404673130333858.
[I 2023-04-16 21:34:05,937] Trial 561 finished with value: 0.5039980520583203 and parameters: {'svc_c': 0.014160173177090403, 'ngram_range_max': 2, 'max_df': 0.9995234411409414, 'min_df': 0.07255934131612277, 'dual': False, 'max_iter': 1829}. Best is trial 426 with value: 0.6404673130333858.
[I 2023-04-16 21:34:07,502] Trial 562 finished with value: 0.6264293618526217 and parameters: {'svc_c': 0.025244328867790024, 'ngram_range_max': 2, 'max_df': 0.8061735043954548, 'min_df': 0.007496086913971344, 'dual': False, 'max_iter': 1879}. Best is trial 426 with value: 0.6404673130333858.
[I 2023-04-16 21:34:08,740] Trial 563 finished with value: 0.5371672149345939 and parameters: {'svc_c': 0.0010131663861874267, 'ngram_range_max': 2, 'max_df': 0.8163210538707067, 'min_df': 0.04995896741723048, 'dual': False, 'max_iter': 4305}. Best is trial 426 with value: 0.6404673130333858.
[I 2023-04-16 21:34:10,235] Trial 564 finished with value: 0.6167748583602204 and parameters: {'svc_c': 0.011879308423973188, 'ngram_range_max': 2, 'max_df': 0.8280233379270122, 'min_df': 0.011824492720217735, 'dual': False, 'max_iter': 1785}. Best is trial 426 with value: 0.6404673130333858.
[I 2023-04-16 21:34:11,368] Trial 565 finished with value: 0.5109282264889193 and parameters: {'svc_c': 2760314.982604517, 'ngram_range_max': 2, 'max_df': 0.8006259251225365, 'min_df': 0.06604226708849313, 'dual': False, 'max_iter': 1192}. Best is trial 426 with value: 0.6404673130333858.
[I 2023-04-16 21:34:13,086] Trial 566 finished with value: 0.6261920617166306 and parameters: {'svc_c': 0.12422412925111989, 'ngram_range_max': 2, 'max_df': 0.8185938995004891, 'min_df': 0.006596072591005755, 'dual': False, 'max_iter': 2821}. Best is trial 426 with value: 0.6404673130333858.
[I 2023-04-16 21:34:15,348] Trial 567 finished with value: 0.6180779478406336 and parameters: {'svc_c': 0.002260214746300565, 'ngram_range_max': 3, 'max_df': 0.808467754176292, 'min_df': 0.009565879094394795, 'dual': True, 'max_iter': 2002}. Best is trial 426 with value: 0.6404673130333858.
[I 2023-04-16 21:34:16,774] Trial 568 finished with value: 0.6023220398093039 and parameters: {'svc_c': 35947481.35063168, 'ngram_range_max': 2, 'max_df': 0.8125173655199047, 'min_df': 0.01681293436027862, 'dual': False, 'max_iter': 4153}. Best is trial 426 with value: 0.6404673130333858.
[I 2023-04-16 21:34:17,910] Trial 569 finished with value: 0.5007998946034438 and parameters: {'svc_c': 1127.6624766157206, 'ngram_range_max': 2, 'max_df': 0.8014965441045055, 'min_df': 0.07114666785367912, 'dual': False, 'max_iter': 1420}. Best is trial 426 with value: 0.6404673130333858.
[I 2023-04-16 21:34:20,214] Trial 570 finished with value: 0.6277915176121714 and parameters: {'svc_c': 0.045356965998308005, 'ngram_range_max': 3, 'max_df': 0.8263744307179305, 'min_df': 0.006557156285927616, 'dual': False, 'max_iter': 4758}. Best is trial 426 with value: 0.6404673130333858.
[I 2023-04-16 21:34:21,876] Trial 571 finished with value: 0.6219272728676144 and parameters: {'svc_c': 4.6311753642284685e-05, 'ngram_range_max': 2, 'max_df': 0.9245723887991956, 'min_df': 0.005102018679415844, 'dual': False, 'max_iter': 4572}. Best is trial 426 with value: 0.6404673130333858.
[I 2023-04-16 21:34:23,004] Trial 572 finished with value: 0.5039980520583203 and parameters: {'svc_c': 118.70710034372918, 'ngram_range_max': 2, 'max_df': 0.8478764884465675, 'min_df': 0.07400431014825859, 'dual': False, 'max_iter': 1693}. Best is trial 426 with value: 0.6404673130333858.
[I 2023-04-16 21:34:24,810] Trial 573 finished with value: 0.6210392086416756 and parameters: {'svc_c': 3361529650.0647674, 'ngram_range_max': 2, 'max_df': 0.7938369457809219, 'min_df': 0.008341041262645349, 'dual': False, 'max_iter': 3922}. Best is trial 426 with value: 0.6404673130333858.
[I 2023-04-16 21:34:25,934] Trial 574 finished with value: 0.5039980520583203 and parameters: {'svc_c': 0.008271232182244459, 'ngram_range_max': 2, 'max_df': 0.8311848887012298, 'min_df': 0.075304329105618, 'dual': False, 'max_iter': 1847}. Best is trial 426 with value: 0.6404673130333858.
[I 2023-04-16 21:34:27,070] Trial 575 finished with value: 0.49552820726211744 and parameters: {'svc_c': 14454067.96506934, 'ngram_range_max': 2, 'max_df': 0.8203658161117853, 'min_df': 0.09358268846804078, 'dual': False, 'max_iter': 4308}. Best is trial 426 with value: 0.6404673130333858.
[I 2023-04-16 21:34:28,685] Trial 576 finished with value: 0.6175449303695054 and parameters: {'svc_c': 16153.204903295047, 'ngram_range_max': 2, 'max_df': 0.8788319218575162, 'min_df': 0.011209718358754558, 'dual': False, 'max_iter': 4056}. Best is trial 426 with value: 0.6404673130333858.
[I 2023-04-16 21:34:31,755] Trial 577 finished with value: 0.6309310298127703 and parameters: {'svc_c': 294593.0220294833, 'ngram_range_max': 3, 'max_df': 0.7488559480156174, 'min_df': 0.005038507011672106, 'dual': False, 'max_iter': 3001}. Best is trial 426 with value: 0.6404673130333858.
[I 2023-04-16 21:34:33,293] Trial 578 finished with value: 0.6156494589128857 and parameters: {'svc_c': 0.00014933432139311407, 'ngram_range_max': 2, 'max_df': 0.8542259508838626, 'min_df': 0.008196885149581067, 'dual': False, 'max_iter': 4502}. Best is trial 426 with value: 0.6404673130333858.
[I 2023-04-16 21:34:34,429] Trial 579 finished with value: 0.49552820726211744 and parameters: {'svc_c': 1354221936.9014652, 'ngram_range_max': 2, 'max_df': 0.9025086178046487, 'min_df': 0.08037386624782639, 'dual': False, 'max_iter': 1071}. Best is trial 426 with value: 0.6404673130333858.
[I 2023-04-16 21:34:35,567] Trial 580 finished with value: 0.5123493608140937 and parameters: {'svc_c': 81210.18443189262, 'ngram_range_max': 2, 'max_df': 0.8139608142904614, 'min_df': 0.06972385458998716, 'dual': False, 'max_iter': 4203}. Best is trial 426 with value: 0.6404673130333858.
[I 2023-04-16 21:34:36,549] Trial 581 finished with value: 0.6225787562083624 and parameters: {'svc_c': 0.21847019659394595, 'ngram_range_max': 1, 'max_df': 0.8047018140475262, 'min_df': 0.006749592501709914, 'dual': False, 'max_iter': 3782}. Best is trial 426 with value: 0.6404673130333858.
[I 2023-04-16 21:34:38,213] Trial 582 finished with value: 0.6222242006492203 and parameters: {'svc_c': 872326.6177775498, 'ngram_range_max': 2, 'max_df': 0.8627676176873651, 'min_df': 0.009743019854548406, 'dual': False, 'max_iter': 1943}. Best is trial 426 with value: 0.6404673130333858.
[I 2023-04-16 21:34:40,809] Trial 583 finished with value: 0.6222825827629617 and parameters: {'svc_c': 5126679.540691035, 'ngram_range_max': 3, 'max_df': 0.7887080861213185, 'min_df': 0.006502950182002235, 'dual': False, 'max_iter': 3890}. Best is trial 426 with value: 0.6404673130333858.
[I 2023-04-16 21:34:42,204] Trial 584 finished with value: 0.5816496490757802 and parameters: {'svc_c': 83766662.7148119, 'ngram_range_max': 2, 'max_df': 0.8377595646880641, 'min_df': 0.02235378849576875, 'dual': False, 'max_iter': 1801}. Best is trial 426 with value: 0.6404673130333858.
[I 2023-04-16 21:34:43,479] Trial 585 finished with value: 0.5735351492603294 and parameters: {'svc_c': 0.025265957260781013, 'ngram_range_max': 2, 'max_df': 0.8887067129351647, 'min_df': 0.03173901682275553, 'dual': False, 'max_iter': 4042}. Best is trial 426 with value: 0.6404673130333858.
D:\vkr_folder\venv\lib\site-packages\sklearn\svm\_base.py:1244: ConvergenceWarning: Liblinear failed to converge, increase the number of iterations.
  warnings.warn(
D:\vkr_folder\venv\lib\site-packages\sklearn\svm\_base.py:1244: ConvergenceWarning: Liblinear failed to converge, increase the number of iterations.
  warnings.warn(
D:\vkr_folder\venv\lib\site-packages\sklearn\svm\_base.py:1244: ConvergenceWarning: Liblinear failed to converge, increase the number of iterations.
  warnings.warn(
D:\vkr_folder\venv\lib\site-packages\sklearn\svm\_base.py:1244: ConvergenceWarning: Liblinear failed to converge, increase the number of iterations.
  warnings.warn(
D:\vkr_folder\venv\lib\site-packages\sklearn\svm\_base.py:1244: ConvergenceWarning: Liblinear failed to converge, increase the number of iterations.
  warnings.warn(
[I 2023-04-16 21:34:46,210] Trial 586 finished with value: 0.5088539071808597 and parameters: {'svc_c': 412878384.9342092, 'ngram_range_max': 2, 'max_df': 0.8242994807778453, 'min_df': 0.060284643492987705, 'dual': True, 'max_iter': 4347}. Best is trial 426 with value: 0.6404673130333858.
[I 2023-04-16 21:34:47,374] Trial 587 finished with value: 0.49552820726211744 and parameters: {'svc_c': 1.0474795957502683, 'ngram_range_max': 2, 'max_df': 0.9729940719858798, 'min_df': 0.08956492089090978, 'dual': False, 'max_iter': 1724}. Best is trial 426 with value: 0.6404673130333858.
[I 2023-04-16 21:34:48,934] Trial 588 finished with value: 0.624592851418924 and parameters: {'svc_c': 0.08835129626658536, 'ngram_range_max': 2, 'max_df': 0.7973152187696517, 'min_df': 0.008224088456361519, 'dual': False, 'max_iter': 4746}. Best is trial 426 with value: 0.6404673130333858.
[I 2023-04-16 21:34:50,077] Trial 589 finished with value: 0.49552820726211744 and parameters: {'svc_c': 1829675.0302736056, 'ngram_range_max': 2, 'max_df': 0.8090305183389573, 'min_df': 0.0837335863396349, 'dual': False, 'max_iter': 2184}. Best is trial 426 with value: 0.6404673130333858.
[I 2023-04-16 21:34:51,898] Trial 590 finished with value: 0.49552820726211744 and parameters: {'svc_c': 4223.4215541980375, 'ngram_range_max': 3, 'max_df': 0.8168777625666473, 'min_df': 0.07781630045553758, 'dual': False, 'max_iter': 1613}. Best is trial 426 with value: 0.6404673130333858.
[I 2023-04-16 21:34:53,581] Trial 591 finished with value: 0.624652163295895 and parameters: {'svc_c': 0.0004443001513365994, 'ngram_range_max': 2, 'max_df': 0.9698324727917426, 'min_df': 0.005086192748230167, 'dual': False, 'max_iter': 2876}. Best is trial 426 with value: 0.6404673130333858.
[I 2023-04-16 21:34:54,843] Trial 592 finished with value: 0.5744238625662588 and parameters: {'svc_c': 19890057.990270246, 'ngram_range_max': 2, 'max_df': 0.8337518360413173, 'min_df': 0.040827504998328296, 'dual': False, 'max_iter': 4156}. Best is trial 426 with value: 0.6404673130333858.
[I 2023-04-16 21:34:55,992] Trial 593 finished with value: 0.5109282264889193 and parameters: {'svc_c': 195151.99506768814, 'ngram_range_max': 2, 'max_df': 0.8038976728326904, 'min_df': 0.06703482895827793, 'dual': False, 'max_iter': 4437}. Best is trial 426 with value: 0.6404673130333858.
[I 2023-04-16 21:34:57,126] Trial 594 finished with value: 0.49552820726211744 and parameters: {'svc_c': 5952596834.215327, 'ngram_range_max': 2, 'max_df': 0.7162386282654458, 'min_df': 0.08202151481484285, 'dual': False, 'max_iter': 2022}. Best is trial 426 with value: 0.6404673130333858.
[I 2023-04-16 21:34:58,680] Trial 595 finished with value: 0.6073569708384149 and parameters: {'svc_c': 164599840.72025755, 'ngram_range_max': 2, 'max_df': 0.9144998954548642, 'min_df': 0.013386731691628451, 'dual': False, 'max_iter': 2105}. Best is trial 426 with value: 0.6404673130333858.
[I 2023-04-16 21:34:59,812] Trial 596 finished with value: 0.49552820726211744 and parameters: {'svc_c': 2325609399.8138866, 'ngram_range_max': 2, 'max_df': 0.8446777231942966, 'min_df': 0.09685784332432673, 'dual': False, 'max_iter': 3976}. Best is trial 426 with value: 0.6404673130333858.
[I 2023-04-16 21:35:01,880] Trial 597 finished with value: 0.5757266889061354 and parameters: {'svc_c': 497638015.2228695, 'ngram_range_max': 3, 'max_df': 0.9366437238217944, 'min_df': 0.02723828829858739, 'dual': False, 'max_iter': 2515}. Best is trial 426 with value: 0.6404673130333858.
[I 2023-04-16 21:35:03,827] Trial 598 finished with value: 0.6205055420905569 and parameters: {'svc_c': 433.0091277977309, 'ngram_range_max': 2, 'max_df': 0.7245630741332545, 'min_df': 0.007199780288880345, 'dual': False, 'max_iter': 4573}. Best is trial 426 with value: 0.6404673130333858.
[I 2023-04-16 21:35:05,233] Trial 599 finished with value: 0.5931406805445816 and parameters: {'svc_c': 30004.452632054876, 'ngram_range_max': 2, 'max_df': 0.8202588173109315, 'min_df': 0.021509480246686905, 'dual': False, 'max_iter': 1925}. Best is trial 426 with value: 0.6404673130333858.
[I 2023-04-16 21:35:06,507] Trial 600 finished with value: 0.5433277383807665 and parameters: {'svc_c': 0.006907249795571859, 'ngram_range_max': 2, 'max_df': 0.7925942372687866, 'min_df': 0.04395461305721179, 'dual': False, 'max_iter': 3786}. Best is trial 426 with value: 0.6404673130333858.
[I 2023-04-16 21:35:08,171] Trial 601 finished with value: 0.6188478970510015 and parameters: {'svc_c': 6075363.055220383, 'ngram_range_max': 2, 'max_df': 0.7828444486804587, 'min_df': 0.010195869590528844, 'dual': False, 'max_iter': 1185}. Best is trial 426 with value: 0.6404673130333858.
