[I 2023-04-16 21:24:14,281] Trial 255 finished with value: 0.6227567795527874 and parameters: {'svc_c': 583.0187872725555, 'ngram_range_max': 2, 'max_df': 0.7289056112265424, 'min_df': 0.008043442158700159, 'dual': False, 'max_iter': 2363}. Best is trial 244 with value: 0.6395788102398858.
[I 2023-04-16 21:24:16,480] Trial 256 finished with value: 0.6325895519874478 and parameters: {'svc_c': 1.4646478452021692, 'ngram_range_max': 2, 'max_df': 0.8421860547612434, 'min_df': 0.0050957049582644924, 'dual': False, 'max_iter': 3997}. Best is trial 244 with value: 0.6395788102398858.
[I 2023-04-16 21:24:18,312] Trial 257 finished with value: 0.6229341713599243 and parameters: {'svc_c': 0.4965993795862333, 'ngram_range_max': 2, 'max_df': 0.8541903945780203, 'min_df': 0.006831246531557381, 'dual': False, 'max_iter': 3102}. Best is trial 244 with value: 0.6395788102398858.
[I 2023-04-16 21:24:19,564] Trial 258 finished with value: 0.5123493608140937 and parameters: {'svc_c': 1.8850901782755884, 'ngram_range_max': 2, 'max_df': 0.8514679449824053, 'min_df': 0.06924409760512089, 'dual': True, 'max_iter': 2123}. Best is trial 244 with value: 0.6395788102398858.
[I 2023-04-16 21:24:22,054] Trial 259 finished with value: 0.6213352592881592 and parameters: {'svc_c': 16.092498635025876, 'ngram_range_max': 3, 'max_df': 0.8374403113085096, 'min_df': 0.008622396814209343, 'dual': False, 'max_iter': 3925}. Best is trial 244 with value: 0.6395788102398858.
[I 2023-04-16 21:24:23,266] Trial 260 finished with value: 0.5744238625662588 and parameters: {'svc_c': 3.445132926134411, 'ngram_range_max': 2, 'max_df': 0.8576694766191143, 'min_df': 0.04080533695574856, 'dual': False, 'max_iter': 2170}. Best is trial 244 with value: 0.6395788102398858.
[I 2023-04-16 21:24:25,447] Trial 261 finished with value: 0.6227561655582019 and parameters: {'svc_c': 4703.320530546816, 'ngram_range_max': 2, 'max_df': 0.8428349350953231, 'min_df': 0.0067439142176246875, 'dual': False, 'max_iter': 3775}. Best is trial 244 with value: 0.6395788102398858.
[I 2023-04-16 21:24:27,133] Trial 262 finished with value: 0.6180185131647457 and parameters: {'svc_c': 2.8221978690716054, 'ngram_range_max': 2, 'max_df': 0.8470074508881966, 'min_df': 0.01109979503704123, 'dual': False, 'max_iter': 2959}. Best is trial 244 with value: 0.6395788102398858.
[I 2023-04-16 21:24:29,373] Trial 263 finished with value: 0.6301609402607828 and parameters: {'svc_c': 19.073570273240986, 'ngram_range_max': 2, 'max_df': 0.7921631717006887, 'min_df': 0.005047430159224712, 'dual': False, 'max_iter': 3989}. Best is trial 244 with value: 0.6395788102398858.
[I 2023-04-16 21:24:31,924] Trial 264 finished with value: 0.6222235866546347 and parameters: {'svc_c': 0.8214920181876463, 'ngram_range_max': 3, 'max_df': 0.7785089860545945, 'min_df': 0.008406760364626183, 'dual': False, 'max_iter': 3634}. Best is trial 244 with value: 0.6395788102398858.
[I 2023-04-16 21:24:33,988] Trial 265 finished with value: 0.6239407716262928 and parameters: {'svc_c': 988724.9140189424, 'ngram_range_max': 2, 'max_df': 0.8420267564697171, 'min_df': 0.00666192921126105, 'dual': False, 'max_iter': 4649}. Best is trial 244 with value: 0.6395788102398858.
[I 2023-04-16 21:24:35,260] Trial 266 finished with value: 0.5268609123328005 and parameters: {'svc_c': 0.09856221228160603, 'ngram_range_max': 2, 'max_df': 0.827754908962156, 'min_df': 0.058738133732370315, 'dual': False, 'max_iter': 3849}. Best is trial 244 with value: 0.6395788102398858.
[I 2023-04-16 21:24:36,690] Trial 267 finished with value: 0.5735943383383832 and parameters: {'svc_c': 177.1131031752647, 'ngram_range_max': 2, 'max_df': 0.800339069114245, 'min_df': 0.03137332442520195, 'dual': False, 'max_iter': 2779}. Best is trial 244 with value: 0.6395788102398858.
[I 2023-04-16 21:24:38,359] Trial 268 finished with value: 0.622224148021113 and parameters: {'svc_c': 0.026166705974216685, 'ngram_range_max': 2, 'max_df': 0.8145325348396021, 'min_df': 0.010001770272285798, 'dual': False, 'max_iter': 4069}. Best is trial 244 with value: 0.6395788102398858.
[I 2023-04-16 21:24:41,185] Trial 269 finished with value: 0.6318789321967533 and parameters: {'svc_c': 1563.7266696317606, 'ngram_range_max': 2, 'max_df': 0.869641101122259, 'min_df': 0.005019758998654199, 'dual': False, 'max_iter': 4503}. Best is trial 244 with value: 0.6395788102398858.
[I 2023-04-16 21:24:43,506] Trial 270 finished with value: 0.6085411734243495 and parameters: {'svc_c': 12942829.017946497, 'ngram_range_max': 3, 'max_df': 0.7406983062379244, 'min_df': 0.013845977111431425, 'dual': False, 'max_iter': 4393}. Best is trial 244 with value: 0.6395788102398858.
[I 2023-04-16 21:24:45,518] Trial 271 finished with value: 0.6222233059713955 and parameters: {'svc_c': 8216.316408954814, 'ngram_range_max': 2, 'max_df': 0.7622627937869071, 'min_df': 0.006919526362633856, 'dual': False, 'max_iter': 4133}. Best is trial 244 with value: 0.6395788102398858.
[I 2023-04-16 21:24:49,016] Trial 272 finished with value: 0.6308124236015309 and parameters: {'svc_c': 244662.10563817018, 'ngram_range_max': 2, 'max_df': 0.8067766060955261, 'min_df': 0.005039553511351196, 'dual': False, 'max_iter': 4762}. Best is trial 244 with value: 0.6395788102398858.
[I 2023-04-16 21:24:50,845] Trial 273 finished with value: 0.6210390156719487 and parameters: {'svc_c': 3739680.251006312, 'ngram_range_max': 2, 'max_df': 0.834312817399081, 'min_df': 0.008754315171887605, 'dual': False, 'max_iter': 3981}. Best is trial 244 with value: 0.6395788102398858.
[I 2023-04-16 21:24:52,479] Trial 274 finished with value: 0.5748379580575037 and parameters: {'svc_c': 46.41988812245085, 'ngram_range_max': 2, 'max_df': 0.789089721845135, 'min_df': 0.024394195054046868, 'dual': False, 'max_iter': 2217}. Best is trial 244 with value: 0.6395788102398858.
[I 2023-04-16 21:24:53,737] Trial 275 finished with value: 0.4978969983734406 and parameters: {'svc_c': 1.1008109659034559e-07, 'ngram_range_max': 2, 'max_df': 0.8260309919162268, 'min_df': 0.09596721461634325, 'dual': False, 'max_iter': 3337}. Best is trial 244 with value: 0.6395788102398858.
D:\vkr_folder\venv\lib\site-packages\sklearn\svm\_base.py:1244: ConvergenceWarning: Liblinear failed to converge, increase the number of iterations.
  warnings.warn(
D:\vkr_folder\venv\lib\site-packages\sklearn\svm\_base.py:1244: ConvergenceWarning: Liblinear failed to converge, increase the number of iterations.
  warnings.warn(
D:\vkr_folder\venv\lib\site-packages\sklearn\svm\_base.py:1244: ConvergenceWarning: Liblinear failed to converge, increase the number of iterations.
  warnings.warn(
D:\vkr_folder\venv\lib\site-packages\sklearn\svm\_base.py:1244: ConvergenceWarning: Liblinear failed to converge, increase the number of iterations.
  warnings.warn(
D:\vkr_folder\venv\lib\site-packages\sklearn\svm\_base.py:1244: ConvergenceWarning: Liblinear failed to converge, increase the number of iterations.
  warnings.warn(
[I 2023-04-16 21:24:56,659] Trial 276 finished with value: 0.5025171322032091 and parameters: {'svc_c': 1296762.4248269917, 'ngram_range_max': 2, 'max_df': 0.7716182128439553, 'min_df': 0.0618688353783448, 'dual': True, 'max_iter': 4177}. Best is trial 244 with value: 0.6395788102398858.
[I 2023-04-16 21:24:59,006] Trial 277 finished with value: 0.6034473690858287 and parameters: {'svc_c': 39412.824863340385, 'ngram_range_max': 3, 'max_df': 0.7952518449803475, 'min_df': 0.016387277274755876, 'dual': False, 'max_iter': 3234}. Best is trial 244 with value: 0.6395788102398858.
[I 2023-04-16 21:25:00,080] Trial 278 finished with value: 0.6219866373726927 and parameters: {'svc_c': 0.23018185439171365, 'ngram_range_max': 1, 'max_df': 0.8164023786001431, 'min_df': 0.00698974807928384, 'dual': False, 'max_iter': 2334}. Best is trial 244 with value: 0.6395788102398858.
[I 2023-04-16 21:25:01,726] Trial 279 finished with value: 0.618077842584419 and parameters: {'svc_c': 16861919.477223616, 'ngram_range_max': 2, 'max_df': 0.7818684920334131, 'min_df': 0.011010065428268434, 'dual': False, 'max_iter': 4318}. Best is trial 244 with value: 0.6395788102398858.
[I 2023-04-16 21:25:03,713] Trial 280 finished with value: 0.6210392086416756 and parameters: {'svc_c': 372359.11557324213, 'ngram_range_max': 2, 'max_df': 0.8308468232907098, 'min_df': 0.008320825176869584, 'dual': False, 'max_iter': 3743}. Best is trial 244 with value: 0.6395788102398858.
[I 2023-04-16 21:25:05,118] Trial 281 finished with value: 0.5741274610657262 and parameters: {'svc_c': 5588513.435672608, 'ngram_range_max': 2, 'max_df': 0.8097913270841224, 'min_df': 0.028264366334398595, 'dual': False, 'max_iter': 4550}. Best is trial 244 with value: 0.6395788102398858.
[I 2023-04-16 21:25:08,684] Trial 282 finished with value: 0.6308124236015309 and parameters: {'svc_c': 117728.58063684085, 'ngram_range_max': 2, 'max_df': 0.8223081996177801, 'min_df': 0.005043887098030709, 'dual': False, 'max_iter': 3625}. Best is trial 244 with value: 0.6395788102398858.
[I 2023-04-16 21:25:10,779] Trial 283 finished with value: 0.6214532865902178 and parameters: {'svc_c': 3262137613.1535697, 'ngram_range_max': 2, 'max_df': 0.8042298167411293, 'min_df': 0.006774831042404539, 'dual': False, 'max_iter': 3875}. Best is trial 244 with value: 0.6395788102398858.
[I 2023-04-16 21:25:13,408] Trial 284 finished with value: 0.6220462123902002 and parameters: {'svc_c': 82.15433267551951, 'ngram_range_max': 3, 'max_df': 0.8410898197845784, 'min_df': 0.009330553148651551, 'dual': False, 'max_iter': 4061}. Best is trial 244 with value: 0.6395788102398858.
[I 2023-04-16 21:25:15,356] Trial 285 finished with value: 0.6242961341497473 and parameters: {'svc_c': 5.963516891710662, 'ngram_range_max': 2, 'max_df': 0.8149669741454688, 'min_df': 0.00667995377115878, 'dual': False, 'max_iter': 4357}. Best is trial 244 with value: 0.6395788102398858.
[I 2023-04-16 21:25:17,018] Trial 286 finished with value: 0.6132799836361672 and parameters: {'svc_c': 2.015333946057875, 'ngram_range_max': 2, 'max_df': 0.8252724295823596, 'min_df': 0.012107764355181792, 'dual': False, 'max_iter': 4187}. Best is trial 244 with value: 0.6395788102398858.
[I 2023-04-16 21:25:18,389] Trial 287 finished with value: 0.5759635680172676 and parameters: {'svc_c': 16629.880519948154, 'ngram_range_max': 2, 'max_df': 0.7673513259205146, 'min_df': 0.026628038064417513, 'dual': False, 'max_iter': 3983}. Best is trial 244 with value: 0.6395788102398858.
[I 2023-04-16 21:25:21,004] Trial 288 finished with value: 0.6317009614804358 and parameters: {'svc_c': 1996532.9513718493, 'ngram_range_max': 2, 'max_df': 0.831996505137839, 'min_df': 0.005096448803780877, 'dual': False, 'max_iter': 4456}. Best is trial 244 with value: 0.6395788102398858.
[I 2023-04-16 21:25:22,886] Trial 289 finished with value: 0.6209203919180067 and parameters: {'svc_c': 149758958.2762179, 'ngram_range_max': 2, 'max_df': 0.7774510501411157, 'min_df': 0.008190545849421204, 'dual': False, 'max_iter': 2797}. Best is trial 244 with value: 0.6395788102398858.
[I 2023-04-16 21:25:24,259] Trial 290 finished with value: 0.5431501536039027 and parameters: {'svc_c': 33223190.31163114, 'ngram_range_max': 2, 'max_df': 0.7863139365586265, 'min_df': 0.045760610320069936, 'dual': False, 'max_iter': 4190}. Best is trial 244 with value: 0.6395788102398858.
[I 2023-04-16 21:25:27,013] Trial 291 finished with value: 0.6213348207205981 and parameters: {'svc_c': 2051381487.0051465, 'ngram_range_max': 3, 'max_df': 0.7516852485161415, 'min_df': 0.00695576127854868, 'dual': False, 'max_iter': 3486}. Best is trial 244 with value: 0.6395788102398858.
[I 2023-04-16 21:25:28,750] Trial 292 finished with value: 0.6214541812680426 and parameters: {'svc_c': 941.1239088584218, 'ngram_range_max': 2, 'max_df': 0.7959439595804193, 'min_df': 0.00980301979961041, 'dual': False, 'max_iter': 4854}. Best is trial 244 with value: 0.6395788102398858.
[I 2023-04-16 21:25:30,775] Trial 293 finished with value: 0.6227561655582019 and parameters: {'svc_c': 585116.2778170792, 'ngram_range_max': 2, 'max_df': 0.810805589043883, 'min_df': 0.00670564923119477, 'dual': False, 'max_iter': 4624}. Best is trial 244 with value: 0.6395788102398858.
[I 2023-04-16 21:25:33,628] Trial 294 finished with value: 0.6308716477649894 and parameters: {'svc_c': 3887.9117699823773, 'ngram_range_max': 2, 'max_df': 0.8215529062502428, 'min_df': 0.005074142867594089, 'dual': False, 'max_iter': 3809}. Best is trial 244 with value: 0.6395788102398858.
[I 2023-04-16 21:25:35,654] Trial 295 finished with value: 0.5744833323275518 and parameters: {'svc_c': 23.38112967270771, 'ngram_range_max': 3, 'max_df': 0.8011083141924765, 'min_df': 0.03700662912850375, 'dual': False, 'max_iter': 4308}. Best is trial 244 with value: 0.6395788102398858.
[I 2023-04-16 21:25:36,947] Trial 296 finished with value: 0.49552820726211744 and parameters: {'svc_c': 233.67263599981854, 'ngram_range_max': 2, 'max_df': 0.7034113063771463, 'min_df': 0.08272465624380784, 'dual': False, 'max_iter': 4051}. Best is trial 244 with value: 0.6395788102398858.
D:\vkr_folder\venv\lib\site-packages\sklearn\svm\_base.py:1244: ConvergenceWarning: Liblinear failed to converge, increase the number of iterations.
  warnings.warn(
D:\vkr_folder\venv\lib\site-packages\sklearn\svm\_base.py:1244: ConvergenceWarning: Liblinear failed to converge, increase the number of iterations.
  warnings.warn(
D:\vkr_folder\venv\lib\site-packages\sklearn\svm\_base.py:1244: ConvergenceWarning: Liblinear failed to converge, increase the number of iterations.
  warnings.warn(
D:\vkr_folder\venv\lib\site-packages\sklearn\svm\_base.py:1244: ConvergenceWarning: Liblinear failed to converge, increase the number of iterations.
  warnings.warn(
D:\vkr_folder\venv\lib\site-packages\sklearn\svm\_base.py:1244: ConvergenceWarning: Liblinear failed to converge, increase the number of iterations.
  warnings.warn(
[I 2023-04-16 21:25:46,625] Trial 297 finished with value: 0.5496640923335583 and parameters: {'svc_c': 9894172.625697082, 'ngram_range_max': 2, 'max_df': 0.8368970134424928, 'min_df': 0.008836582957153956, 'dual': True, 'max_iter': 3942}. Best is trial 244 with value: 0.6395788102398858.
[I 2023-04-16 21:25:48,455] Trial 298 finished with value: 0.6283247280530266 and parameters: {'svc_c': 0.015329703033939797, 'ngram_range_max': 2, 'max_df': 0.8175638806585016, 'min_df': 0.007754023891304305, 'dual': False, 'max_iter': 4142}. Best is trial 244 with value: 0.6395788102398858.
[I 2023-04-16 21:25:49,771] Trial 299 finished with value: 0.5109282264889193 and parameters: {'svc_c': 10.135013835020933, 'ngram_range_max': 2, 'max_df': 0.9227704088643901, 'min_df': 0.06357106137678874, 'dual': False, 'max_iter': 2292}. Best is trial 244 with value: 0.6395788102398858.
[I 2023-04-16 21:25:51,421] Trial 300 finished with value: 0.5961617619609654 and parameters: {'svc_c': 71061719.01696968, 'ngram_range_max': 2, 'max_df': 0.8472079447338122, 'min_df': 0.019457930526598513, 'dual': False, 'max_iter': 4371}. Best is trial 244 with value: 0.6395788102398858.
[I 2023-04-16 21:25:53,584] Trial 301 finished with value: 0.5734758198406562 and parameters: {'svc_c': 0.531042297294303, 'ngram_range_max': 3, 'max_df': 0.826819377952613, 'min_df': 0.0291272882046356, 'dual': False, 'max_iter': 2995}. Best is trial 244 with value: 0.6395788102398858.
[I 2023-04-16 21:25:54,866] Trial 302 finished with value: 0.49552820726211744 and parameters: {'svc_c': 6083908732.583073, 'ngram_range_max': 2, 'max_df': 0.8067346684363078, 'min_df': 0.09225198577708427, 'dual': False, 'max_iter': 3709}. Best is trial 244 with value: 0.6395788102398858.
[I 2023-04-16 21:25:57,642] Trial 303 finished with value: 0.6308124236015309 and parameters: {'svc_c': 2033130.1036653807, 'ngram_range_max': 2, 'max_df': 0.8140594046849089, 'min_df': 0.005062498688808922, 'dual': False, 'max_iter': 2563}. Best is trial 244 with value: 0.6395788102398858.
[I 2023-04-16 21:25:59,363] Trial 304 finished with value: 0.6186110354825717 and parameters: {'svc_c': 163060.35311254853, 'ngram_range_max': 2, 'max_df': 0.7925148264294799, 'min_df': 0.01102122876152008, 'dual': False, 'max_iter': 2460}. Best is trial 244 with value: 0.6395788102398858.
[I 2023-04-16 21:26:01,571] Trial 305 finished with value: 0.6214532865902178 and parameters: {'svc_c': 2120480508.7892354, 'ngram_range_max': 2, 'max_df': 0.8310143461607783, 'min_df': 0.006805886204965701, 'dual': False, 'max_iter': 2745}. Best is trial 244 with value: 0.6395788102398858.
[I 2023-04-16 21:26:03,189] Trial 306 finished with value: 0.6046317821841928 and parameters: {'svc_c': 200685682.91435763, 'ngram_range_max': 2, 'max_df': 0.8235588309616, 'min_df': 0.014858258462699498, 'dual': False, 'max_iter': 4508}. Best is trial 244 with value: 0.6395788102398858.
[I 2023-04-16 21:26:05,952] Trial 307 finished with value: 0.6213350487757299 and parameters: {'svc_c': 4.9936362748978, 'ngram_range_max': 3, 'max_df': 0.8403465794406024, 'min_df': 0.008232631789039655, 'dual': False, 'max_iter': 2701}. Best is trial 244 with value: 0.6395788102398858.
[I 2023-04-16 21:26:07,987] Trial 308 finished with value: 0.6239407716262928 and parameters: {'svc_c': 53106.330402107604, 'ngram_range_max': 2, 'max_df': 0.8180719555445264, 'min_df': 0.0066479351517639736, 'dual': False, 'max_iter': 2141}. Best is trial 244 with value: 0.6395788102398858.
[I 2023-04-16 21:26:10,019] Trial 309 finished with value: 0.6330041562170635 and parameters: {'svc_c': 1.7596906074525462, 'ngram_range_max': 2, 'max_df': 0.7583709490235002, 'min_df': 0.005018040484510624, 'dual': False, 'max_iter': 4705}. Best is trial 244 with value: 0.6395788102398858.
[I 2023-04-16 21:26:11,799] Trial 310 finished with value: 0.6119177577058075 and parameters: {'svc_c': 0.23244543973165221, 'ngram_range_max': 2, 'max_df': 0.7585047055556584, 'min_df': 0.012609979437288414, 'dual': False, 'max_iter': 4806}. Best is trial 244 with value: 0.6395788102398858.
[I 2023-04-16 21:26:13,152] Trial 311 finished with value: 0.5735943383383832 and parameters: {'svc_c': 1.95067518623747, 'ngram_range_max': 2, 'max_df': 0.7690484313762608, 'min_df': 0.030940626811434554, 'dual': False, 'max_iter': 3160}. Best is trial 244 with value: 0.6395788102398858.
[I 2023-04-16 21:26:14,951] Trial 312 finished with value: 0.6223424560064108 and parameters: {'svc_c': 0.5797599638590073, 'ngram_range_max': 2, 'max_df': 0.7425728106615074, 'min_df': 0.009682322094674269, 'dual': False, 'max_iter': 4914}. Best is trial 244 with value: 0.6395788102398858.
[I 2023-04-16 21:26:16,377] Trial 313 finished with value: 0.5724695353429318 and parameters: {'svc_c': 3553700.4330988955, 'ngram_range_max': 2, 'max_df': 0.7637646978244469, 'min_df': 0.033365911049754865, 'dual': False, 'max_iter': 4672}. Best is trial 244 with value: 0.6395788102398858.
[I 2023-04-16 21:26:17,684] Trial 314 finished with value: 0.5307699351762059 and parameters: {'svc_c': 1.5338151139132723, 'ngram_range_max': 2, 'max_df': 0.746411364456588, 'min_df': 0.05508518367830637, 'dual': False, 'max_iter': 3900}. Best is trial 244 with value: 0.6395788102398858.
D:\vkr_folder\venv\lib\site-packages\sklearn\svm\_base.py:1244: ConvergenceWarning: Liblinear failed to converge, increase the number of iterations.
  warnings.warn(
D:\vkr_folder\venv\lib\site-packages\sklearn\svm\_base.py:1244: ConvergenceWarning: Liblinear failed to converge, increase the number of iterations.
  warnings.warn(
D:\vkr_folder\venv\lib\site-packages\sklearn\svm\_base.py:1244: ConvergenceWarning: Liblinear failed to converge, increase the number of iterations.
  warnings.warn(
D:\vkr_folder\venv\lib\site-packages\sklearn\svm\_base.py:1244: ConvergenceWarning: Liblinear failed to converge, increase the number of iterations.
  warnings.warn(
D:\vkr_folder\venv\lib\site-packages\sklearn\svm\_base.py:1244: ConvergenceWarning: Liblinear failed to converge, increase the number of iterations.
  warnings.warn(
[I 2023-04-16 21:26:28,183] Trial 315 finished with value: 0.5638786985279568 and parameters: {'svc_c': 8681660288.270636, 'ngram_range_max': 3, 'max_df': 0.7551685731694494, 'min_df': 0.005061731880400364, 'dual': True, 'max_iter': 3584}. Best is trial 244 with value: 0.6395788102398858.
[I 2023-04-16 21:26:29,577] Trial 316 finished with value: 0.5341458703776732 and parameters: {'svc_c': 8412851.76830594, 'ngram_range_max': 2, 'max_df': 0.7782663014201926, 'min_df': 0.05211462775061419, 'dual': False, 'max_iter': 2446}. Best is trial 244 with value: 0.6395788102398858.
[I 2023-04-16 21:26:30,884] Trial 317 finished with value: 0.5737720283714618 and parameters: {'svc_c': 591585.9305261057, 'ngram_range_max': 2, 'max_df': 0.7507888062485075, 'min_df': 0.0402823560569228, 'dual': False, 'max_iter': 2054}. Best is trial 244 with value: 0.6395788102398858.
[I 2023-04-16 21:26:32,326] Trial 318 finished with value: 0.5758448565498135 and parameters: {'svc_c': 1390676201.643855, 'ngram_range_max': 2, 'max_df': 0.7603668712774817, 'min_df': 0.025509475994268612, 'dual': False, 'max_iter': 4219}. Best is trial 244 with value: 0.6395788102398858.
[I 2023-04-16 21:26:33,638] Trial 319 finished with value: 0.5683232299062377 and parameters: {'svc_c': 34014125.03714252, 'ngram_range_max': 2, 'max_df': 0.7847220026744087, 'min_df': 0.042980476367447104, 'dual': False, 'max_iter': 4050}. Best is trial 244 with value: 0.6395788102398858.
[I 2023-04-16 21:26:34,794] Trial 320 finished with value: 0.6268436678562959 and parameters: {'svc_c': 0.04131359930735193, 'ngram_range_max': 1, 'max_df': 0.7963374356299531, 'min_df': 0.0081767851149666, 'dual': False, 'max_iter': 4596}. Best is trial 244 with value: 0.6395788102398858.
[I 2023-04-16 21:26:36,198] Trial 321 finished with value: 0.5435644596075767 and parameters: {'svc_c': 0.006545097337836596, 'ngram_range_max': 2, 'max_df': 0.8038634351808247, 'min_df': 0.04836786763153702, 'dual': False, 'max_iter': 1016}. Best is trial 244 with value: 0.6395788102398858.
