D:\vkr_folder\venv\Scripts\python.exe D:\vkr_folder\classifiers\optimize\optimize.py
[I 2023-04-16 21:13:51,431] A new study created in memory with name: Test study
[I 2023-04-16 21:13:55,141] Trial 0 finished with value: 0.49552820726211744 and parameters: {'svc_c': 0.22603420426244908, 'ngram_range_max': 3, 'max_df': 0.813092027055138, 'min_df': 0.09374416331567734, 'dual': False, 'max_iter': 1911}. Best is trial 0 with value: 0.49552820726211744.
[I 2023-04-16 21:13:56,373] Trial 1 finished with value: 0.4978969983734406 and parameters: {'svc_c': 2.3833156805074704e-06, 'ngram_range_max': 1, 'max_df': 0.7043817021162493, 'min_df': 0.08771179549036962, 'dual': False, 'max_iter': 2055}. Best is trial 1 with value: 0.4978969983734406.
D:\vkr_folder\venv\lib\site-packages\sklearn\svm\_base.py:1244: ConvergenceWarning: Liblinear failed to converge, increase the number of iterations.
  warnings.warn(
D:\vkr_folder\venv\lib\site-packages\sklearn\svm\_base.py:1244: ConvergenceWarning: Liblinear failed to converge, increase the number of iterations.
  warnings.warn(
D:\vkr_folder\venv\lib\site-packages\sklearn\svm\_base.py:1244: ConvergenceWarning: Liblinear failed to converge, increase the number of iterations.
  warnings.warn(
D:\vkr_folder\venv\lib\site-packages\sklearn\svm\_base.py:1244: ConvergenceWarning: Liblinear failed to converge, increase the number of iterations.
  warnings.warn(
D:\vkr_folder\venv\lib\site-packages\sklearn\svm\_base.py:1244: ConvergenceWarning: Liblinear failed to converge, increase the number of iterations.
  warnings.warn(
[I 2023-04-16 21:13:58,628] Trial 2 finished with value: 0.5121127273007955 and parameters: {'svc_c': 550.8076392368126, 'ngram_range_max': 2, 'max_df': 0.9399919480350257, 'min_df': 0.059661654927345514, 'dual': True, 'max_iter': 2286}. Best is trial 2 with value: 0.5121127273007955.
[I 2023-04-16 21:13:59,161] Trial 3 finished with value: 0.5108690023254606 and parameters: {'svc_c': 0.001709541359883232, 'ngram_range_max': 1, 'max_df': 0.7254445942811635, 'min_df': 0.061280505522019996, 'dual': True, 'max_iter': 1083}. Best is trial 2 with value: 0.5121127273007955.
[I 2023-04-16 21:14:00,467] Trial 4 finished with value: 0.5308881203625866 and parameters: {'svc_c': 1.3312707863945257e-05, 'ngram_range_max': 2, 'max_df': 0.7385388795841843, 'min_df': 0.056767651061419504, 'dual': False, 'max_iter': 2365}. Best is trial 4 with value: 0.5308881203625866.
[I 2023-04-16 21:14:02,534] Trial 5 finished with value: 0.5109282264889193 and parameters: {'svc_c': 16032.812470862527, 'ngram_range_max': 3, 'max_df': 0.9337209149289536, 'min_df': 0.0622800801282457, 'dual': False, 'max_iter': 4059}. Best is trial 4 with value: 0.5308881203625866.
[I 2023-04-16 21:14:04,289] Trial 6 finished with value: 0.5952731363685484 and parameters: {'svc_c': 6808.030345694277, 'ngram_range_max': 2, 'max_df': 0.855619824743274, 'min_df': 0.01902995527338446, 'dual': False, 'max_iter': 2960}. Best is trial 6 with value: 0.5952731363685484.
D:\vkr_folder\venv\lib\site-packages\sklearn\svm\_base.py:1244: ConvergenceWarning: Liblinear failed to converge, increase the number of iterations.
  warnings.warn(
D:\vkr_folder\venv\lib\site-packages\sklearn\svm\_base.py:1244: ConvergenceWarning: Liblinear failed to converge, increase the number of iterations.
  warnings.warn(
D:\vkr_folder\venv\lib\site-packages\sklearn\svm\_base.py:1244: ConvergenceWarning: Liblinear failed to converge, increase the number of iterations.
  warnings.warn(
D:\vkr_folder\venv\lib\site-packages\sklearn\svm\_base.py:1244: ConvergenceWarning: Liblinear failed to converge, increase the number of iterations.
  warnings.warn(
D:\vkr_folder\venv\lib\site-packages\sklearn\svm\_base.py:1244: ConvergenceWarning: Liblinear failed to converge, increase the number of iterations.
  warnings.warn(
[I 2023-04-16 21:14:06,679] Trial 7 finished with value: 0.5023400035366088 and parameters: {'svc_c': 5751825087.3945875, 'ngram_range_max': 2, 'max_df': 0.8341230871319509, 'min_df': 0.07577970085931622, 'dual': True, 'max_iter': 2973}. Best is trial 6 with value: 0.5952731363685484.
[I 2023-04-16 21:14:08,328] Trial 8 finished with value: 0.6029738213759934 and parameters: {'svc_c': 18998138.03902869, 'ngram_range_max': 2, 'max_df': 0.9397624072015366, 'min_df': 0.01581840742422728, 'dual': False, 'max_iter': 3554}. Best is trial 8 with value: 0.6029738213759934.
[I 2023-04-16 21:14:09,387] Trial 9 finished with value: 0.5699220016363833 and parameters: {'svc_c': 8.519281998341697, 'ngram_range_max': 1, 'max_df': 0.8403924735471244, 'min_df': 0.042188274109572654, 'dual': True, 'max_iter': 1744}. Best is trial 8 with value: 0.6029738213759934.
[I 2023-04-16 21:14:12,053] Trial 10 finished with value: 0.5567142939342948 and parameters: {'svc_c': 2.552031726014995e-10, 'ngram_range_max': 3, 'max_df': 0.9943260691750068, 'min_df': 0.0055731165925420045, 'dual': False, 'max_iter': 4924}. Best is trial 8 with value: 0.6029738213759934.
[I 2023-04-16 21:14:13,735] Trial 11 finished with value: 0.6046317821841928 and parameters: {'svc_c': 2994958.351948913, 'ngram_range_max': 2, 'max_df': 0.8984122895559467, 'min_df': 0.01484584608982552, 'dual': False, 'max_iter': 3275}. Best is trial 11 with value: 0.6046317821841928.
[I 2023-04-16 21:14:15,068] Trial 12 finished with value: 0.5733574065991436 and parameters: {'svc_c': 93364754.82772277, 'ngram_range_max': 2, 'max_df': 0.9099063409473914, 'min_df': 0.029772698906531118, 'dual': False, 'max_iter': 3518}. Best is trial 11 with value: 0.6046317821841928.
[I 2023-04-16 21:14:17,138] Trial 13 finished with value: 0.6266067361170561 and parameters: {'svc_c': 7629738.29063035, 'ngram_range_max': 2, 'max_df': 0.8896305211659601, 'min_df': 0.0060451547755456525, 'dual': False, 'max_iter': 4971}. Best is trial 13 with value: 0.6266067361170561.
[I 2023-04-16 21:14:19,353] Trial 14 finished with value: 0.5723509993025022 and parameters: {'svc_c': 1025584.5919995323, 'ngram_range_max': 3, 'max_df': 0.8797051060441846, 'min_df': 0.033992250551015304, 'dual': False, 'max_iter': 4405}. Best is trial 13 with value: 0.6266067361170561.
[I 2023-04-16 21:14:20,424] Trial 15 finished with value: 0.6190251485165189 and parameters: {'svc_c': 1895102185.9055169, 'ngram_range_max': 1, 'max_df': 0.7900542509221818, 'min_df': 0.008298797775147419, 'dual': False, 'max_iter': 4824}. Best is trial 13 with value: 0.6266067361170561.
[I 2023-04-16 21:14:21,768] Trial 16 finished with value: 0.6225788790072795 and parameters: {'svc_c': 7098267383.888168, 'ngram_range_max': 1, 'max_df': 0.7907653132281832, 'min_df': 0.006675669218138246, 'dual': False, 'max_iter': 4910}. Best is trial 13 with value: 0.6266067361170561.
[I 2023-04-16 21:14:22,576] Trial 17 finished with value: 0.5752525622871193 and parameters: {'svc_c': 5219669952.519759, 'ngram_range_max': 1, 'max_df': 0.7882921690554929, 'min_df': 0.02517299441952232, 'dual': False, 'max_iter': 5000}. Best is trial 13 with value: 0.6266067361170561.
D:\vkr_folder\venv\lib\site-packages\sklearn\svm\_base.py:1244: ConvergenceWarning: Liblinear failed to converge, increase the number of iterations.
  warnings.warn(
D:\vkr_folder\venv\lib\site-packages\sklearn\svm\_base.py:1244: ConvergenceWarning: Liblinear failed to converge, increase the number of iterations.
  warnings.warn(
D:\vkr_folder\venv\lib\site-packages\sklearn\svm\_base.py:1244: ConvergenceWarning: Liblinear failed to converge, increase the number of iterations.
  warnings.warn(
D:\vkr_folder\venv\lib\site-packages\sklearn\svm\_base.py:1244: ConvergenceWarning: Liblinear failed to converge, increase the number of iterations.
  warnings.warn(
D:\vkr_folder\venv\lib\site-packages\sklearn\svm\_base.py:1244: ConvergenceWarning: Liblinear failed to converge, increase the number of iterations.
  warnings.warn(
[I 2023-04-16 21:14:26,146] Trial 18 finished with value: 0.510396735232904 and parameters: {'svc_c': 372238.08699279814, 'ngram_range_max': 1, 'max_df': 0.772298919501192, 'min_df': 0.03894877574467914, 'dual': True, 'max_iter': 3935}. Best is trial 13 with value: 0.6266067361170561.
[I 2023-04-16 21:14:27,071] Trial 19 finished with value: 0.5755486480190078 and parameters: {'svc_c': 15880705.59248372, 'ngram_range_max': 1, 'max_df': 0.8594214703443199, 'min_df': 0.02339219940731543, 'dual': False, 'max_iter': 4153}. Best is trial 13 with value: 0.6266067361170561.
[I 2023-04-16 21:14:29,201] Trial 20 finished with value: 0.6242966078027135 and parameters: {'svc_c': 202877890.91190806, 'ngram_range_max': 2, 'max_df': 0.8187049702582765, 'min_df': 0.006168408172484625, 'dual': False, 'max_iter': 4448}. Best is trial 13 with value: 0.6266067361170561.
[I 2023-04-16 21:14:31,271] Trial 21 finished with value: 0.6239407716262928 and parameters: {'svc_c': 514498897.30631906, 'ngram_range_max': 2, 'max_df': 0.8038276871245038, 'min_df': 0.006640188710198278, 'dual': False, 'max_iter': 4377}. Best is trial 13 with value: 0.6266067361170561.
[I 2023-04-16 21:14:32,957] Trial 22 finished with value: 0.607890146193865 and parameters: {'svc_c': 150885229.73747128, 'ngram_range_max': 2, 'max_df': 0.8222425604451129, 'min_df': 0.013077902558420465, 'dual': False, 'max_iter': 4133}. Best is trial 13 with value: 0.6266067361170561.
[I 2023-04-16 21:14:34,393] Trial 23 finished with value: 0.5746010964890738 and parameters: {'svc_c': 191909.05194595017, 'ngram_range_max': 2, 'max_df': 0.8670062611217861, 'min_df': 0.024184395493625714, 'dual': False, 'max_iter': 3800}. Best is trial 13 with value: 0.6266067361170561.
[I 2023-04-16 21:14:36,372] Trial 24 finished with value: 0.6151163537282452 and parameters: {'svc_c': 74601832.57135609, 'ngram_range_max': 2, 'max_df': 0.8148658778603773, 'min_df': 0.01173184832210905, 'dual': False, 'max_iter': 4408}. Best is trial 13 with value: 0.6266067361170561.
[I 2023-04-16 21:14:38,508] Trial 25 finished with value: 0.6292133536454438 and parameters: {'svc_c': 29900.787061081042, 'ngram_range_max': 2, 'max_df': 0.7669227901071528, 'min_df': 0.005838149879494021, 'dual': False, 'max_iter': 3341}. Best is trial 25 with value: 0.6292133536454438.
D:\vkr_folder\venv\lib\site-packages\sklearn\svm\_base.py:1244: ConvergenceWarning: Liblinear failed to converge, increase the number of iterations.
  warnings.warn(
D:\vkr_folder\venv\lib\site-packages\sklearn\svm\_base.py:1244: ConvergenceWarning: Liblinear failed to converge, increase the number of iterations.
  warnings.warn(
D:\vkr_folder\venv\lib\site-packages\sklearn\svm\_base.py:1244: ConvergenceWarning: Liblinear failed to converge, increase the number of iterations.
  warnings.warn(
D:\vkr_folder\venv\lib\site-packages\sklearn\svm\_base.py:1244: ConvergenceWarning: Liblinear failed to converge, increase the number of iterations.
  warnings.warn(
D:\vkr_folder\venv\lib\site-packages\sklearn\svm\_base.py:1244: ConvergenceWarning: Liblinear failed to converge, increase the number of iterations.
  warnings.warn(
[I 2023-04-16 21:14:44,840] Trial 26 finished with value: 0.5396574015468453 and parameters: {'svc_c': 1692.5127596661207, 'ngram_range_max': 3, 'max_df': 0.7556435615810042, 'min_df': 0.018757646839189512, 'dual': True, 'max_iter': 3234}. Best is trial 25 with value: 0.6292133536454438.
[I 2023-04-16 21:14:46,442] Trial 27 finished with value: 0.5937333256613249 and parameters: {'svc_c': 204735.552388552, 'ngram_range_max': 2, 'max_df': 0.7632734913247148, 'min_df': 0.018510454366696308, 'dual': False, 'max_iter': 3763}. Best is trial 25 with value: 0.6292133536454438.
[I 2023-04-16 21:14:47,831] Trial 28 finished with value: 0.5724695353429318 and parameters: {'svc_c': 41210.54833685903, 'ngram_range_max': 2, 'max_df': 0.8374403655151693, 'min_df': 0.03335545551833479, 'dual': False, 'max_iter': 2814}. Best is trial 25 with value: 0.6292133536454438.
[I 2023-04-16 21:14:50,219] Trial 29 finished with value: 0.6080672573177629 and parameters: {'svc_c': 156.57669315715333, 'ngram_range_max': 3, 'max_df': 0.8144310108836949, 'min_df': 0.014111095348068564, 'dual': False, 'max_iter': 4476}. Best is trial 25 with value: 0.6292133536454438.
[I 2023-04-16 21:14:53,856] Trial 30 finished with value: 0.632470928233506 and parameters: {'svc_c': 4743532.314213461, 'ngram_range_max': 3, 'max_df': 0.7742792975889771, 'min_df': 0.0051984321775642856, 'dual': False, 'max_iter': 3595}. Best is trial 30 with value: 0.632470928233506.
[I 2023-04-16 21:14:57,157] Trial 31 finished with value: 0.6325895344447454 and parameters: {'svc_c': 3553140.1520701745, 'ngram_range_max': 3, 'max_df': 0.7772225660726539, 'min_df': 0.005323778732638222, 'dual': False, 'max_iter': 3667}. Best is trial 31 with value: 0.6325895344447454.
[I 2023-04-16 21:14:59,666] Trial 32 finished with value: 0.6152939034197042 and parameters: {'svc_c': 9205307.696087338, 'ngram_range_max': 3, 'max_df': 0.7333835853410978, 'min_df': 0.011638040846908808, 'dual': False, 'max_iter': 3496}. Best is trial 31 with value: 0.6325895344447454.
[I 2023-04-16 21:15:02,175] Trial 33 finished with value: 0.6174263066155636 and parameters: {'svc_c': 1914318.5661820227, 'ngram_range_max': 3, 'max_df': 0.7712795858420222, 'min_df': 0.010753796050467553, 'dual': False, 'max_iter': 3864}. Best is trial 31 with value: 0.6325895344447454.
[I 2023-04-16 21:15:05,561] Trial 34 finished with value: 0.6279696637555137 and parameters: {'svc_c': 71.20783075967667, 'ngram_range_max': 3, 'max_df': 0.7082382791392822, 'min_df': 0.005656101583883505, 'dual': False, 'max_iter': 2731}. Best is trial 31 with value: 0.6325895344447454.
D:\vkr_folder\venv\lib\site-packages\sklearn\svm\_base.py:1244: ConvergenceWarning: Liblinear failed to converge, increase the number of iterations.
  warnings.warn(
D:\vkr_folder\venv\lib\site-packages\sklearn\svm\_base.py:1244: ConvergenceWarning: Liblinear failed to converge, increase the number of iterations.
  warnings.warn(
D:\vkr_folder\venv\lib\site-packages\sklearn\svm\_base.py:1244: ConvergenceWarning: Liblinear failed to converge, increase the number of iterations.
  warnings.warn(
D:\vkr_folder\venv\lib\site-packages\sklearn\svm\_base.py:1244: ConvergenceWarning: Liblinear failed to converge, increase the number of iterations.
  warnings.warn(
D:\vkr_folder\venv\lib\site-packages\sklearn\svm\_base.py:1244: ConvergenceWarning: Liblinear failed to converge, increase the number of iterations.
  warnings.warn(
[I 2023-04-16 21:15:10,691] Trial 35 finished with value: 0.5924892322892384 and parameters: {'svc_c': 133.0355419480825, 'ngram_range_max': 3, 'max_df': 0.7151190975737404, 'min_df': 0.021996870528300017, 'dual': True, 'max_iter': 2598}. Best is trial 31 with value: 0.6325895344447454.
[I 2023-04-16 21:15:13,037] Trial 36 finished with value: 0.5936148422490024 and parameters: {'svc_c': 0.5793847623975544, 'ngram_range_max': 3, 'max_df': 0.7042557868619143, 'min_df': 0.018260672070041957, 'dual': False, 'max_iter': 3235}. Best is trial 31 with value: 0.6325895344447454.
[I 2023-04-16 21:15:15,531] Trial 37 finished with value: 0.617722427432857 and parameters: {'svc_c': 1760.4531797644927, 'ngram_range_max': 3, 'max_df': 0.7477637597522931, 'min_df': 0.011168012221206038, 'dual': False, 'max_iter': 2580}. Best is trial 31 with value: 0.6325895344447454.
D:\vkr_folder\venv\lib\site-packages\sklearn\svm\_base.py:1244: ConvergenceWarning: Liblinear failed to converge, increase the number of iterations.
  warnings.warn(
D:\vkr_folder\venv\lib\site-packages\sklearn\svm\_base.py:1244: ConvergenceWarning: Liblinear failed to converge, increase the number of iterations.
  warnings.warn(
D:\vkr_folder\venv\lib\site-packages\sklearn\svm\_base.py:1244: ConvergenceWarning: Liblinear failed to converge, increase the number of iterations.
  warnings.warn(
D:\vkr_folder\venv\lib\site-packages\sklearn\svm\_base.py:1244: ConvergenceWarning: Liblinear failed to converge, increase the number of iterations.
  warnings.warn(
D:\vkr_folder\venv\lib\site-packages\sklearn\svm\_base.py:1244: ConvergenceWarning: Liblinear failed to converge, increase the number of iterations.
  warnings.warn(
[I 2023-04-16 21:15:26,088] Trial 38 finished with value: 0.5690924247804005 and parameters: {'svc_c': 11528.609871510831, 'ngram_range_max': 3, 'max_df': 0.722656342358588, 'min_df': 0.0052504913671919725, 'dual': True, 'max_iter': 3115}. Best is trial 31 with value: 0.6325895344447454.
[I 2023-04-16 21:15:28,379] Trial 39 finished with value: 0.5747197553284205 and parameters: {'svc_c': 13.042605030423857, 'ngram_range_max': 3, 'max_df': 0.7361010508895637, 'min_df': 0.02785905165047374, 'dual': False, 'max_iter': 2884}. Best is trial 31 with value: 0.6325895344447454.
[I 2023-04-16 21:15:30,923] Trial 40 finished with value: 0.6029738213759934 and parameters: {'svc_c': 130525.5693852488, 'ngram_range_max': 3, 'max_df': 0.749516476764601, 'min_df': 0.015867672240201292, 'dual': False, 'max_iter': 2091}. Best is trial 31 with value: 0.6325895344447454.
[I 2023-04-16 21:15:33,487] Trial 41 finished with value: 0.6213947992202619 and parameters: {'svc_c': 34431.80073661497, 'ngram_range_max': 3, 'max_df': 0.7020547739204859, 'min_df': 0.009920827943854169, 'dual': False, 'max_iter': 3516}. Best is trial 31 with value: 0.6325895344447454.
[I 2023-04-16 21:15:35,693] Trial 42 finished with value: 0.6289172679135552 and parameters: {'svc_c': 14010453.803832535, 'ngram_range_max': 2, 'max_df': 0.72346863900519, 'min_df': 0.0057615697429114305, 'dual': False, 'max_iter': 3659}. Best is trial 31 with value: 0.6325895344447454.
[I 2023-04-16 21:15:38,224] Trial 43 finished with value: 0.5944437173968875 and parameters: {'svc_c': 4549.5456891445665, 'ngram_range_max': 3, 'max_df': 0.7174013630219137, 'min_df': 0.020351087197856225, 'dual': False, 'max_iter': 3390}. Best is trial 31 with value: 0.6325895344447454.
[I 2023-04-16 21:15:39,868] Trial 44 finished with value: 0.6078894971138746 and parameters: {'svc_c': 1747161.0237156993, 'ngram_range_max': 2, 'max_df': 0.7362104254417332, 'min_df': 0.01396228413440289, 'dual': False, 'max_iter': 3069}. Best is trial 31 with value: 0.6325895344447454.
[I 2023-04-16 21:15:42,330] Trial 45 finished with value: 0.6197956766360676 and parameters: {'svc_c': 0.06322383298382911, 'ngram_range_max': 3, 'max_df': 0.7233204097994343, 'min_df': 0.010197979163108318, 'dual': False, 'max_iter': 3678}. Best is trial 31 with value: 0.6325895344447454.
[I 2023-04-16 21:15:43,939] Trial 46 finished with value: 0.6052834234092629 and parameters: {'svc_c': 26875.371569403815, 'ngram_range_max': 2, 'max_df': 0.7470070624469177, 'min_df': 0.01551247645970533, 'dual': False, 'max_iter': 3372}. Best is trial 31 with value: 0.6325895344447454.
D:\vkr_folder\venv\lib\site-packages\sklearn\svm\_base.py:1244: ConvergenceWarning: Liblinear failed to converge, increase the number of iterations.
  warnings.warn(
D:\vkr_folder\venv\lib\site-packages\sklearn\svm\_base.py:1244: ConvergenceWarning: Liblinear failed to converge, increase the number of iterations.
  warnings.warn(
D:\vkr_folder\venv\lib\site-packages\sklearn\svm\_base.py:1244: ConvergenceWarning: Liblinear failed to converge, increase the number of iterations.
  warnings.warn(
D:\vkr_folder\venv\lib\site-packages\sklearn\svm\_base.py:1244: ConvergenceWarning: Liblinear failed to converge, increase the number of iterations.
  warnings.warn(
D:\vkr_folder\venv\lib\site-packages\sklearn\svm\_base.py:1244: ConvergenceWarning: Liblinear failed to converge, increase the number of iterations.
  warnings.warn(
[I 2023-04-16 21:15:52,910] Trial 47 finished with value: 0.5342666167986112 and parameters: {'svc_c': 39781998.21783849, 'ngram_range_max': 3, 'max_df': 0.7609725012961438, 'min_df': 0.00552377884120222, 'dual': True, 'max_iter': 2833}. Best is trial 31 with value: 0.6325895344447454.
[I 2023-04-16 21:15:54,362] Trial 48 finished with value: 0.5943843353491067 and parameters: {'svc_c': 845954983.6084733, 'ngram_range_max': 2, 'max_df': 0.7737208799262637, 'min_df': 0.020421850900312163, 'dual': False, 'max_iter': 3626}. Best is trial 31 with value: 0.6325895344447454.
[I 2023-04-16 21:15:56,252] Trial 49 finished with value: 0.6226976431028409 and parameters: {'svc_c': 1050989.0232573098, 'ngram_range_max': 2, 'max_df': 0.7009163090368518, 'min_df': 0.009133991988302134, 'dual': False, 'max_iter': 3112}. Best is trial 31 with value: 0.6325895344447454.
[I 2023-04-16 21:15:58,646] Trial 50 finished with value: 0.5956881616230228 and parameters: {'svc_c': 7376077.66194665, 'ngram_range_max': 3, 'max_df': 0.714040346478638, 'min_df': 0.01727050583925665, 'dual': False, 'max_iter': 4014}. Best is trial 31 with value: 0.6325895344447454.
[I 2023-04-16 21:16:00,671] Trial 51 finished with value: 0.6213352592881591 and parameters: {'svc_c': 21427627.57189081, 'ngram_range_max': 2, 'max_df': 0.7352910947707114, 'min_df': 0.007990828377393133, 'dual': False, 'max_iter': 3709}. Best is trial 31 with value: 0.6325895344447454.
[I 2023-04-16 21:16:02,656] Trial 52 finished with value: 0.623882214085527 and parameters: {'svc_c': 250507.00767486083, 'ngram_range_max': 2, 'max_df': 0.7810039537552752, 'min_df': 0.009243656194433104, 'dual': False, 'max_iter': 3347}. Best is trial 31 with value: 0.6325895344447454.
[I 2023-04-16 21:16:05,444] Trial 53 finished with value: 0.6328856026339316 and parameters: {'svc_c': 6366020.212002842, 'ngram_range_max': 2, 'max_df': 0.7980540241204362, 'min_df': 0.005180034974477409, 'dual': False, 'max_iter': 3973}. Best is trial 53 with value: 0.6328856026339316.
[I 2023-04-16 21:16:07,067] Trial 54 finished with value: 0.60824543854651 and parameters: {'svc_c': 3433112.327811078, 'ngram_range_max': 2, 'max_df': 0.8006887078907723, 'min_df': 0.013524203816196779, 'dual': False, 'max_iter': 3941}. Best is trial 53 with value: 0.6328856026339316.
