[I 2023-04-16 21:29:08,888] Trial 391 finished with value: 0.6213947992202619 and parameters: {'svc_c': 805613.9862050875, 'ngram_range_max': 3, 'max_df': 0.7962775508471206, 'min_df': 0.009964547282363553, 'dual': False, 'max_iter': 1957}. Best is trial 244 with value: 0.6395788102398858.
[I 2023-04-16 21:29:11,360] Trial 392 finished with value: 0.6320566397725342 and parameters: {'svc_c': 5391687.894730601, 'ngram_range_max': 2, 'max_df': 0.8245453549574713, 'min_df': 0.005034607295848127, 'dual': False, 'max_iter': 2649}. Best is trial 244 with value: 0.6395788102398858.
[I 2023-04-16 21:29:13,005] Trial 393 finished with value: 0.6258366816504736 and parameters: {'svc_c': 0.036971647947390406, 'ngram_range_max': 2, 'max_df': 0.8335353513408285, 'min_df': 0.007716252365547046, 'dual': False, 'max_iter': 1657}. Best is trial 244 with value: 0.6395788102398858.
[I 2023-04-16 21:29:15,389] Trial 394 finished with value: 0.6223417367556106 and parameters: {'svc_c': 4.03834505682122, 'ngram_range_max': 3, 'max_df': 0.8042161817876696, 'min_df': 0.006553711826396944, 'dual': False, 'max_iter': 2134}. Best is trial 244 with value: 0.6395788102398858.
[I 2023-04-16 21:29:17,089] Trial 395 finished with value: 0.6215128966931305 and parameters: {'svc_c': 1591.3422993385336, 'ngram_range_max': 2, 'max_df': 0.7471155417945072, 'min_df': 0.008396232337480769, 'dual': False, 'max_iter': 2573}. Best is trial 244 with value: 0.6395788102398858.
D:\vkr_folder\venv\lib\site-packages\sklearn\svm\_base.py:1244: ConvergenceWarning: Liblinear failed to converge, increase the number of iterations.
  warnings.warn(
D:\vkr_folder\venv\lib\site-packages\sklearn\svm\_base.py:1244: ConvergenceWarning: Liblinear failed to converge, increase the number of iterations.
  warnings.warn(
D:\vkr_folder\venv\lib\site-packages\sklearn\svm\_base.py:1244: ConvergenceWarning: Liblinear failed to converge, increase the number of iterations.
  warnings.warn(
D:\vkr_folder\venv\lib\site-packages\sklearn\svm\_base.py:1244: ConvergenceWarning: Liblinear failed to converge, increase the number of iterations.
  warnings.warn(
[I 2023-04-16 21:29:20,635] Trial 396 finished with value: 0.6056979925534737 and parameters: {'svc_c': 29.918130595437333, 'ngram_range_max': 2, 'max_df': 0.8751404169917556, 'min_df': 0.014739921420627945, 'dual': True, 'max_iter': 1968}. Best is trial 244 with value: 0.6395788102398858.
[I 2023-04-16 21:29:21,747] Trial 397 finished with value: 0.49552820726211744 and parameters: {'svc_c': 4032.8004851135406, 'ngram_range_max': 2, 'max_df': 0.8116553851255032, 'min_df': 0.09084593898078039, 'dual': False, 'max_iter': 2000}. Best is trial 244 with value: 0.6395788102398858.
[I 2023-04-16 21:29:22,877] Trial 398 finished with value: 0.49552820726211744 and parameters: {'svc_c': 0.007649683780815628, 'ngram_range_max': 2, 'max_df': 0.8205325926623702, 'min_df': 0.0986717000443299, 'dual': False, 'max_iter': 2289}. Best is trial 244 with value: 0.6395788102398858.
[I 2023-04-16 21:29:24,513] Trial 399 finished with value: 0.6202101580667662 and parameters: {'svc_c': 24565.209166034907, 'ngram_range_max': 2, 'max_df': 0.8398095896658323, 'min_df': 0.010147065576045538, 'dual': False, 'max_iter': 1278}. Best is trial 244 with value: 0.6395788102398858.
[I 2023-04-16 21:29:26,310] Trial 400 finished with value: 0.5039980520583203 and parameters: {'svc_c': 96353807.02019511, 'ngram_range_max': 3, 'max_df': 0.8294148638837482, 'min_df': 0.07483509818012955, 'dual': False, 'max_iter': 1543}. Best is trial 244 with value: 0.6395788102398858.
[I 2023-04-16 21:29:27,574] Trial 401 finished with value: 0.5735942681675735 and parameters: {'svc_c': 616.7863214025895, 'ngram_range_max': 2, 'max_df': 0.798147193983105, 'min_df': 0.029050046843588296, 'dual': False, 'max_iter': 2137}. Best is trial 244 with value: 0.6395788102398858.
[I 2023-04-16 21:29:29,365] Trial 402 finished with value: 0.6225193917032841 and parameters: {'svc_c': 860818069.0379874, 'ngram_range_max': 2, 'max_df': 0.8173904485337632, 'min_df': 0.006612240387632161, 'dual': False, 'max_iter': 3219}. Best is trial 244 with value: 0.6395788102398858.
[I 2023-04-16 21:29:31,509] Trial 403 finished with value: 0.6303385952084564 and parameters: {'svc_c': 121.08245674230056, 'ngram_range_max': 2, 'max_df': 0.8638181559721961, 'min_df': 0.0050791039726764495, 'dual': False, 'max_iter': 1671}. Best is trial 244 with value: 0.6395788102398858.
[I 2023-04-16 21:29:33,816] Trial 404 finished with value: 0.6220459317069611 and parameters: {'svc_c': 1.209330570534948, 'ngram_range_max': 3, 'max_df': 0.8476242396881452, 'min_df': 0.008144136848610355, 'dual': False, 'max_iter': 2507}. Best is trial 244 with value: 0.6395788102398858.
[I 2023-04-16 21:29:35,090] Trial 405 finished with value: 0.5746010964890738 and parameters: {'svc_c': 97593.31852063228, 'ngram_range_max': 2, 'max_df': 0.8066288929183542, 'min_df': 0.02420697055870205, 'dual': False, 'max_iter': 2105}. Best is trial 244 with value: 0.6395788102398858.
[I 2023-04-16 21:29:36,854] Trial 406 finished with value: 0.6214532865902178 and parameters: {'svc_c': 12797235.678275188, 'ngram_range_max': 2, 'max_df': 0.8222498010591565, 'min_df': 0.006788341209460881, 'dual': False, 'max_iter': 2722}. Best is trial 244 with value: 0.6395788102398858.
[I 2023-04-16 21:29:38,409] Trial 407 finished with value: 0.6136945352376756 and parameters: {'svc_c': 204116752.9344201, 'ngram_range_max': 2, 'max_df': 0.9348661420348833, 'min_df': 0.011962141665035573, 'dual': False, 'max_iter': 2420}. Best is trial 244 with value: 0.6395788102398858.
[I 2023-04-16 21:29:40,100] Trial 408 finished with value: 0.6395194808202126 and parameters: {'svc_c': 0.018339143779586533, 'ngram_range_max': 2, 'max_df': 0.7902726739212799, 'min_df': 0.005049814609962287, 'dual': False, 'max_iter': 2038}. Best is trial 244 with value: 0.6395788102398858.
[I 2023-04-16 21:29:42,017] Trial 409 finished with value: 0.5413732708158199 and parameters: {'svc_c': 0.018648232425207897, 'ngram_range_max': 3, 'max_df': 0.7870864689721431, 'min_df': 0.04660031301666556, 'dual': False, 'max_iter': 2029}. Best is trial 244 with value: 0.6395788102398858.
[I 2023-04-16 21:29:43,616] Trial 410 finished with value: 0.6212171267298859 and parameters: {'svc_c': 0.05754554294617137, 'ngram_range_max': 2, 'max_df': 0.79028481208267, 'min_df': 0.009681364832291872, 'dual': False, 'max_iter': 1882}. Best is trial 244 with value: 0.6395788102398858.
[I 2023-04-16 21:29:45,170] Trial 411 finished with value: 0.6228756138191586 and parameters: {'svc_c': 0.0030618996640990426, 'ngram_range_max': 2, 'max_df': 0.7825225883506978, 'min_df': 0.006864541463056166, 'dual': False, 'max_iter': 1818}. Best is trial 244 with value: 0.6395788102398858.
[I 2023-04-16 21:29:46,904] Trial 412 finished with value: 0.621157499084271 and parameters: {'svc_c': 2038637.6841857093, 'ngram_range_max': 2, 'max_df': 0.793833432256567, 'min_df': 0.008173049718867611, 'dual': False, 'max_iter': 3551}. Best is trial 244 with value: 0.6395788102398858.
[I 2023-04-16 21:29:48,487] Trial 413 finished with value: 0.6290353829291261 and parameters: {'svc_c': 0.010966235945041451, 'ngram_range_max': 2, 'max_df': 0.798373642146984, 'min_df': 0.006709094076065727, 'dual': False, 'max_iter': 1787}. Best is trial 244 with value: 0.6395788102398858.
[I 2023-04-16 21:29:49,717] Trial 414 finished with value: 0.5751940573744609 and parameters: {'svc_c': 0.08307507043330935, 'ngram_range_max': 2, 'max_df': 0.8835645305202072, 'min_df': 0.03660837279691698, 'dual': True, 'max_iter': 1949}. Best is trial 244 with value: 0.6395788102398858.
[I 2023-04-16 21:29:52,042] Trial 415 finished with value: 0.6213947992202619 and parameters: {'svc_c': 39832981.95589498, 'ngram_range_max': 3, 'max_df': 0.7871744679687587, 'min_df': 0.009969912843843416, 'dual': False, 'max_iter': 2800}. Best is trial 244 with value: 0.6395788102398858.
[I 2023-04-16 21:29:54,522] Trial 416 finished with value: 0.632115863935993 and parameters: {'svc_c': 1498842967.7721858, 'ngram_range_max': 2, 'max_df': 0.719570390588504, 'min_df': 0.005005694663782616, 'dual': False, 'max_iter': 1705}. Best is trial 244 with value: 0.6395788102398858.
[I 2023-04-16 21:29:56,347] Trial 417 finished with value: 0.6213352592881591 and parameters: {'svc_c': 669684.7508575927, 'ngram_range_max': 2, 'max_df': 0.856376421949699, 'min_df': 0.007958891965416905, 'dual': False, 'max_iter': 1819}. Best is trial 244 with value: 0.6395788102398858.
[I 2023-04-16 21:29:57,764] Trial 418 finished with value: 0.6106142998286429 and parameters: {'svc_c': 0.01013202428425309, 'ngram_range_max': 2, 'max_df': 0.8015809306076687, 'min_df': 0.014970337613886157, 'dual': False, 'max_iter': 1897}. Best is trial 244 with value: 0.6395788102398858.
[I 2023-04-16 21:29:59,009] Trial 419 finished with value: 0.5307699351762059 and parameters: {'svc_c': 0.3785170770018675, 'ngram_range_max': 2, 'max_df': 0.8107704274923123, 'min_df': 0.05527540350282403, 'dual': False, 'max_iter': 1749}. Best is trial 244 with value: 0.6395788102398858.
[I 2023-04-16 21:30:01,352] Trial 420 finished with value: 0.561808185986328 and parameters: {'svc_c': 3.1458525777975276e-09, 'ngram_range_max': 3, 'max_df': 0.7672726004363049, 'min_df': 0.006602938576536984, 'dual': False, 'max_iter': 3846}. Best is trial 244 with value: 0.6395788102398858.
[I 2023-04-16 21:30:02,772] Trial 421 finished with value: 0.6075348538412204 and parameters: {'svc_c': 0.0004834947918397472, 'ngram_range_max': 2, 'max_df': 0.7769589433367741, 'min_df': 0.01251709848663294, 'dual': False, 'max_iter': 2085}. Best is trial 244 with value: 0.6395788102398858.
[I 2023-04-16 21:30:04,023] Trial 422 finished with value: 0.56927062355185 and parameters: {'svc_c': 670235724.3305942, 'ngram_range_max': 2, 'max_df': 0.9455077360488648, 'min_df': 0.04144107178863686, 'dual': False, 'max_iter': 1713}. Best is trial 244 with value: 0.6395788102398858.
[I 2023-04-16 21:30:05,522] Trial 423 finished with value: 0.5898242151044071 and parameters: {'svc_c': 6.696603276491666e-05, 'ngram_range_max': 2, 'max_df': 0.7563993056070333, 'min_df': 0.019816377721316492, 'dual': False, 'max_iter': 1922}. Best is trial 244 with value: 0.6395788102398858.
[I 2023-04-16 21:30:07,275] Trial 424 finished with value: 0.6222234112276104 and parameters: {'svc_c': 270.69701519474773, 'ngram_range_max': 2, 'max_df': 0.8369507265330525, 'min_df': 0.00885280472125263, 'dual': False, 'max_iter': 3944}. Best is trial 244 with value: 0.6395788102398858.
[I 2023-04-16 21:30:09,534] Trial 425 finished with value: 0.6269623617810474 and parameters: {'svc_c': 0.004867384044711244, 'ngram_range_max': 3, 'max_df': 0.7934373528802783, 'min_df': 0.006655749464651599, 'dual': False, 'max_iter': 3759}. Best is trial 244 with value: 0.6395788102398858.
[I 2023-04-16 21:30:11,327] Trial 426 finished with value: 0.6404673130333858 and parameters: {'svc_c': 0.025854089488830643, 'ngram_range_max': 2, 'max_df': 0.8065070695600243, 'min_df': 0.005001508148030653, 'dual': False, 'max_iter': 1768}. Best is trial 426 with value: 0.6404673130333858.
[I 2023-04-16 21:30:13,656] Trial 427 finished with value: 0.6321158814786954 and parameters: {'svc_c': 5733190.290500719, 'ngram_range_max': 2, 'max_df': 0.8028894653248055, 'min_df': 0.005011069709321187, 'dual': False, 'max_iter': 1823}. Best is trial 426 with value: 0.6404673130333858.
[I 2023-04-16 21:30:15,144] Trial 428 finished with value: 0.623586391494175 and parameters: {'svc_c': 0.018493020271061734, 'ngram_range_max': 2, 'max_df': 0.806972493284366, 'min_df': 0.010050561319540706, 'dual': False, 'max_iter': 1773}. Best is trial 426 with value: 0.6404673130333858.
[I 2023-04-16 21:30:16,859] Trial 429 finished with value: 0.6402895879149024 and parameters: {'svc_c': 0.029294028398085925, 'ngram_range_max': 2, 'max_df': 0.7973964387495561, 'min_df': 0.005011659254912688, 'dual': False, 'max_iter': 1993}. Best is trial 426 with value: 0.6404673130333858.
[I 2023-04-16 21:30:19,070] Trial 430 finished with value: 0.6272583422567213 and parameters: {'svc_c': 0.03942899894338678, 'ngram_range_max': 3, 'max_df': 0.7974052857364228, 'min_df': 0.008143186017544064, 'dual': False, 'max_iter': 1988}. Best is trial 426 with value: 0.6404673130333858.
[I 2023-04-16 21:30:20,292] Trial 431 finished with value: 0.5307106934700447 and parameters: {'svc_c': 0.10784699762662585, 'ngram_range_max': 2, 'max_df': 0.8023723612179723, 'min_df': 0.05410677463266856, 'dual': False, 'max_iter': 1950}. Best is trial 426 with value: 0.6404673130333858.
[I 2023-04-16 21:30:21,851] Trial 432 finished with value: 0.6210393138978902 and parameters: {'svc_c': 0.026253836401336387, 'ngram_range_max': 2, 'max_df': 0.789902251725053, 'min_df': 0.011296610272588374, 'dual': False, 'max_iter': 1696}. Best is trial 426 with value: 0.6404673130333858.
[I 2023-04-16 21:30:23,660] Trial 433 finished with value: 0.526979360659718 and parameters: {'svc_c': 0.0036602810856692916, 'ngram_range_max': 3, 'max_df': 0.7845990599279792, 'min_df': 0.05978490574409893, 'dual': False, 'max_iter': 1806}. Best is trial 426 with value: 0.6404673130333858.
[I 2023-04-16 21:30:25,231] Trial 434 finished with value: 0.6287985213606962 and parameters: {'svc_c': 0.012938757967811972, 'ngram_range_max': 2, 'max_df': 0.7911696480845805, 'min_df': 0.006738530721466775, 'dual': True, 'max_iter': 1765}. Best is trial 426 with value: 0.6404673130333858.
[I 2023-04-16 21:30:26,143] Trial 435 finished with value: 0.6206834952641721 and parameters: {'svc_c': 19.002527099119934, 'ngram_range_max': 1, 'max_df': 0.796951972175295, 'min_df': 0.008495505249854424, 'dual': False, 'max_iter': 1878}. Best is trial 426 with value: 0.6404673130333858.
[I 2023-04-16 21:30:27,412] Trial 436 finished with value: 0.5722323930912627 and parameters: {'svc_c': 0.20694006167679468, 'ngram_range_max': 2, 'max_df': 0.7816674727462133, 'min_df': 0.037323789732042964, 'dual': False, 'max_iter': 3085}. Best is trial 426 with value: 0.6404673130333858.
[I 2023-04-16 21:30:28,539] Trial 437 finished with value: 0.5268609123328005 and parameters: {'svc_c': 74.669630693897, 'ngram_range_max': 2, 'max_df': 0.8079090994067119, 'min_df': 0.057314833987634366, 'dual': False, 'max_iter': 2053}. Best is trial 426 with value: 0.6404673130333858.
[I 2023-04-16 21:30:29,915] Trial 438 finished with value: 0.594325619924019 and parameters: {'svc_c': 0.0014522075730371668, 'ngram_range_max': 2, 'max_df': 0.8144961566603781, 'min_df': 0.01799921443020576, 'dual': False, 'max_iter': 4600}. Best is trial 426 with value: 0.6404673130333858.
[I 2023-04-16 21:30:31,166] Trial 439 finished with value: 0.5731203345182844 and parameters: {'svc_c': 0.007910371185509538, 'ngram_range_max': 2, 'max_df': 0.800709697406627, 'min_df': 0.02963329241204893, 'dual': False, 'max_iter': 4833}. Best is trial 426 with value: 0.6404673130333858.
[I 2023-04-16 21:30:32,404] Trial 440 finished with value: 0.5738315332181596 and parameters: {'svc_c': 2.7171970870735738, 'ngram_range_max': 2, 'max_df': 0.7425828760140544, 'min_df': 0.03508735041040917, 'dual': False, 'max_iter': 3661}. Best is trial 426 with value: 0.6404673130333858.
[I 2023-04-16 21:30:34,075] Trial 441 finished with value: 0.6273768256690435 and parameters: {'svc_c': 0.04760685897367205, 'ngram_range_max': 2, 'max_df': 0.7943403569919921, 'min_df': 0.006794480634869824, 'dual': False, 'max_iter': 2619}. Best is trial 426 with value: 0.6404673130333858.
[I 2023-04-16 21:30:35,988] Trial 442 finished with value: 0.56927062355185 and parameters: {'svc_c': 243712.7458463459, 'ngram_range_max': 3, 'max_df': 0.8099535711698621, 'min_df': 0.04147993957211305, 'dual': False, 'max_iter': 3996}. Best is trial 426 with value: 0.6404673130333858.
[I 2023-04-16 21:30:37,596] Trial 443 finished with value: 0.6258365588515564 and parameters: {'svc_c': 0.11685338912417545, 'ngram_range_max': 2, 'max_df': 0.8440110804802018, 'min_df': 0.0066386219137867615, 'dual': False, 'max_iter': 1134}. Best is trial 426 with value: 0.6404673130333858.
[I 2023-04-16 21:30:40,088] Trial 444 finished with value: 0.6315825131535183 and parameters: {'svc_c': 1.201347388039989, 'ngram_range_max': 3, 'max_df': 0.7800094512873175, 'min_df': 0.005079383961198549, 'dual': False, 'max_iter': 1634}. Best is trial 426 with value: 0.6404673130333858.
[I 2023-04-16 21:30:41,490] Trial 445 finished with value: 0.6037435074458246 and parameters: {'svc_c': 7.378037534386245, 'ngram_range_max': 2, 'max_df': 0.7692447383263413, 'min_df': 0.016427557422758338, 'dual': False, 'max_iter': 3322}. Best is trial 426 with value: 0.6404673130333858.
[I 2023-04-16 21:30:43,063] Trial 446 finished with value: 0.6226976957309482 and parameters: {'svc_c': 9709015543.101667, 'ngram_range_max': 2, 'max_df': 0.8044195364102877, 'min_df': 0.009571015150252778, 'dual': False, 'max_iter': 3424}. Best is trial 426 with value: 0.6404673130333858.
[I 2023-04-16 21:30:44,540] Trial 447 finished with value: 0.5763186674001856 and parameters: {'svc_c': 0.3623344466556211, 'ngram_range_max': 2, 'max_df': 0.978268653472794, 'min_df': 0.023269884669029, 'dual': False, 'max_iter': 2077}. Best is trial 426 with value: 0.6404673130333858.
[I 2023-04-16 21:30:45,780] Trial 448 finished with value: 0.5341458879203758 and parameters: {'svc_c': 0.027010275695585558, 'ngram_range_max': 2, 'max_df': 0.7734250669502262, 'min_df': 0.05135145789944122, 'dual': False, 'max_iter': 3904}. Best is trial 426 with value: 0.6404673130333858.
[I 2023-04-16 21:30:47,466] Trial 449 finished with value: 0.621276017581998 and parameters: {'svc_c': 3387172873.9416227, 'ngram_range_max': 2, 'max_df': 0.7873913936267403, 'min_df': 0.008473873502653963, 'dual': False, 'max_iter': 1730}. Best is trial 426 with value: 0.6404673130333858.
[I 2023-04-16 21:30:49,623] Trial 450 finished with value: 0.6186110354825717 and parameters: {'svc_c': 1014507.4978725637, 'ngram_range_max': 3, 'max_df': 0.7524621438423742, 'min_df': 0.011020905752153962, 'dual': False, 'max_iter': 4077}. Best is trial 426 with value: 0.6404673130333858.
[I 2023-04-16 21:30:52,265] Trial 451 finished with value: 0.6305162852415349 and parameters: {'svc_c': 731.3898497851743, 'ngram_range_max': 2, 'max_df': 0.7293769329643768, 'min_df': 0.005042387078961298, 'dual': False, 'max_iter': 3705}. Best is trial 426 with value: 0.6404673130333858.
[I 2023-04-16 21:30:53,811] Trial 452 finished with value: 0.621750179286419 and parameters: {'svc_c': 0.003295380601862292, 'ngram_range_max': 2, 'max_df': 0.8518154598362196, 'min_df': 0.007013943950205515, 'dual': False, 'max_iter': 4221}. Best is trial 426 with value: 0.6404673130333858.
D:\vkr_folder\venv\lib\site-packages\sklearn\svm\_base.py:1244: ConvergenceWarning: Liblinear failed to converge, increase the number of iterations.
  warnings.warn(
D:\vkr_folder\venv\lib\site-packages\sklearn\svm\_base.py:1244: ConvergenceWarning: Liblinear failed to converge, increase the number of iterations.
  warnings.warn(
D:\vkr_folder\venv\lib\site-packages\sklearn\svm\_base.py:1244: ConvergenceWarning: Liblinear failed to converge, increase the number of iterations.
  warnings.warn(
D:\vkr_folder\venv\lib\site-packages\sklearn\svm\_base.py:1244: ConvergenceWarning: Liblinear failed to converge, increase the number of iterations.
  warnings.warn(
D:\vkr_folder\venv\lib\site-packages\sklearn\svm\_base.py:1244: ConvergenceWarning: Liblinear failed to converge, increase the number of iterations.
  warnings.warn(
[I 2023-04-16 21:30:56,556] Trial 453 finished with value: 0.5091522032932565 and parameters: {'svc_c': 395613.2620206573, 'ngram_range_max': 2, 'max_df': 0.8134637027787627, 'min_df': 0.04490966433421609, 'dual': True, 'max_iter': 2971}. Best is trial 426 with value: 0.6404673130333858.
[I 2023-04-16 21:30:57,845] Trial 454 finished with value: 0.5683232299062377 and parameters: {'svc_c': 97835.62581045512, 'ngram_range_max': 2, 'max_df': 0.8895919725252216, 'min_df': 0.04302629952918076, 'dual': False, 'max_iter': 3497}. Best is trial 426 with value: 0.6404673130333858.
[I 2023-04-16 21:30:59,109] Trial 455 finished with value: 0.5442159780337297 and parameters: {'svc_c': 1523387.1644574946, 'ngram_range_max': 2, 'max_df': 0.7942875749071329, 'min_df': 0.04822649030899851, 'dual': False, 'max_iter': 4702}. Best is trial 426 with value: 0.6404673130333858.
[I 2023-04-16 21:31:01,244] Trial 456 finished with value: 0.5755486129336029 and parameters: {'svc_c': 0.6378506692317818, 'ngram_range_max': 3, 'max_df': 0.9223800364190643, 'min_df': 0.025367267499349654, 'dual': False, 'max_iter': 1563}. Best is trial 426 with value: 0.6404673130333858.
[I 2023-04-16 21:31:04,342] Trial 457 finished with value: 0.6308124236015309 and parameters: {'svc_c': 342354379.1486654, 'ngram_range_max': 2, 'max_df': 0.760146634794069, 'min_df': 0.005041893532265237, 'dual': False, 'max_iter': 3839}. Best is trial 426 with value: 0.6404673130333858.
[I 2023-04-16 21:31:06,061] Trial 458 finished with value: 0.6226975553893287 and parameters: {'svc_c': 93951527.20555496, 'ngram_range_max': 2, 'max_df': 0.8061889342254104, 'min_df': 0.008045706307259613, 'dual': False, 'max_iter': 2022}. Best is trial 426 with value: 0.6404673130333858.
[I 2023-04-16 21:31:07,607] Trial 459 finished with value: 0.6092525124658443 and parameters: {'svc_c': 2319142584.826532, 'ngram_range_max': 2, 'max_df': 0.835970819659717, 'min_df': 0.01294209771598934, 'dual': False, 'max_iter': 1890}. Best is trial 426 with value: 0.6404673130333858.
[I 2023-04-16 21:31:09,442] Trial 460 finished with value: 0.5741871062540436 and parameters: {'svc_c': 0.01975279555917794, 'ngram_range_max': 3, 'max_df': 0.815703626138682, 'min_df': 0.03793463304239988, 'dual': False, 'max_iter': 4507}. Best is trial 426 with value: 0.6404673130333858.
