[I 2023-04-16 21:39:29,349] Trial 896 finished with value: 0.6386311534537371 and parameters: {'svc_c': 0.03013338990476212, 'ngram_range_max': 1, 'max_df': 0.9167374936732661, 'min_df': 0.0050111289812699205, 'dual': True, 'max_iter': 2412}. Best is trial 426 with value: 0.6404673130333858.
[I 2023-04-16 21:39:29,955] Trial 897 finished with value: 0.5343241744053374 and parameters: {'svc_c': 5.045688299173526e-09, 'ngram_range_max': 1, 'max_df': 0.8967187627430496, 'min_df': 0.05070589583197635, 'dual': True, 'max_iter': 2396}. Best is trial 426 with value: 0.6404673130333858.
[I 2023-04-16 21:39:30,610] Trial 898 finished with value: 0.574542223179664 and parameters: {'svc_c': 0.00140851743334577, 'ngram_range_max': 1, 'max_df': 0.9206438053167618, 'min_df': 0.03904498722092816, 'dual': True, 'max_iter': 1162}. Best is trial 426 with value: 0.6404673130333858.
[I 2023-04-16 21:39:31,428] Trial 899 finished with value: 0.6091333098027218 and parameters: {'svc_c': 0.02165469796975362, 'ngram_range_max': 1, 'max_df': 0.9608239673868564, 'min_df': 0.015060071834762219, 'dual': True, 'max_iter': 2254}. Best is trial 426 with value: 0.6404673130333858.
[I 2023-04-16 21:39:31,960] Trial 900 finished with value: 0.5686191402111018 and parameters: {'svc_c': 0.0065952687302833326, 'ngram_range_max': 1, 'max_df': 0.9503283922508201, 'min_df': 0.04168910586056876, 'dual': True, 'max_iter': 2407}. Best is trial 426 with value: 0.6404673130333858.
[I 2023-04-16 21:39:32,971] Trial 901 finished with value: 0.6036841078553415 and parameters: {'svc_c': 1.7239391022161287e-05, 'ngram_range_max': 1, 'max_df': 0.8513732043935871, 'min_df': 0.008282910799053711, 'dual': True, 'max_iter': 2349}. Best is trial 426 with value: 0.6404673130333858.
[I 2023-04-16 21:39:33,482] Trial 902 finished with value: 0.5109282264889193 and parameters: {'svc_c': 0.023391861133658935, 'ngram_range_max': 1, 'max_df': 0.934967783850402, 'min_df': 0.06796616772389659, 'dual': True, 'max_iter': 3429}. Best is trial 426 with value: 0.6404673130333858.
[I 2023-04-16 21:39:34,132] Trial 903 finished with value: 0.5439198923018411 and parameters: {'svc_c': 0.011739061510516829, 'ngram_range_max': 1, 'max_df': 0.9134762924826686, 'min_df': 0.047592096354005665, 'dual': True, 'max_iter': 2448}. Best is trial 426 with value: 0.6404673130333858.
[I 2023-04-16 21:39:35,222] Trial 904 finished with value: 0.6240009430956835 and parameters: {'svc_c': 0.0033655983004971276, 'ngram_range_max': 1, 'max_df': 0.9591825068604612, 'min_df': 0.006801216929442891, 'dual': True, 'max_iter': 1011}. Best is trial 426 with value: 0.6404673130333858.
[I 2023-04-16 21:39:36,007] Trial 905 finished with value: 0.5965765767030105 and parameters: {'svc_c': 0.040317303871005884, 'ngram_range_max': 1, 'max_df': 0.9744516012693237, 'min_df': 0.017702885657000008, 'dual': True, 'max_iter': 2202}. Best is trial 426 with value: 0.6404673130333858.
[I 2023-04-16 21:39:36,639] Trial 906 finished with value: 0.5728838238039035 and parameters: {'svc_c': 0.03311654079095161, 'ngram_range_max': 1, 'max_df': 0.9328955712738982, 'min_df': 0.032340797456423445, 'dual': True, 'max_iter': 2629}. Best is trial 426 with value: 0.6404673130333858.
[I 2023-04-16 21:39:37,151] Trial 907 finished with value: 0.5269201364962592 and parameters: {'svc_c': 0.008407346660988364, 'ngram_range_max': 1, 'max_df': 0.9038461009529255, 'min_df': 0.05853007620036787, 'dual': True, 'max_iter': 2282}. Best is trial 426 with value: 0.6404673130333858.
[I 2023-04-16 21:39:38,021] Trial 908 finished with value: 0.6159456323582866 and parameters: {'svc_c': 0.0009771341387552494, 'ngram_range_max': 1, 'max_df': 0.7592879149483487, 'min_df': 0.009830646002878208, 'dual': True, 'max_iter': 2333}. Best is trial 426 with value: 0.6404673130333858.
[I 2023-04-16 21:39:39,000] Trial 909 finished with value: 0.6272585878545556 and parameters: {'svc_c': 0.01543658273718612, 'ngram_range_max': 1, 'max_df': 0.9142933479531328, 'min_df': 0.006742937367880506, 'dual': True, 'max_iter': 2506}. Best is trial 426 with value: 0.6404673130333858.
[I 2023-04-16 21:39:40,036] Trial 910 finished with value: 0.5548189979046996 and parameters: {'svc_c': 1.4689007956913958e-07, 'ngram_range_max': 1, 'max_df': 0.8785942843706168, 'min_df': 0.005056055157307063, 'dual': True, 'max_iter': 2435}. Best is trial 426 with value: 0.6404673130333858.
[I 2023-04-16 21:39:40,538] Trial 911 finished with value: 0.5122310002006886 and parameters: {'svc_c': 6.329416497102804e-10, 'ngram_range_max': 1, 'max_df': 0.8921747525960688, 'min_df': 0.07062500813148283, 'dual': True, 'max_iter': 2025}. Best is trial 426 with value: 0.6404673130333858.
[I 2023-04-16 21:39:41,439] Trial 912 finished with value: 0.5841973582093531 and parameters: {'svc_c': 4.987790996849966e-06, 'ngram_range_max': 1, 'max_df': 0.9324134568764122, 'min_df': 0.008127242010870606, 'dual': True, 'max_iter': 2658}. Best is trial 426 with value: 0.6404673130333858.
[I 2023-04-16 21:39:41,957] Trial 913 finished with value: 0.49552820726211744 and parameters: {'svc_c': 0.044037399846759355, 'ngram_range_max': 1, 'max_df': 0.9837588459863141, 'min_df': 0.08027998443136285, 'dual': True, 'max_iter': 2137}. Best is trial 426 with value: 0.6404673130333858.
[I 2023-04-16 21:39:42,470] Trial 914 finished with value: 0.49552820726211744 and parameters: {'svc_c': 0.0042805174223757925, 'ngram_range_max': 1, 'max_df': 0.9183874787926753, 'min_df': 0.0988634855492497, 'dual': True, 'max_iter': 1835}. Best is trial 426 with value: 0.6404673130333858.
[I 2023-04-16 21:39:42,987] Trial 915 finished with value: 0.5009770408127464 and parameters: {'svc_c': 1.0739663956699395e-07, 'ngram_range_max': 1, 'max_df': 0.9291209241796892, 'min_df': 0.07387213210338248, 'dual': True, 'max_iter': 2562}. Best is trial 426 with value: 0.6404673130333858.
[I 2023-04-16 21:39:43,488] Trial 916 finished with value: 0.4978969983734406 and parameters: {'svc_c': 2.3361917870066335e-05, 'ngram_range_max': 1, 'max_df': 0.9694172896034574, 'min_df': 0.07769648458153507, 'dual': True, 'max_iter': 1411}. Best is trial 426 with value: 0.6404673130333858.
[I 2023-04-16 21:39:44,125] Trial 917 finished with value: 0.570810539515288 and parameters: {'svc_c': 1.5200361040036407e-09, 'ngram_range_max': 1, 'max_df': 0.957276586183079, 'min_df': 0.029140469319440344, 'dual': True, 'max_iter': 2348}. Best is trial 426 with value: 0.6404673130333858.
[I 2023-04-16 21:39:45,005] Trial 918 finished with value: 0.5767337628254698 and parameters: {'svc_c': 0.000391442645731605, 'ngram_range_max': 1, 'max_df': 0.7689983611118316, 'min_df': 0.02281116202052721, 'dual': True, 'max_iter': 2727}. Best is trial 426 with value: 0.6404673130333858.
[I 2023-04-16 21:39:45,861] Trial 919 finished with value: 0.6148200750266298 and parameters: {'svc_c': 0.17381929824765632, 'ngram_range_max': 1, 'max_df': 0.9977729943887204, 'min_df': 0.01133949048384551, 'dual': True, 'max_iter': 2231}. Best is trial 426 with value: 0.6404673130333858.
[I 2023-04-16 21:39:46,380] Trial 920 finished with value: 0.5151924364287549 and parameters: {'svc_c': 3.889523915044581e-06, 'ngram_range_max': 1, 'max_df': 0.9437417895167054, 'min_df': 0.0663618722559937, 'dual': True, 'max_iter': 2473}. Best is trial 426 with value: 0.6404673130333858.
[I 2023-04-16 21:39:47,191] Trial 921 finished with value: 0.5941478246347258 and parameters: {'svc_c': 0.015558896861080468, 'ngram_range_max': 1, 'max_df': 0.9397972450476908, 'min_df': 0.021202341567004478, 'dual': True, 'max_iter': 1879}. Best is trial 426 with value: 0.6404673130333858.
[I 2023-04-16 21:39:47,712] Trial 922 finished with value: 0.49552820726211744 and parameters: {'svc_c': 0.04285272584231593, 'ngram_range_max': 1, 'max_df': 0.9499175172080218, 'min_df': 0.09552392185303436, 'dual': True, 'max_iter': 2618}. Best is trial 426 with value: 0.6404673130333858.
[I 2023-04-16 21:39:48,677] Trial 923 finished with value: 0.626903348130018 and parameters: {'svc_c': 0.0064957394144122185, 'ngram_range_max': 1, 'max_df': 0.8867563643991347, 'min_df': 0.0067768599694293845, 'dual': True, 'max_iter': 1986}. Best is trial 426 with value: 0.6404673130333858.
[I 2023-04-16 21:39:49,673] Trial 924 finished with value: 0.6233490913581841 and parameters: {'svc_c': 0.06605590231464174, 'ngram_range_max': 1, 'max_df': 0.9278245541290354, 'min_df': 0.008861412588637057, 'dual': True, 'max_iter': 3463}. Best is trial 426 with value: 0.6404673130333858.
[I 2023-04-16 21:39:50,316] Trial 925 finished with value: 0.5747198430419328 and parameters: {'svc_c': 0.020829385119098705, 'ngram_range_max': 1, 'max_df': 0.8976873067643081, 'min_df': 0.027759354026986347, 'dual': True, 'max_iter': 1442}. Best is trial 426 with value: 0.6404673130333858.
[I 2023-04-16 21:39:51,279] Trial 926 finished with value: 0.6230531985960224 and parameters: {'svc_c': 0.002082628549281344, 'ngram_range_max': 1, 'max_df': 0.9290950610153548, 'min_df': 0.006673907788678477, 'dual': True, 'max_iter': 1742}. Best is trial 426 with value: 0.6404673130333858.
[I 2023-04-16 21:39:52,370] Trial 927 finished with value: 0.5527458539577038 and parameters: {'svc_c': 3.051450663888053e-10, 'ngram_range_max': 1, 'max_df': 0.9201262168266447, 'min_df': 0.005000283746718874, 'dual': True, 'max_iter': 3552}. Best is trial 426 with value: 0.6404673130333858.
[I 2023-04-16 21:39:53,309] Trial 928 finished with value: 0.6251852860232378 and parameters: {'svc_c': 0.15739812120666918, 'ngram_range_max': 1, 'max_df': 0.9162247998497526, 'min_df': 0.00802696442521409, 'dual': True, 'max_iter': 2552}. Best is trial 426 with value: 0.6404673130333858.
[I 2023-04-16 21:39:54,485] Trial 929 finished with value: 0.6375648202855391 and parameters: {'svc_c': 0.010174748498483757, 'ngram_range_max': 1, 'max_df': 0.888916381053107, 'min_df': 0.005021587888157339, 'dual': True, 'max_iter': 2385}. Best is trial 426 with value: 0.6404673130333858.
[I 2023-04-16 21:39:55,143] Trial 930 finished with value: 0.573417086872866 and parameters: {'svc_c': 0.0026655847442416257, 'ngram_range_max': 1, 'max_df': 0.9313479512645892, 'min_df': 0.034045745397755706, 'dual': True, 'max_iter': 2298}. Best is trial 426 with value: 0.6404673130333858.
[I 2023-04-16 21:39:55,662] Trial 931 finished with value: 0.49552820726211744 and parameters: {'svc_c': 0.00472292335945326, 'ngram_range_max': 1, 'max_df': 0.905743764826064, 'min_df': 0.07607456446530314, 'dual': True, 'max_iter': 2168}. Best is trial 426 with value: 0.6404673130333858.
[I 2023-04-16 21:39:56,634] Trial 932 finished with value: 0.6141687144847989 and parameters: {'svc_c': 0.0009735973263434412, 'ngram_range_max': 1, 'max_df': 0.9054081755741239, 'min_df': 0.010501637837918406, 'dual': True, 'max_iter': 2694}. Best is trial 426 with value: 0.6404673130333858.
[I 2023-04-16 21:39:57,466] Trial 933 finished with value: 0.6123918316967163 and parameters: {'svc_c': 0.007845454054970774, 'ngram_range_max': 1, 'max_df': 0.8994252450804517, 'min_df': 0.01273860647096365, 'dual': True, 'max_iter': 2782}. Best is trial 426 with value: 0.6404673130333858.
[I 2023-04-16 21:39:57,978] Trial 934 finished with value: 0.4978969983734406 and parameters: {'svc_c': 4.569204560580103e-09, 'ngram_range_max': 1, 'max_df': 0.9221497006759751, 'min_df': 0.07925461553515223, 'dual': True, 'max_iter': 2392}. Best is trial 426 with value: 0.6404673130333858.
[I 2023-04-16 21:39:58,945] Trial 935 finished with value: 0.6290949930320386 and parameters: {'svc_c': 0.010479720664106199, 'ngram_range_max': 1, 'max_df': 0.8850380992465341, 'min_df': 0.006801944363119176, 'dual': True, 'max_iter': 2529}. Best is trial 426 with value: 0.6404673130333858.
[I 2023-04-16 21:39:59,994] Trial 936 finished with value: 0.6296277824480351 and parameters: {'svc_c': 0.0021315708805905807, 'ngram_range_max': 1, 'max_df': 0.8935959981572746, 'min_df': 0.005058460396330511, 'dual': True, 'max_iter': 1920}. Best is trial 426 with value: 0.6404673130333858.
[I 2023-04-16 21:40:00,635] Trial 937 finished with value: 0.548243624631077 and parameters: {'svc_c': 4.0267732656731514e-05, 'ngram_range_max': 1, 'max_df': 0.8850676877129349, 'min_df': 0.04635775440255457, 'dual': True, 'max_iter': 2052}. Best is trial 426 with value: 0.6404673130333858.
[I 2023-04-16 21:40:01,628] Trial 938 finished with value: 0.6234087540892039 and parameters: {'svc_c': 0.014139685389257204, 'ngram_range_max': 1, 'max_df': 0.8976554894507095, 'min_df': 0.008541129095529915, 'dual': True, 'max_iter': 2635}. Best is trial 426 with value: 0.6404673130333858.
[I 2023-04-16 21:40:02,264] Trial 939 finished with value: 0.5434462393357912 and parameters: {'svc_c': 0.005174124674073886, 'ngram_range_max': 1, 'max_df': 0.920128472532121, 'min_df': 0.045144445470567555, 'dual': True, 'max_iter': 3620}. Best is trial 426 with value: 0.6404673130333858.
[I 2023-04-16 21:40:02,794] Trial 940 finished with value: 0.5109282264889193 and parameters: {'svc_c': 0.03004153208379462, 'ngram_range_max': 1, 'max_df': 0.8937217578783578, 'min_df': 0.06420061211853001, 'dual': True, 'max_iter': 2260}. Best is trial 426 with value: 0.6404673130333858.
[I 2023-04-16 21:40:03,753] Trial 941 finished with value: 0.5628742735566917 and parameters: {'svc_c': 5.967310671597702e-09, 'ngram_range_max': 1, 'max_df': 0.9150796889799543, 'min_df': 0.006739204911684378, 'dual': True, 'max_iter': 3142}. Best is trial 426 with value: 0.6404673130333858.
[I 2023-04-16 21:40:04,288] Trial 942 finished with value: 0.5744834200410639 and parameters: {'svc_c': 0.01614893861656889, 'ngram_range_max': 1, 'max_df': 0.9046740752928518, 'min_df': 0.03692275539288504, 'dual': True, 'max_iter': 1496}. Best is trial 426 with value: 0.6404673130333858.
[I 2023-04-16 21:40:05,447] Trial 943 finished with value: 0.6245337149689775 and parameters: {'svc_c': 0.0006182727398441497, 'ngram_range_max': 1, 'max_df': 0.9084165147795995, 'min_df': 0.0050615446501873305, 'dual': True, 'max_iter': 2842}. Best is trial 426 with value: 0.6404673130333858.
[I 2023-04-16 21:40:06,436] Trial 944 finished with value: 0.621928009661117 and parameters: {'svc_c': 0.04866117688093907, 'ngram_range_max': 1, 'max_df': 0.942481744805594, 'min_df': 0.00979501902150014, 'dual': True, 'max_iter': 2465}. Best is trial 426 with value: 0.6404673130333858.
[I 2023-04-16 21:40:07,225] Trial 945 finished with value: 0.5955100856504905 and parameters: {'svc_c': 0.004658202438825175, 'ngram_range_max': 1, 'max_df': 0.8879710719854081, 'min_df': 0.018970282804851947, 'dual': True, 'max_iter': 1122}. Best is trial 426 with value: 0.6404673130333858.
[I 2023-04-16 21:40:07,736] Trial 946 finished with value: 0.4978969983734406 and parameters: {'svc_c': 2.3517077902494907e-09, 'ngram_range_max': 1, 'max_df': 0.926353686744442, 'min_df': 0.09017557993171817, 'dual': True, 'max_iter': 2358}. Best is trial 426 with value: 0.6404673130333858.
[I 2023-04-16 21:40:08,385] Trial 947 finished with value: 0.5341458879203758 and parameters: {'svc_c': 0.022656986523546984, 'ngram_range_max': 1, 'max_df': 0.8515389685298081, 'min_df': 0.051072015617052595, 'dual': True, 'max_iter': 1097}. Best is trial 426 with value: 0.6404673130333858.
[I 2023-04-16 21:40:09,158] Trial 948 finished with value: 0.576674065009045 and parameters: {'svc_c': 1.9626781008726015e-06, 'ngram_range_max': 1, 'max_df': 0.8763123389610277, 'min_df': 0.026365078455384716, 'dual': True, 'max_iter': 3406}. Best is trial 426 with value: 0.6404673130333858.
[I 2023-04-16 21:40:09,797] Trial 949 finished with value: 0.572942925168445 and parameters: {'svc_c': 0.010946413514191301, 'ngram_range_max': 1, 'max_df': 0.9356465652031581, 'min_df': 0.030209713984161814, 'dual': True, 'max_iter': 1015}. Best is trial 426 with value: 0.6404673130333858.
[I 2023-04-16 21:40:10,695] Trial 950 finished with value: 0.5698045181581005 and parameters: {'svc_c': 4.09133814475416e-08, 'ngram_range_max': 1, 'max_df': 0.8713222369663288, 'min_df': 0.008033241991984071, 'dual': True, 'max_iter': 1037}. Best is trial 426 with value: 0.6404673130333858.
[I 2023-04-16 21:40:11,313] Trial 951 finished with value: 0.5391219456400771 and parameters: {'svc_c': 0.001612677338088489, 'ngram_range_max': 1, 'max_df': 0.964712151996016, 'min_df': 0.04893317302938416, 'dual': True, 'max_iter': 1080}. Best is trial 426 with value: 0.6404673130333858.
[I 2023-04-16 21:40:11,819] Trial 952 finished with value: 0.49807467086381674 and parameters: {'svc_c': 0.00021210869854784204, 'ngram_range_max': 1, 'max_df': 0.9060254690111864, 'min_df': 0.09916942540105772, 'dual': True, 'max_iter': 1780}. Best is trial 426 with value: 0.6404673130333858.
[I 2023-04-16 21:40:12,636] Trial 953 finished with value: 0.6047506515359687 and parameters: {'svc_c': 0.03810196779204073, 'ngram_range_max': 1, 'max_df': 0.9320893568327346, 'min_df': 0.015929752842047, 'dual': True, 'max_iter': 2593}. Best is trial 426 with value: 0.6404673130333858.
[I 2023-04-16 21:40:13,821] Trial 954 finished with value: 0.6375648904563489 and parameters: {'svc_c': 0.07451127179814769, 'ngram_range_max': 1, 'max_df': 0.8660717030775418, 'min_df': 0.005004315226631161, 'dual': True, 'max_iter': 2733}. Best is trial 426 with value: 0.6404673130333858.
[I 2023-04-16 21:40:14,754] Trial 955 finished with value: 0.6112072431713276 and parameters: {'svc_c': 0.0069471874484755445, 'ngram_range_max': 1, 'max_df': 0.8522956242262176, 'min_df': 0.013189955242492772, 'dual': True, 'max_iter': 2739}. Best is trial 426 with value: 0.6404673130333858.
[I 2023-04-16 21:40:15,295] Trial 956 finished with value: 0.5721730636715894 and parameters: {'svc_c': 0.02306946629986802, 'ngram_range_max': 1, 'max_df': 0.8622399848050275, 'min_df': 0.03222293470350337, 'dual': True, 'max_iter': 2902}. Best is trial 426 with value: 0.6404673130333858.
[I 2023-04-16 21:40:20,055] Trial 957 finished with value: 0.6206836882338989 and parameters: {'svc_c': 32.525335489441154, 'ngram_range_max': 1, 'max_df': 0.8914206712821154, 'min_df': 0.0068189039703284455, 'dual': True, 'max_iter': 2787}. Best is trial 426 with value: 0.6404673130333858.
[I 2023-04-16 21:40:20,705] Trial 958 finished with value: 0.5480065700929202 and parameters: {'svc_c': 0.09148112909797729, 'ngram_range_max': 1, 'max_df': 0.8582976086661129, 'min_df': 0.04388677514397072, 'dual': True, 'max_iter': 1708}. Best is trial 426 with value: 0.6404673130333858.
[I 2023-04-16 21:40:21,614] Trial 959 finished with value: 0.6205066297381086 and parameters: {'svc_c': 0.0026151662083932306, 'ngram_range_max': 1, 'max_df': 0.8484744517177166, 'min_df': 0.009105143753515881, 'dual': True, 'max_iter': 2679}. Best is trial 426 with value: 0.6404673130333858.
[I 2023-04-16 21:40:22,569] Trial 960 finished with value: 0.5635850687744106 and parameters: {'svc_c': 1.886683096547533e-08, 'ngram_range_max': 1, 'max_df': 0.8671414763123498, 'min_df': 0.006806430137908135, 'dual': True, 'max_iter': 2708}. Best is trial 426 with value: 0.6404673130333858.
[I 2023-04-16 21:40:23,204] Trial 961 finished with value: 0.5307699176335035 and parameters: {'svc_c': 0.011844896836147922, 'ngram_range_max': 1, 'max_df': 0.8749581780137964, 'min_df': 0.05463072057890862, 'dual': True, 'max_iter': 1044}. Best is trial 426 with value: 0.6404673130333858.
[I 2023-04-16 21:40:23,719] Trial 962 finished with value: 0.4978969983734406 and parameters: {'svc_c': 1.8106806592311203e-07, 'ngram_range_max': 1, 'max_df': 0.8684201393365448, 'min_df': 0.08202500518915593, 'dual': True, 'max_iter': 1843}. Best is trial 426 with value: 0.6404673130333858.
[I 2023-04-16 21:40:24,669] Trial 963 finished with value: 0.5868031336880233 and parameters: {'svc_c': 5.699002530634395e-06, 'ngram_range_max': 1, 'max_df': 0.85420312445155, 'min_df': 0.010747166799448447, 'dual': True, 'max_iter': 2641}. Best is trial 426 with value: 0.6404673130333858.
[I 2023-04-16 21:40:25,171] Trial 964 finished with value: 0.4978969983734406 and parameters: {'svc_c': 1.0707181178392896e-09, 'ngram_range_max': 1, 'max_df': 0.9096022491866603, 'min_df': 0.08385427847270152, 'dual': True, 'max_iter': 2829}. Best is trial 426 with value: 0.6404673130333858.
[I 2023-04-16 21:40:26,093] Trial 965 finished with value: 0.6269030849894813 and parameters: {'svc_c': 0.036991835248171005, 'ngram_range_max': 1, 'max_df': 0.8651868809031964, 'min_df': 0.008053080247403796, 'dual': True, 'max_iter': 2947}. Best is trial 426 with value: 0.6404673130333858.
[I 2023-04-16 21:40:27,166] Trial 966 finished with value: 0.6271994163192042 and parameters: {'svc_c': 0.0058615038099600475, 'ngram_range_max': 1, 'max_df': 0.8859996387778096, 'min_df': 0.00663469905555839, 'dual': True, 'max_iter': 2094}. Best is trial 426 with value: 0.6404673130333858.
[I 2023-04-16 21:40:28,379] Trial 967 finished with value: 0.6302796166428319 and parameters: {'svc_c': 0.663800493016989, 'ngram_range_max': 1, 'max_df': 0.899153265722577, 'min_df': 0.0050273585429819285, 'dual': True, 'max_iter': 1572}. Best is trial 426 with value: 0.6404673130333858.
[I 2023-04-16 21:40:29,470] Trial 968 finished with value: 0.6371502511413283 and parameters: {'svc_c': 0.07963118751438071, 'ngram_range_max': 1, 'max_df': 0.91166631723185, 'min_df': 0.005018272969194463, 'dual': True, 'max_iter': 3278}. Best is trial 426 with value: 0.6404673130333858.
[I 2023-04-16 21:40:29,978] Trial 969 finished with value: 0.4978969983734406 and parameters: {'svc_c': 6.521671805788224e-07, 'ngram_range_max': 1, 'max_df': 0.951845590794202, 'min_df': 0.09175666313477726, 'dual': True, 'max_iter': 4864}. Best is trial 426 with value: 0.6404673130333858.
[I 2023-04-16 21:40:30,911] Trial 970 finished with value: 0.6235269743609895 and parameters: {'svc_c': 0.018166388729828554, 'ngram_range_max': 1, 'max_df': 0.9001559508942594, 'min_df': 0.008303577279184841, 'dual': True, 'max_iter': 1242}. Best is trial 426 with value: 0.6404673130333858.
