[I 2023-04-16 21:40:31,443] Trial 971 finished with value: 0.530769900090801 and parameters: {'svc_c': 0.23918512643506304, 'ngram_range_max': 1, 'max_df': 0.9210510449847742, 'min_df': 0.056647836401341675, 'dual': True, 'max_iter': 1650}. Best is trial 426 with value: 0.6404673130333858.
[I 2023-04-16 21:40:32,518] Trial 972 finished with value: 0.6380981184399064 and parameters: {'svc_c': 0.0378684057830671, 'ngram_range_max': 1, 'max_df': 0.8459583112087556, 'min_df': 0.00502579520083355, 'dual': True, 'max_iter': 2605}. Best is trial 426 with value: 0.6404673130333858.
[I 2023-04-16 21:40:33,151] Trial 973 finished with value: 0.5731799972493044 and parameters: {'svc_c': 0.008589966677022784, 'ngram_range_max': 1, 'max_df': 0.8479642446885781, 'min_df': 0.03887596203453788, 'dual': True, 'max_iter': 2181}. Best is trial 426 with value: 0.6404673130333858.
[I 2023-04-16 21:40:34,000] Trial 974 finished with value: 0.6179002051794478 and parameters: {'svc_c': 0.023911358791975885, 'ngram_range_max': 1, 'max_df': 0.8627403987656455, 'min_df': 0.011541062120511428, 'dual': True, 'max_iter': 3099}. Best is trial 426 with value: 0.6404673130333858.
[I 2023-04-16 21:40:34,967] Trial 975 finished with value: 0.562815049393233 and parameters: {'svc_c': 9.789484031652072e-10, 'ngram_range_max': 1, 'max_df': 0.85227723362268, 'min_df': 0.006744861495972362, 'dual': True, 'max_iter': 2748}. Best is trial 426 with value: 0.6404673130333858.
[I 2023-04-16 21:40:35,616] Trial 976 finished with value: 0.568856247377366 and parameters: {'svc_c': 0.0017896452213798575, 'ngram_range_max': 1, 'max_df': 0.8490591094316204, 'min_df': 0.04100411728220266, 'dual': True, 'max_iter': 4983}. Best is trial 426 with value: 0.6404673130333858.
[I 2023-04-16 21:40:36,523] Trial 977 finished with value: 0.6213951851597158 and parameters: {'svc_c': 0.004876115915326723, 'ngram_range_max': 1, 'max_df': 0.9367075543635907, 'min_df': 0.008948632446258249, 'dual': True, 'max_iter': 2561}. Best is trial 426 with value: 0.6404673130333858.
D:\vkr_folder\venv\lib\site-packages\sklearn\svm\_base.py:1244: ConvergenceWarning: Liblinear failed to converge, increase the number of iterations.
  warnings.warn(
D:\vkr_folder\venv\lib\site-packages\sklearn\svm\_base.py:1244: ConvergenceWarning: Liblinear failed to converge, increase the number of iterations.
  warnings.warn(
D:\vkr_folder\venv\lib\site-packages\sklearn\svm\_base.py:1244: ConvergenceWarning: Liblinear failed to converge, increase the number of iterations.
  warnings.warn(
D:\vkr_folder\venv\lib\site-packages\sklearn\svm\_base.py:1244: ConvergenceWarning: Liblinear failed to converge, increase the number of iterations.
  warnings.warn(
D:\vkr_folder\venv\lib\site-packages\sklearn\svm\_base.py:1244: ConvergenceWarning: Liblinear failed to converge, increase the number of iterations.
  warnings.warn(
[I 2023-04-16 21:40:41,268] Trial 978 finished with value: 0.5888764530620436 and parameters: {'svc_c': 1411.7114097571812, 'ngram_range_max': 1, 'max_df': 0.8913839350816815, 'min_df': 0.005014972828623775, 'dual': True, 'max_iter': 1972}. Best is trial 426 with value: 0.6404673130333858.
[I 2023-04-16 21:40:42,215] Trial 979 finished with value: 0.6243561652775185 and parameters: {'svc_c': 0.08231295451768517, 'ngram_range_max': 1, 'max_df': 0.8538233712304687, 'min_df': 0.007044241691176227, 'dual': True, 'max_iter': 1799}. Best is trial 426 with value: 0.6404673130333858.
[I 2023-04-16 21:40:42,870] Trial 980 finished with value: 0.5743649366287417 and parameters: {'svc_c': 0.014207152494893377, 'ngram_range_max': 1, 'max_df': 0.9824819621229465, 'min_df': 0.03598944164593869, 'dual': True, 'max_iter': 1914}. Best is trial 426 with value: 0.6404673130333858.
[I 2023-04-16 21:40:43,657] Trial 981 finished with value: 0.5794587760526675 and parameters: {'svc_c': 0.0004214583430585073, 'ngram_range_max': 1, 'max_df': 0.8730406785712291, 'min_df': 0.02260870404715832, 'dual': True, 'max_iter': 2867}. Best is trial 426 with value: 0.6404673130333858.
[I 2023-04-16 21:40:44,520] Trial 982 finished with value: 0.6217503547134434 and parameters: {'svc_c': 0.03447238503138853, 'ngram_range_max': 1, 'max_df': 0.8822971488777969, 'min_df': 0.009916939764866363, 'dual': True, 'max_iter': 2327}. Best is trial 426 with value: 0.6404673130333858.
[I 2023-04-16 21:40:45,579] Trial 983 finished with value: 0.6222236041973372 and parameters: {'svc_c': 1.303414289912339, 'ngram_range_max': 1, 'max_df': 0.9953101072878808, 'min_df': 0.007946153794266013, 'dual': True, 'max_iter': 2480}. Best is trial 426 with value: 0.6404673130333858.
[I 2023-04-16 21:40:46,092] Trial 984 finished with value: 0.49552820726211744 and parameters: {'svc_c': 0.20650218158137673, 'ngram_range_max': 1, 'max_df': 0.8449530506004937, 'min_df': 0.08548129414069792, 'dual': True, 'max_iter': 2673}. Best is trial 426 with value: 0.6404673130333858.
[I 2023-04-16 21:40:46,910] Trial 985 finished with value: 0.5959842122695065 and parameters: {'svc_c': 0.00275811264820008, 'ngram_range_max': 1, 'max_df': 0.8552617441813366, 'min_df': 0.02005356324083589, 'dual': True, 'max_iter': 2416}. Best is trial 426 with value: 0.6404673130333858.
[I 2023-04-16 21:40:47,759] Trial 986 finished with value: 0.6113256388701377 and parameters: {'svc_c': 0.010493973805111485, 'ngram_range_max': 1, 'max_df': 0.8617391085452573, 'min_df': 0.013332795261774015, 'dual': True, 'max_iter': 2214}. Best is trial 426 with value: 0.6404673130333858.
[I 2023-04-16 21:40:48,284] Trial 987 finished with value: 0.5109282264889193 and parameters: {'svc_c': 0.045342002916364844, 'ngram_range_max': 1, 'max_df': 0.8437631459883753, 'min_df': 0.0632878072937367, 'dual': True, 'max_iter': 3616}. Best is trial 426 with value: 0.6404673130333858.
[I 2023-04-16 21:40:49,268] Trial 988 finished with value: 0.6258368746202005 and parameters: {'svc_c': 0.07981346228080825, 'ngram_range_max': 1, 'max_df': 0.7718243958748767, 'min_df': 0.006683758380427857, 'dual': True, 'max_iter': 2761}. Best is trial 426 with value: 0.6404673130333858.
[I 2023-04-16 21:40:50,275] Trial 989 finished with value: 0.6210983801770269 and parameters: {'svc_c': 0.4188342793259453, 'ngram_range_max': 1, 'max_df': 0.7852245498667425, 'min_df': 0.009535215752310366, 'dual': True, 'max_iter': 2583}. Best is trial 426 with value: 0.6404673130333858.
[I 2023-04-16 21:40:51,242] Trial 990 finished with value: 0.5881067319068075 and parameters: {'svc_c': 1.032086991696203e-05, 'ngram_range_max': 1, 'max_df': 0.9575367597848493, 'min_df': 0.006706024382162156, 'dual': True, 'max_iter': 3195}. Best is trial 426 with value: 0.6404673130333858.
[I 2023-04-16 21:40:51,887] Trial 991 finished with value: 0.5307106934700447 and parameters: {'svc_c': 0.018611229656301888, 'ngram_range_max': 1, 'max_df': 0.9669699147604228, 'min_df': 0.053759929900495725, 'dual': True, 'max_iter': 3367}. Best is trial 426 with value: 0.6404673130333858.
[I 2023-04-16 21:40:52,807] Trial 992 finished with value: 0.6087189687136428 and parameters: {'svc_c': 0.005313526132428956, 'ngram_range_max': 1, 'max_df': 0.8566158126963663, 'min_df': 0.015566470990125696, 'dual': True, 'max_iter': 3023}. Best is trial 426 with value: 0.6404673130333858.
[I 2023-04-16 21:40:53,351] Trial 993 finished with value: 0.5125862750106309 and parameters: {'svc_c': 0.000940803590194001, 'ngram_range_max': 1, 'max_df': 0.8892474056375917, 'min_df': 0.069461724305024, 'dual': True, 'max_iter': 1126}. Best is trial 426 with value: 0.6404673130333858.
[I 2023-04-16 21:40:54,140] Trial 994 finished with value: 0.5877510536147088 and parameters: {'svc_c': 8.942382273879154e-05, 'ngram_range_max': 1, 'max_df': 0.9402452182643962, 'min_df': 0.018102019841212597, 'dual': True, 'max_iter': 1332}. Best is trial 426 with value: 0.6404673130333858.
[I 2023-04-16 21:40:54,780] Trial 995 finished with value: 0.5372263513845403 and parameters: {'svc_c': 0.03209900243831123, 'ngram_range_max': 1, 'max_df': 0.7572287430176345, 'min_df': 0.050214367887426586, 'dual': True, 'max_iter': 2120}. Best is trial 426 with value: 0.6404673130333858.
[I 2023-04-16 21:40:55,439] Trial 996 finished with value: 0.5725286893355807 and parameters: {'svc_c': 0.12141344646893584, 'ngram_range_max': 1, 'max_df': 0.7771581768782534, 'min_df': 0.03408870496625121, 'dual': True, 'max_iter': 2280}. Best is trial 426 with value: 0.6404673130333858.
[I 2023-04-16 21:40:56,591] Trial 997 finished with value: 0.5546412377008113 and parameters: {'svc_c': 1.031722549698444e-08, 'ngram_range_max': 1, 'max_df': 0.7874096709922891, 'min_df': 0.005076745883379123, 'dual': True, 'max_iter': 2494}. Best is trial 426 with value: 0.6404673130333858.
[I 2023-04-16 21:40:57,543] Trial 998 finished with value: 0.6266662760491589 and parameters: {'svc_c': 0.011548552423419407, 'ngram_range_max': 1, 'max_df': 0.8692048616362074, 'min_df': 0.0076668022898394505, 'dual': True, 'max_iter': 2648}. Best is trial 426 with value: 0.6404673130333858.
Accuracy: 0.6404673130333858
Best hyperparameters: {'svc_c': 0.025854089488830643, 'ngram_range_max': 2, 'max_df': 0.8065070695600243, 'min_df': 0.005001508148030653, 'dual': False, 'max_iter': 1768}
[I 2023-04-16 21:40:58,050] Trial 999 finished with value: 0.5039388278948617 and parameters: {'svc_c': 0.0032721771484351863, 'ngram_range_max': 1, 'max_df': 0.7954366001227808, 'min_df': 0.07295681387147405, 'dual': True, 'max_iter': 2918}. Best is trial 426 with value: 0.6404673130333858.

Process finished with exit code 0
