[I 2023-04-16 21:26:37,477] Trial 322 finished with value: 0.5268609123328005 and parameters: {'svc_c': 6.7343225635153345, 'ngram_range_max': 2, 'max_df': 0.7750463176175403, 'min_df': 0.05892411186788762, 'dual': False, 'max_iter': 3444}. Best is trial 244 with value: 0.6395788102398858.
[I 2023-04-16 21:26:39,534] Trial 323 finished with value: 0.6231116859659783 and parameters: {'svc_c': 1.0287766402267016, 'ngram_range_max': 2, 'max_df': 0.7876811955870747, 'min_df': 0.006519124058061609, 'dual': False, 'max_iter': 3811}. Best is trial 244 with value: 0.6395788102398858.
[I 2023-04-16 21:26:42,085] Trial 324 finished with value: 0.5939106999257593 and parameters: {'svc_c': 12450.137170215214, 'ngram_range_max': 3, 'max_df': 0.8100712946230428, 'min_df': 0.021472949045732284, 'dual': False, 'max_iter': 1344}. Best is trial 244 with value: 0.6395788102398858.
[I 2023-04-16 21:26:43,767] Trial 325 finished with value: 0.5738315332181596 and parameters: {'svc_c': 523.3639850644017, 'ngram_range_max': 2, 'max_df': 0.8334090477995668, 'min_df': 0.03543635192178042, 'dual': False, 'max_iter': 4307}. Best is trial 244 with value: 0.6395788102398858.
[I 2023-04-16 21:26:45,628] Trial 326 finished with value: 0.6216316958740967 and parameters: {'svc_c': 0.0904093034552082, 'ngram_range_max': 2, 'max_df': 0.8543755331903428, 'min_df': 0.009975379086212335, 'dual': False, 'max_iter': 4120}. Best is trial 244 with value: 0.6395788102398858.
[I 2023-04-16 21:26:49,088] Trial 327 finished with value: 0.6308124236015309 and parameters: {'svc_c': 1314842.8585472642, 'ngram_range_max': 2, 'max_df': 0.7253925441176254, 'min_df': 0.005061994589526543, 'dual': False, 'max_iter': 3250}. Best is trial 244 with value: 0.6395788102398858.
[I 2023-04-16 21:26:51,944] Trial 328 finished with value: 0.6226383136831675 and parameters: {'svc_c': 1932.169292911927, 'ngram_range_max': 3, 'max_df': 0.801409173307689, 'min_df': 0.008007213051236813, 'dual': False, 'max_iter': 2211}. Best is trial 244 with value: 0.6395788102398858.
[I 2023-04-16 21:26:54,011] Trial 329 finished with value: 0.6208608870713089 and parameters: {'svc_c': 2887136472.3582435, 'ngram_range_max': 2, 'max_df': 0.7652517542872984, 'min_df': 0.007079047943312575, 'dual': False, 'max_iter': 3963}. Best is trial 244 with value: 0.6395788102398858.
[I 2023-04-16 21:26:56,079] Trial 330 finished with value: 0.6227561655582019 and parameters: {'svc_c': 19950809.269601434, 'ngram_range_max': 2, 'max_df': 0.7827106084294186, 'min_df': 0.006719286852756698, 'dual': False, 'max_iter': 4498}. Best is trial 244 with value: 0.6395788102398858.
[I 2023-04-16 21:26:57,652] Trial 331 finished with value: 0.5743641472071317 and parameters: {'svc_c': 0.19461862669771157, 'ngram_range_max': 2, 'max_df': 0.7709998579716743, 'min_df': 0.024031995039378556, 'dual': False, 'max_iter': 4720}. Best is trial 244 with value: 0.6395788102398858.
[I 2023-04-16 21:26:59,332] Trial 332 finished with value: 0.6176634137818278 and parameters: {'svc_c': 32.37508110764589, 'ngram_range_max': 2, 'max_df': 0.8274280217877836, 'min_df': 0.011296464762035776, 'dual': False, 'max_iter': 4248}. Best is trial 244 with value: 0.6395788102398858.
[I 2023-04-16 21:27:02,983] Trial 333 finished with value: 0.6308124236015309 and parameters: {'svc_c': 854024717.5706143, 'ngram_range_max': 2, 'max_df': 0.7908271527279145, 'min_df': 0.005042072705868834, 'dual': False, 'max_iter': 3722}. Best is trial 244 with value: 0.6395788102398858.
[I 2023-04-16 21:27:04,981] Trial 334 finished with value: 0.6219864444029657 and parameters: {'svc_c': 5284472.679033704, 'ngram_range_max': 2, 'max_df': 0.8451830269380423, 'min_df': 0.008913251298013325, 'dual': False, 'max_iter': 2669}. Best is trial 244 with value: 0.6395788102398858.
[I 2023-04-16 21:27:07,163] Trial 335 finished with value: 0.6216310292514038 and parameters: {'svc_c': 273213.1338801735, 'ngram_range_max': 2, 'max_df': 0.8121922964570714, 'min_df': 0.006969143318224737, 'dual': False, 'max_iter': 4117}. Best is trial 244 with value: 0.6395788102398858.
[I 2023-04-16 21:27:09,829] Trial 336 finished with value: 0.6268438257406178 and parameters: {'svc_c': 0.0013591111219162276, 'ngram_range_max': 3, 'max_df': 0.8170985894010523, 'min_df': 0.0050713411381134044, 'dual': True, 'max_iter': 3933}. Best is trial 244 with value: 0.6395788102398858.
[I 2023-04-16 21:27:11,666] Trial 337 finished with value: 0.6220461422193904 and parameters: {'svc_c': 3.3845595789977527, 'ngram_range_max': 2, 'max_df': 0.836476174621073, 'min_df': 0.009391394128741556, 'dual': False, 'max_iter': 4381}. Best is trial 244 with value: 0.6395788102398858.
[I 2023-04-16 21:27:13,380] Trial 338 finished with value: 0.608482072059808 and parameters: {'svc_c': 13.30128498060548, 'ngram_range_max': 2, 'max_df': 0.8072276763192358, 'min_df': 0.013605511747215984, 'dual': False, 'max_iter': 1874}. Best is trial 244 with value: 0.6395788102398858.
[I 2023-04-16 21:27:14,688] Trial 339 finished with value: 0.5734166483053048 and parameters: {'svc_c': 189.76177249801327, 'ngram_range_max': 2, 'max_df': 0.8716411840167836, 'min_df': 0.029947952058072498, 'dual': False, 'max_iter': 4991}. Best is trial 244 with value: 0.6395788102398858.
[I 2023-04-16 21:27:16,739] Trial 340 finished with value: 0.6219273079530192 and parameters: {'svc_c': 75.94686986452747, 'ngram_range_max': 2, 'max_df': 0.8246273647903261, 'min_df': 0.006865212755247767, 'dual': False, 'max_iter': 4216}. Best is trial 244 with value: 0.6395788102398858.
[I 2023-04-16 21:27:19,412] Trial 341 finished with value: 0.6208019435910894 and parameters: {'svc_c': 60035.448968321856, 'ngram_range_max': 3, 'max_df': 0.858804255898774, 'min_df': 0.008184581854871623, 'dual': False, 'max_iter': 3033}. Best is trial 244 with value: 0.6395788102398858.
[I 2023-04-16 21:27:21,112] Trial 342 finished with value: 0.6184332577359809 and parameters: {'svc_c': 0.05723956003642781, 'ngram_range_max': 2, 'max_df': 0.7994087051272453, 'min_df': 0.011159563042272287, 'dual': False, 'max_iter': 3822}. Best is trial 244 with value: 0.6395788102398858.
[I 2023-04-16 21:27:22,711] Trial 343 finished with value: 0.6034473690858287 and parameters: {'svc_c': 922018.5076852901, 'ngram_range_max': 2, 'max_df': 0.7111917938905904, 'min_df': 0.01632703178950931, 'dual': False, 'max_iter': 4048}. Best is trial 244 with value: 0.6395788102398858.
[I 2023-04-16 21:27:26,315] Trial 344 finished with value: 0.6308124236015309 and parameters: {'svc_c': 9549591235.318562, 'ngram_range_max': 2, 'max_df': 0.7753397737558644, 'min_df': 0.005057649517908826, 'dual': False, 'max_iter': 4477}. Best is trial 244 with value: 0.6395788102398858.
[I 2023-04-16 21:27:28,398] Trial 345 finished with value: 0.6227561655582019 and parameters: {'svc_c': 65130378.08957489, 'ngram_range_max': 2, 'max_df': 0.829696398045971, 'min_df': 0.006708326457381612, 'dual': False, 'max_iter': 4725}. Best is trial 244 with value: 0.6395788102398858.
[I 2023-04-16 21:27:29,716] Trial 346 finished with value: 0.5743649190860391 and parameters: {'svc_c': 322911546.07529384, 'ngram_range_max': 2, 'max_df': 0.8194774950280581, 'min_df': 0.03811036729387707, 'dual': False, 'max_iter': 3570}. Best is trial 244 with value: 0.6395788102398858.
[I 2023-04-16 21:27:31,018] Trial 347 finished with value: 0.5268609123328005 and parameters: {'svc_c': 1329926289.6504517, 'ngram_range_max': 2, 'max_df': 0.8501375755481583, 'min_df': 0.05742415706860669, 'dual': False, 'max_iter': 4340}. Best is trial 244 with value: 0.6395788102398858.
[I 2023-04-16 21:27:34,589] Trial 348 finished with value: 0.6321751582702615 and parameters: {'svc_c': 4193048775.0128355, 'ngram_range_max': 3, 'max_df': 0.810497293001974, 'min_df': 0.0050228421752042465, 'dual': False, 'max_iter': 2254}. Best is trial 244 with value: 0.6395788102398858.
[I 2023-04-16 21:27:37,376] Trial 349 finished with value: 0.6226384013966799 and parameters: {'svc_c': 4712533234.996317, 'ngram_range_max': 3, 'max_df': 0.8060948743539348, 'min_df': 0.009138326172955742, 'dual': False, 'max_iter': 3328}. Best is trial 244 with value: 0.6395788102398858.
[I 2023-04-16 21:27:39,412] Trial 350 finished with value: 0.49552820726211744 and parameters: {'svc_c': 3787024625.9390316, 'ngram_range_max': 3, 'max_df': 0.7940552935085707, 'min_df': 0.07652636415828923, 'dual': False, 'max_iter': 2871}. Best is trial 244 with value: 0.6395788102398858.
[I 2023-04-16 21:27:41,755] Trial 351 finished with value: 0.5947992553473666 and parameters: {'svc_c': 681162485.0839525, 'ngram_range_max': 3, 'max_df': 0.9586580060509619, 'min_df': 0.01893341742097021, 'dual': False, 'max_iter': 2327}. Best is trial 244 with value: 0.6395788102398858.
[I 2023-04-16 21:27:44,844] Trial 352 finished with value: 0.6222826003056641 and parameters: {'svc_c': 1498470495.6403656, 'ngram_range_max': 3, 'max_df': 0.8118097522425848, 'min_df': 0.00685788689711354, 'dual': False, 'max_iter': 2254}. Best is trial 244 with value: 0.6395788102398858.
[I 2023-04-16 21:27:48,412] Trial 353 finished with value: 0.6309310298127703 and parameters: {'svc_c': 4991.327755327735, 'ngram_range_max': 3, 'max_df': 0.8373774801232243, 'min_df': 0.005076005751796745, 'dual': False, 'max_iter': 2063}. Best is trial 244 with value: 0.6395788102398858.
D:\vkr_folder\venv\lib\site-packages\sklearn\svm\_base.py:1244: ConvergenceWarning: Liblinear failed to converge, increase the number of iterations.
  warnings.warn(
D:\vkr_folder\venv\lib\site-packages\sklearn\svm\_base.py:1244: ConvergenceWarning: Liblinear failed to converge, increase the number of iterations.
  warnings.warn(
D:\vkr_folder\venv\lib\site-packages\sklearn\svm\_base.py:1244: ConvergenceWarning: Liblinear failed to converge, increase the number of iterations.
  warnings.warn(
D:\vkr_folder\venv\lib\site-packages\sklearn\svm\_base.py:1244: ConvergenceWarning: Liblinear failed to converge, increase the number of iterations.
  warnings.warn(
D:\vkr_folder\venv\lib\site-packages\sklearn\svm\_base.py:1244: ConvergenceWarning: Liblinear failed to converge, increase the number of iterations.
  warnings.warn(
[I 2023-04-16 21:27:55,280] Trial 354 finished with value: 0.5390644582041606 and parameters: {'svc_c': 134970240.17452902, 'ngram_range_max': 3, 'max_df': 0.8014643041376827, 'min_df': 0.00828908725953131, 'dual': True, 'max_iter': 2035}. Best is trial 244 with value: 0.6395788102398858.
[I 2023-04-16 21:27:57,776] Trial 355 finished with value: 0.5756082230365156 and parameters: {'svc_c': 0.6726372012986525, 'ngram_range_max': 3, 'max_df': 0.717628889514123, 'min_df': 0.027493176198402764, 'dual': False, 'max_iter': 3416}. Best is trial 244 with value: 0.6395788102398858.
[I 2023-04-16 21:27:59,461] Trial 356 finished with value: 0.6215133177179891 and parameters: {'svc_c': 0.003810415670325735, 'ngram_range_max': 2, 'max_df': 0.7717372236650991, 'min_df': 0.009779682644223095, 'dual': False, 'max_iter': 1926}. Best is trial 244 with value: 0.6395788102398858.
[I 2023-04-16 21:28:01,619] Trial 357 finished with value: 0.5371671973918913 and parameters: {'svc_c': 3174233208.8399706, 'ngram_range_max': 3, 'max_df': 0.7579280523018845, 'min_df': 0.0499757414575115, 'dual': False, 'max_iter': 1595}. Best is trial 244 with value: 0.6395788102398858.
[I 2023-04-16 21:28:04,419] Trial 358 finished with value: 0.6170705055245478 and parameters: {'svc_c': 0.0004254732652749919, 'ngram_range_max': 3, 'max_df': 0.7829898209885474, 'min_df': 0.006850251759015194, 'dual': False, 'max_iter': 2379}. Best is trial 244 with value: 0.6395788102398858.
[I 2023-04-16 21:28:05,403] Trial 359 finished with value: 0.6120361183192127 and parameters: {'svc_c': 326126386.6365482, 'ngram_range_max': 1, 'max_df': 0.8150879560213528, 'min_df': 0.01224680883228024, 'dual': False, 'max_iter': 3008}. Best is trial 244 with value: 0.6395788102398858.
[I 2023-04-16 21:28:08,422] Trial 360 finished with value: 0.6321158814786954 and parameters: {'svc_c': 14126900.738096181, 'ngram_range_max': 2, 'max_df': 0.8255206027462314, 'min_df': 0.005009270913779464, 'dual': False, 'max_iter': 2250}. Best is trial 244 with value: 0.6395788102398858.
[I 2023-04-16 21:28:10,342] Trial 361 finished with value: 0.5305920170879956 and parameters: {'svc_c': 9598739.963176986, 'ngram_range_max': 3, 'max_df': 0.8952155489973067, 'min_df': 0.05606813936961404, 'dual': False, 'max_iter': 2112}. Best is trial 244 with value: 0.6395788102398858.
[I 2023-04-16 21:28:11,577] Trial 362 finished with value: 0.5431501536039027 and parameters: {'svc_c': 5143927.6785372235, 'ngram_range_max': 2, 'max_df': 0.7512034869163329, 'min_df': 0.04581584152995026, 'dual': False, 'max_iter': 2166}. Best is trial 244 with value: 0.6395788102398858.
[I 2023-04-16 21:28:12,824] Trial 363 finished with value: 0.5307699351762059 and parameters: {'svc_c': 1641883.3971386617, 'ngram_range_max': 2, 'max_df': 0.7400540766881728, 'min_df': 0.05392608121244948, 'dual': False, 'max_iter': 2419}. Best is trial 244 with value: 0.6395788102398858.
[I 2023-04-16 21:28:14,752] Trial 364 finished with value: 0.6226975553893287 and parameters: {'svc_c': 18319913.23659615, 'ngram_range_max': 2, 'max_df': 0.8435238810732243, 'min_df': 0.008032067947742964, 'dual': False, 'max_iter': 2506}. Best is trial 244 with value: 0.6395788102398858.
[I 2023-04-16 21:28:16,096] Trial 365 finished with value: 0.5725879310417419 and parameters: {'svc_c': 39828361.00224859, 'ngram_range_max': 2, 'max_df': 0.8090320165181274, 'min_df': 0.034422071145364774, 'dual': False, 'max_iter': 2175}. Best is trial 244 with value: 0.6395788102398858.
[I 2023-04-16 21:28:17,979] Trial 366 finished with value: 0.5724695353429318 and parameters: {'svc_c': 2745195.964481271, 'ngram_range_max': 3, 'max_df': 0.789549624932924, 'min_df': 0.03326882946575964, 'dual': False, 'max_iter': 2423}. Best is trial 244 with value: 0.6395788102398858.
[I 2023-04-16 21:28:20,566] Trial 367 finished with value: 0.632115863935993 and parameters: {'svc_c': 20227.426012070016, 'ngram_range_max': 2, 'max_df': 0.8223531260036531, 'min_df': 0.0050272895087102535, 'dual': False, 'max_iter': 2240}. Best is trial 244 with value: 0.6395788102398858.
[I 2023-04-16 21:28:23,841] Trial 368 finished with value: 0.6308124236015309 and parameters: {'svc_c': 39423.386331178874, 'ngram_range_max': 2, 'max_df': 0.8256301811737352, 'min_df': 0.005062512077361622, 'dual': False, 'max_iter': 2335}. Best is trial 244 with value: 0.6395788102398858.
[I 2023-04-16 21:28:25,342] Trial 369 finished with value: 0.6183742791703565 and parameters: {'svc_c': 0.23795715949901006, 'ngram_range_max': 2, 'max_df': 0.8323081952596988, 'min_df': 0.010202892386590067, 'dual': False, 'max_iter': 2325}. Best is trial 244 with value: 0.6395788102398858.
[I 2023-04-16 21:28:27,006] Trial 370 finished with value: 0.5637036223575427 and parameters: {'svc_c': 1.0283410128406918e-10, 'ngram_range_max': 2, 'max_df': 0.8212542648168343, 'min_df': 0.00688140672488587, 'dual': False, 'max_iter': 2243}. Best is trial 244 with value: 0.6395788102398858.
[I 2023-04-16 21:28:28,493] Trial 371 finished with value: 0.5935551970606852 and parameters: {'svc_c': 1344.7529405053542, 'ngram_range_max': 2, 'max_df': 0.7299733646654064, 'min_df': 0.02083378274398679, 'dual': False, 'max_iter': 2889}. Best is trial 244 with value: 0.6395788102398858.
[I 2023-04-16 21:28:30,973] Trial 372 finished with value: 0.6208019435910894 and parameters: {'svc_c': 34225.64335810982, 'ngram_range_max': 3, 'max_df': 0.7362304487209511, 'min_df': 0.00817661013852772, 'dual': False, 'max_iter': 2254}. Best is trial 244 with value: 0.6395788102398858.
[I 2023-04-16 21:28:32,776] Trial 373 finished with value: 0.6239407716262928 and parameters: {'svc_c': 165695.05391725365, 'ngram_range_max': 2, 'max_df': 0.7785452687065358, 'min_df': 0.006657384369333823, 'dual': False, 'max_iter': 2543}. Best is trial 244 with value: 0.6395788102398858.
[I 2023-04-16 21:28:34,647] Trial 374 finished with value: 0.6227561655582019 and parameters: {'svc_c': 15576175.024340028, 'ngram_range_max': 2, 'max_df': 0.8285249169176042, 'min_df': 0.006723633458016797, 'dual': False, 'max_iter': 2202}. Best is trial 244 with value: 0.6395788102398858.
D:\vkr_folder\venv\lib\site-packages\sklearn\svm\_base.py:1244: ConvergenceWarning: Liblinear failed to converge, increase the number of iterations.
  warnings.warn(
D:\vkr_folder\venv\lib\site-packages\sklearn\svm\_base.py:1244: ConvergenceWarning: Liblinear failed to converge, increase the number of iterations.
  warnings.warn(
D:\vkr_folder\venv\lib\site-packages\sklearn\svm\_base.py:1244: ConvergenceWarning: Liblinear failed to converge, increase the number of iterations.
  warnings.warn(
D:\vkr_folder\venv\lib\site-packages\sklearn\svm\_base.py:1244: ConvergenceWarning: Liblinear failed to converge, increase the number of iterations.
  warnings.warn(
D:\vkr_folder\venv\lib\site-packages\sklearn\svm\_base.py:1244: ConvergenceWarning: Liblinear failed to converge, increase the number of iterations.
  warnings.warn(
[I 2023-04-16 21:28:43,353] Trial 375 finished with value: 0.582182999858255 and parameters: {'svc_c': 12975.145806956876, 'ngram_range_max': 2, 'max_df': 0.8342939893434822, 'min_df': 0.005002855037311006, 'dual': True, 'max_iter': 3665}. Best is trial 244 with value: 0.6395788102398858.
[I 2023-04-16 21:28:44,485] Trial 376 finished with value: 0.5109282264889193 and parameters: {'svc_c': 10834.420013702056, 'ngram_range_max': 2, 'max_df': 0.7628549227220421, 'min_df': 0.061282719202217444, 'dual': False, 'max_iter': 2272}. Best is trial 244 with value: 0.6395788102398858.
[I 2023-04-16 21:28:46,030] Trial 377 finished with value: 0.5984719429034155 and parameters: {'svc_c': 1.3000384825840804e-05, 'ngram_range_max': 2, 'max_df': 0.8172585591058329, 'min_df': 0.008936022744388426, 'dual': False, 'max_iter': 1964}. Best is trial 244 with value: 0.6395788102398858.
[I 2023-04-16 21:28:47,912] Trial 378 finished with value: 0.6325303453666916 and parameters: {'svc_c': 1.20992706655171, 'ngram_range_max': 2, 'max_df': 0.8394922242770957, 'min_df': 0.00500131367388929, 'dual': False, 'max_iter': 1798}. Best is trial 244 with value: 0.6395788102398858.
[I 2023-04-16 21:28:49,198] Trial 379 finished with value: 0.5737720283714618 and parameters: {'svc_c': 1.8709639877000173, 'ngram_range_max': 2, 'max_df': 0.8404690089493553, 'min_df': 0.03994358707512929, 'dual': False, 'max_iter': 1618}. Best is trial 244 with value: 0.6395788102398858.
[I 2023-04-16 21:28:51,366] Trial 380 finished with value: 0.6176631506412911 and parameters: {'svc_c': 1.3782752796084536, 'ngram_range_max': 3, 'max_df': 0.8370051762385242, 'min_df': 0.0111536802086457, 'dual': False, 'max_iter': 1872}. Best is trial 244 with value: 0.6395788102398858.
[I 2023-04-16 21:28:53,087] Trial 381 finished with value: 0.6225195145022012 and parameters: {'svc_c': 0.4321627045355934, 'ngram_range_max': 2, 'max_df': 0.8472709614190762, 'min_df': 0.006754185087678847, 'dual': False, 'max_iter': 1842}. Best is trial 244 with value: 0.6395788102398858.
[I 2023-04-16 21:28:54,561] Trial 382 finished with value: 0.6071793685188486 and parameters: {'svc_c': 6140.7150906559145, 'ngram_range_max': 2, 'max_df': 0.8220561850882516, 'min_df': 0.013298279694866187, 'dual': False, 'max_iter': 2202}. Best is trial 244 with value: 0.6395788102398858.
[I 2023-04-16 21:28:55,680] Trial 383 finished with value: 0.5109282264889193 and parameters: {'svc_c': 0.1515717168105184, 'ngram_range_max': 2, 'max_df': 0.9982661801070102, 'min_df': 0.06629536358125786, 'dual': False, 'max_iter': 1747}. Best is trial 244 with value: 0.6395788102398858.
[I 2023-04-16 21:28:57,405] Trial 384 finished with value: 0.6212166881623247 and parameters: {'svc_c': 4.31627932979755, 'ngram_range_max': 2, 'max_df': 0.8309237727783674, 'min_df': 0.008371652959839698, 'dual': False, 'max_iter': 3103}. Best is trial 244 with value: 0.6395788102398858.
[I 2023-04-16 21:28:59,457] Trial 385 finished with value: 0.592666922322317 and parameters: {'svc_c': 105967.7265510642, 'ngram_range_max': 3, 'max_df': 0.842452189828614, 'min_df': 0.021860403495284494, 'dual': False, 'max_iter': 1843}. Best is trial 244 with value: 0.6395788102398858.
[I 2023-04-16 21:29:00,925] Trial 386 finished with value: 0.5752526500006315 and parameters: {'svc_c': 11.452906777202223, 'ngram_range_max': 2, 'max_df': 0.8260780616212356, 'min_df': 0.02617211189440857, 'dual': False, 'max_iter': 2522}. Best is trial 244 with value: 0.6395788102398858.
[I 2023-04-16 21:29:03,319] Trial 387 finished with value: 0.6308124236015309 and parameters: {'svc_c': 329545.9418152729, 'ngram_range_max': 2, 'max_df': 0.91039870115806, 'min_df': 0.005087105316594978, 'dual': False, 'max_iter': 2420}. Best is trial 244 with value: 0.6395788102398858.
[I 2023-04-16 21:29:04,808] Trial 388 finished with value: 0.595865991997721 and parameters: {'svc_c': 0.057879474859271286, 'ngram_range_max': 2, 'max_df': 0.8621740610673008, 'min_df': 0.017493043549832565, 'dual': False, 'max_iter': 2672}. Best is trial 244 with value: 0.6395788102398858.
[I 2023-04-16 21:29:06,038] Trial 389 finished with value: 0.5683232299062377 and parameters: {'svc_c': 2896693.9991862862, 'ngram_range_max': 2, 'max_df': 0.8148310085805021, 'min_df': 0.042919860930969694, 'dual': False, 'max_iter': 2043}. Best is trial 244 with value: 0.6395788102398858.
[I 2023-04-16 21:29:06,674] Trial 390 finished with value: 0.5729429777965523 and parameters: {'svc_c': 0.6213261510453881, 'ngram_range_max': 1, 'max_df': 0.8517289484123729, 'min_df': 0.03224445363659287, 'dual': False, 'max_iter': 2881}. Best is trial 244 with value: 0.6395788102398858.
